[0.033s] Invoking command in '/home/iec/colcon_ws/src/LeGO-LOAM-SR/build/cloud_msgs': CMAKE_PREFIX_PATH=${CMAKE_PREFIX_PATH}:/opt/ros/galactic /usr/bin/cmake /home/iec/colcon_ws/src/LeGO-LOAM-SR/cloud_msgs -DCMAKE_INSTALL_PREFIX=/home/iec/colcon_ws/src/LeGO-LOAM-SR/install/cloud_msgs
[0.989s] -- The C compiler identification is GNU 9.4.0
[1.278s] -- The CXX compiler identification is GNU 9.4.0
[1.317s] -- Check for working C compiler: /usr/bin/cc
[1.522s] -- Check for working C compiler: /usr/bin/cc -- works
[1.523s] -- Detecting C compiler ABI info
[1.628s] -- Detecting C compiler ABI info - done
[1.641s] -- Detecting C compile features
[1.642s] -- Detecting C compile features - done
[1.645s] -- Check for working CXX compiler: /usr/bin/c++
[1.721s] -- Check for working CXX compiler: /usr/bin/c++ -- works
[1.721s] -- Detecting CXX compiler ABI info
[1.785s] -- Detecting CXX compiler ABI info - done
[1.792s] -- Detecting CXX compile features
[1.792s] -- Detecting CXX compile features - done
[1.911s] -- Found ament_cmake: 1.1.6 (/opt/ros/galactic/share/ament_cmake/cmake)
[1.995s] -- Found PythonInterp: /usr/bin/python3 (found suitable version "3.8.10", minimum required is "3") 
[1.995s] -- Using PYTHON_EXECUTABLE: /usr/bin/python3
[2.247s] -- Found std_msgs: 2.2.4 (/opt/ros/galactic/share/std_msgs/cmake)
[2.463s] -- Using all available rosidl_typesupport_c: rosidl_typesupport_fastrtps_c;rosidl_typesupport_introspection_c
[2.527s] -- Found rosidl_adapter: 2.2.3 (/opt/ros/galactic/share/rosidl_adapter/cmake)
[3.503s] -- Found OpenSSL: /usr/lib/x86_64-linux-gnu/libcrypto.so (found version "1.1.1f")  
[3.554s] -- Found FastRTPS: /opt/ros/galactic/include  
[3.697s] -- Using all available rosidl_typesupport_cpp: rosidl_typesupport_fastrtps_cpp;rosidl_typesupport_introspection_cpp
[3.819s] -- Found rosidl_default_generators: 1.1.1 (/opt/ros/galactic/share/rosidl_default_generators/cmake)
[3.888s] -- Found PythonInterp: /usr/bin/python3 (found version "3.8.10") 
[4.020s] -- Found ament_cmake_ros: 0.9.2 (/opt/ros/galactic/share/ament_cmake_ros/cmake)
[4.158s] -- Using all available rosidl_typesupport_c: rosidl_typesupport_fastrtps_c;rosidl_typesupport_introspection_c
[4.194s] -- Using all available rosidl_typesupport_cpp: rosidl_typesupport_fastrtps_cpp;rosidl_typesupport_introspection_cpp
[4.209s] -- Found PythonInterp: /usr/bin/python3 (found suitable version "3.8.10", minimum required is "3.5") 
[4.229s] -- Found python_cmake_module: 0.8.1 (/opt/ros/galactic/share/python_cmake_module/cmake)
[4.338s] -- Found PythonLibs: /usr/lib/x86_64-linux-gnu/libpython3.8.so (found suitable version "3.8.10", minimum required is "3.5") 
[4.338s] -- Using PYTHON_EXECUTABLE: /usr/bin/python3
[4.338s] -- Using PYTHON_INCLUDE_DIRS: /usr/include/python3.8
[4.338s] -- Using PYTHON_LIBRARIES: /usr/lib/x86_64-linux-gnu/libpython3.8.so
[4.366s] -- Found PythonExtra: .so  
[4.621s] -- Configuring done
[4.699s] -- Generating done
[4.700s] -- Build files have been written to: /home/iec/colcon_ws/src/LeGO-LOAM-SR/build/cloud_msgs
[4.706s] Invoked command in '/home/iec/colcon_ws/src/LeGO-LOAM-SR/build/cloud_msgs' returned '0': CMAKE_PREFIX_PATH=${CMAKE_PREFIX_PATH}:/opt/ros/galactic /usr/bin/cmake /home/iec/colcon_ws/src/LeGO-LOAM-SR/cloud_msgs -DCMAKE_INSTALL_PREFIX=/home/iec/colcon_ws/src/LeGO-LOAM-SR/install/cloud_msgs
[4.708s] Invoking command in '/home/iec/colcon_ws/src/LeGO-LOAM-SR/build/cloud_msgs': CMAKE_PREFIX_PATH=${CMAKE_PREFIX_PATH}:/opt/ros/galactic /usr/bin/cmake --build /home/iec/colcon_ws/src/LeGO-LOAM-SR/build/cloud_msgs -- -j16 -l16
[4.734s] [35m[1mScanning dependencies of target cloud_msgs__cpp[0m
[4.735s] [  3%] [34m[1mGenerating C code for ROS interfaces[0m
[4.744s] [  6%] [34m[1mGenerating C++ code for ROS interfaces[0m
[4.924s] [  6%] Built target cloud_msgs__cpp
[4.929s] [35m[1mScanning dependencies of target cloud_msgs__rosidl_generator_c[0m
[4.931s] [  9%] [34m[1mGenerating C++ introspection for ROS interfaces[0m
[4.931s] [ 12%] [34m[1mGenerating C++ type support for eProsima Fast-RTPS[0m
[4.931s] [ 16%] [34m[1mGenerating C++ type support dispatch for ROS interfaces[0m
[4.985s] [ 19%] [32mBuilding C object CMakeFiles/cloud_msgs__rosidl_generator_c.dir/rosidl_generator_c/cloud_msgs/msg/detail/cloud_info__functions.c.o[0m
[5.106s] [35m[1mScanning dependencies of target cloud_msgs__rosidl_typesupport_cpp[0m
[5.119s] [35m[1mScanning dependencies of target cloud_msgs__rosidl_typesupport_introspection_cpp[0m
[5.119s] [35m[1mScanning dependencies of target cloud_msgs__rosidl_typesupport_fastrtps_cpp[0m
[5.157s] [ 25%] [32mBuilding CXX object CMakeFiles/cloud_msgs__rosidl_typesupport_introspection_cpp.dir/rosidl_typesupport_introspection_cpp/cloud_msgs/msg/detail/cloud_info__type_support.cpp.o[0m
[5.157s] [ 25%] [32mBuilding CXX object CMakeFiles/cloud_msgs__rosidl_typesupport_cpp.dir/rosidl_typesupport_cpp/cloud_msgs/msg/cloud_info__type_support.cpp.o[0m
[5.426s] [ 29%] [32mBuilding CXX object CMakeFiles/cloud_msgs__rosidl_typesupport_fastrtps_cpp.dir/rosidl_typesupport_fastrtps_cpp/cloud_msgs/msg/detail/dds_fastrtps/cloud_info__type_support.cpp.o[0m
[5.884s] [ 32%] [32m[1mLinking C shared library libcloud_msgs__rosidl_generator_c.so[0m
[5.930s] [ 32%] Built target cloud_msgs__rosidl_generator_c
[5.942s] [ 35%] [34m[1mGenerating C introspection for ROS interfaces[0m
[5.942s] [ 38%] [34m[1mGenerating C type support dispatch for ROS interfaces[0m
[6.174s] [35m[1mScanning dependencies of target cloud_msgs__rosidl_typesupport_c[0m
[6.183s] [ 41%] [32mBuilding CXX object CMakeFiles/cloud_msgs__rosidl_typesupport_c.dir/rosidl_typesupport_c/cloud_msgs/msg/cloud_info__type_support.cpp.o[0m
[6.191s] [35m[1mScanning dependencies of target cloud_msgs__rosidl_typesupport_introspection_c[0m
[6.237s] [ 45%] [32m[1mLinking CXX shared library libcloud_msgs__rosidl_typesupport_cpp.so[0m
[6.239s] [ 48%] [32mBuilding C object CMakeFiles/cloud_msgs__rosidl_typesupport_introspection_c.dir/rosidl_typesupport_introspection_c/cloud_msgs/msg/detail/cloud_info__type_support.c.o[0m
[6.239s] [ 51%] [32m[1mLinking CXX shared library libcloud_msgs__rosidl_typesupport_c.so[0m
[6.262s] [ 54%] [32m[1mLinking C shared library libcloud_msgs__rosidl_typesupport_introspection_c.so[0m
[6.263s] [ 54%] Built target cloud_msgs__rosidl_typesupport_cpp
[6.264s] [ 54%] Built target cloud_msgs__rosidl_typesupport_c
[6.282s] [ 54%] Built target cloud_msgs__rosidl_typesupport_introspection_c
[6.296s] [ 58%] [32m[1mLinking CXX shared library libcloud_msgs__rosidl_typesupport_introspection_cpp.so[0m
[6.340s] [ 58%] Built target cloud_msgs__rosidl_typesupport_introspection_cpp
[6.371s] [ 61%] [32m[1mLinking CXX shared library libcloud_msgs__rosidl_typesupport_fastrtps_cpp.so[0m
[6.568s] [ 61%] Built target cloud_msgs__rosidl_typesupport_fastrtps_cpp
[6.574s] [ 64%] [34m[1mGenerating C type support for eProsima Fast-RTPS[0m
[6.723s] [35m[1mScanning dependencies of target cloud_msgs__rosidl_typesupport_fastrtps_c[0m
[6.733s] [ 67%] [32mBuilding CXX object CMakeFiles/cloud_msgs__rosidl_typesupport_fastrtps_c.dir/rosidl_typesupport_fastrtps_c/cloud_msgs/msg/detail/cloud_info__type_support_c.cpp.o[0m
[6.936s] [ 70%] [32m[1mLinking CXX shared library libcloud_msgs__rosidl_typesupport_fastrtps_c.so[0m
[6.992s] [ 70%] Built target cloud_msgs__rosidl_typesupport_fastrtps_c
[7.000s] [35m[1mScanning dependencies of target cloud_msgs[0m
[7.009s] [ 70%] Built target cloud_msgs
[7.015s] [35m[1mScanning dependencies of target cloud_msgs__py[0m
[7.022s] [ 74%] [34m[1mGenerating Python code for ROS interfaces[0m
[7.325s] [ 74%] Built target cloud_msgs__py
[7.331s] [35m[1mScanning dependencies of target cloud_msgs__python[0m
[7.451s] [ 77%] [32mBuilding C object CMakeFiles/cloud_msgs__python.dir/rosidl_generator_py/cloud_msgs/msg/_cloud_info_s.c.o[0m
[7.702s] [ 80%] [32m[1mLinking C shared library rosidl_generator_py/cloud_msgs/libcloud_msgs__python.so[0m
[7.733s] [ 80%] Built target cloud_msgs__python
[7.742s] [35m[1mScanning dependencies of target cloud_msgs__rosidl_typesupport_c__pyext[0m
[7.742s] [35m[1mScanning dependencies of target cloud_msgs__rosidl_typesupport_fastrtps_c__pyext[0m
[7.742s] [35m[1mScanning dependencies of target cloud_msgs__rosidl_typesupport_introspection_c__pyext[0m
[7.754s] [ 83%] [32mBuilding C object CMakeFiles/cloud_msgs__rosidl_typesupport_c__pyext.dir/rosidl_generator_py/cloud_msgs/_cloud_msgs_s.ep.rosidl_typesupport_c.c.o[0m
[7.754s] [ 87%] [32mBuilding C object CMakeFiles/cloud_msgs__rosidl_typesupport_introspection_c__pyext.dir/rosidl_generator_py/cloud_msgs/_cloud_msgs_s.ep.rosidl_typesupport_introspection_c.c.o[0m
[7.754s] [ 90%] [32mBuilding C object CMakeFiles/cloud_msgs__rosidl_typesupport_fastrtps_c__pyext.dir/rosidl_generator_py/cloud_msgs/_cloud_msgs_s.ep.rosidl_typesupport_fastrtps_c.c.o[0m
[7.803s] [100%] [32m[1mLinking CXX shared library rosidl_generator_py/cloud_msgs/cloud_msgs_s__rosidl_typesupport_fastrtps_c.cpython-38-x86_64-linux-gnu.so[0m
[7.803s] [100%] [32m[1mLinking C shared library rosidl_generator_py/cloud_msgs/cloud_msgs_s__rosidl_typesupport_introspection_c.cpython-38-x86_64-linux-gnu.so[0m
[7.803s] [100%] [32m[1mLinking C shared library rosidl_generator_py/cloud_msgs/cloud_msgs_s__rosidl_typesupport_c.cpython-38-x86_64-linux-gnu.so[0m
[7.826s] [100%] Built target cloud_msgs__rosidl_typesupport_c__pyext
[7.826s] [100%] Built target cloud_msgs__rosidl_typesupport_introspection_c__pyext
[7.844s] [100%] Built target cloud_msgs__rosidl_typesupport_fastrtps_c__pyext
[7.851s] Invoked command in '/home/iec/colcon_ws/src/LeGO-LOAM-SR/build/cloud_msgs' returned '0': CMAKE_PREFIX_PATH=${CMAKE_PREFIX_PATH}:/opt/ros/galactic /usr/bin/cmake --build /home/iec/colcon_ws/src/LeGO-LOAM-SR/build/cloud_msgs -- -j16 -l16
[7.891s] Invoking command in '/home/iec/colcon_ws/src/LeGO-LOAM-SR/build/cloud_msgs': CMAKE_PREFIX_PATH=${CMAKE_PREFIX_PATH}:/opt/ros/galactic /usr/bin/cmake --install /home/iec/colcon_ws/src/LeGO-LOAM-SR/build/cloud_msgs
[7.896s] -- Install configuration: ""
[7.896s] -- Installing: /home/iec/colcon_ws/src/LeGO-LOAM-SR/install/cloud_msgs/share/ament_index/resource_index/rosidl_interfaces/cloud_msgs
[7.896s] -- Up-to-date: /home/iec/colcon_ws/src/LeGO-LOAM-SR/install/cloud_msgs/include/cloud_msgs
[7.896s] -- Up-to-date: /home/iec/colcon_ws/src/LeGO-LOAM-SR/install/cloud_msgs/include/cloud_msgs/msg
[7.896s] -- Up-to-date: /home/iec/colcon_ws/src/LeGO-LOAM-SR/install/cloud_msgs/include/cloud_msgs/msg/detail
[7.896s] -- Installing: /home/iec/colcon_ws/src/LeGO-LOAM-SR/install/cloud_msgs/include/cloud_msgs/msg/detail/cloud_info__functions.h
[7.896s] -- Installing: /home/iec/colcon_ws/src/LeGO-LOAM-SR/install/cloud_msgs/include/cloud_msgs/msg/detail/cloud_info__type_support.h
[7.896s] -- Installing: /home/iec/colcon_ws/src/LeGO-LOAM-SR/install/cloud_msgs/include/cloud_msgs/msg/detail/cloud_info__struct.h
[7.896s] -- Installing: /home/iec/colcon_ws/src/LeGO-LOAM-SR/install/cloud_msgs/include/cloud_msgs/msg/detail/cloud_info__functions.c
[7.896s] -- Installing: /home/iec/colcon_ws/src/LeGO-LOAM-SR/install/cloud_msgs/include/cloud_msgs/msg/cloud_info.h
[7.896s] -- Installing: /home/iec/colcon_ws/src/LeGO-LOAM-SR/install/cloud_msgs/include/cloud_msgs/msg/rosidl_generator_c__visibility_control.h
[7.896s] -- Installing: /home/iec/colcon_ws/src/LeGO-LOAM-SR/install/cloud_msgs/share/cloud_msgs/environment/library_path.sh
[7.896s] -- Installing: /home/iec/colcon_ws/src/LeGO-LOAM-SR/install/cloud_msgs/share/cloud_msgs/environment/library_path.dsv
[7.896s] -- Installing: /home/iec/colcon_ws/src/LeGO-LOAM-SR/install/cloud_msgs/lib/libcloud_msgs__rosidl_generator_c.so
[7.897s] -- Set runtime path of "/home/iec/colcon_ws/src/LeGO-LOAM-SR/install/cloud_msgs/lib/libcloud_msgs__rosidl_generator_c.so" to ""
[7.897s] -- Up-to-date: /home/iec/colcon_ws/src/LeGO-LOAM-SR/install/cloud_msgs/include/cloud_msgs
[7.897s] -- Up-to-date: /home/iec/colcon_ws/src/LeGO-LOAM-SR/install/cloud_msgs/include/cloud_msgs/msg
[7.897s] -- Installing: /home/iec/colcon_ws/src/LeGO-LOAM-SR/install/cloud_msgs/include/cloud_msgs/msg/rosidl_typesupport_fastrtps_c__visibility_control.h
[7.897s] -- Up-to-date: /home/iec/colcon_ws/src/LeGO-LOAM-SR/install/cloud_msgs/include/cloud_msgs/msg/detail
[7.897s] -- Installing: /home/iec/colcon_ws/src/LeGO-LOAM-SR/install/cloud_msgs/include/cloud_msgs/msg/detail/cloud_info__rosidl_typesupport_fastrtps_c.h
[7.897s] -- Installing: /home/iec/colcon_ws/src/LeGO-LOAM-SR/install/cloud_msgs/lib/libcloud_msgs__rosidl_typesupport_fastrtps_c.so
[7.897s] -- Set runtime path of "/home/iec/colcon_ws/src/LeGO-LOAM-SR/install/cloud_msgs/lib/libcloud_msgs__rosidl_typesupport_fastrtps_c.so" to ""
[7.897s] -- Up-to-date: /home/iec/colcon_ws/src/LeGO-LOAM-SR/install/cloud_msgs/include/cloud_msgs
[7.897s] -- Up-to-date: /home/iec/colcon_ws/src/LeGO-LOAM-SR/install/cloud_msgs/include/cloud_msgs/msg
[7.897s] -- Up-to-date: /home/iec/colcon_ws/src/LeGO-LOAM-SR/install/cloud_msgs/include/cloud_msgs/msg/detail
[7.897s] -- Up-to-date: /home/iec/colcon_ws/src/LeGO-LOAM-SR/install/cloud_msgs/include/cloud_msgs/msg/detail/dds_fastrtps
[7.897s] -- Installing: /home/iec/colcon_ws/src/LeGO-LOAM-SR/install/cloud_msgs/include/cloud_msgs/msg/detail/cloud_info__rosidl_typesupport_fastrtps_cpp.hpp
[7.897s] -- Installing: /home/iec/colcon_ws/src/LeGO-LOAM-SR/install/cloud_msgs/include/cloud_msgs/msg/rosidl_typesupport_fastrtps_cpp__visibility_control.h
[7.897s] -- Installing: /home/iec/colcon_ws/src/LeGO-LOAM-SR/install/cloud_msgs/lib/libcloud_msgs__rosidl_typesupport_fastrtps_cpp.so
[7.897s] -- Set runtime path of "/home/iec/colcon_ws/src/LeGO-LOAM-SR/install/cloud_msgs/lib/libcloud_msgs__rosidl_typesupport_fastrtps_cpp.so" to ""
[7.897s] -- Up-to-date: /home/iec/colcon_ws/src/LeGO-LOAM-SR/install/cloud_msgs/include/cloud_msgs
[7.897s] -- Up-to-date: /home/iec/colcon_ws/src/LeGO-LOAM-SR/install/cloud_msgs/include/cloud_msgs/msg
[7.898s] -- Installing: /home/iec/colcon_ws/src/LeGO-LOAM-SR/install/cloud_msgs/include/cloud_msgs/msg/rosidl_typesupport_introspection_c__visibility_control.h
[7.898s] -- Up-to-date: /home/iec/colcon_ws/src/LeGO-LOAM-SR/install/cloud_msgs/include/cloud_msgs/msg/detail
[7.898s] -- Installing: /home/iec/colcon_ws/src/LeGO-LOAM-SR/install/cloud_msgs/include/cloud_msgs/msg/detail/cloud_info__rosidl_typesupport_introspection_c.h
[7.898s] -- Installing: /home/iec/colcon_ws/src/LeGO-LOAM-SR/install/cloud_msgs/include/cloud_msgs/msg/detail/cloud_info__type_support.c
[7.898s] -- Installing: /home/iec/colcon_ws/src/LeGO-LOAM-SR/install/cloud_msgs/lib/libcloud_msgs__rosidl_typesupport_introspection_c.so
[7.898s] -- Set runtime path of "/home/iec/colcon_ws/src/LeGO-LOAM-SR/install/cloud_msgs/lib/libcloud_msgs__rosidl_typesupport_introspection_c.so" to ""
[7.898s] -- Installing: /home/iec/colcon_ws/src/LeGO-LOAM-SR/install/cloud_msgs/lib/libcloud_msgs__rosidl_typesupport_c.so
[7.898s] -- Set runtime path of "/home/iec/colcon_ws/src/LeGO-LOAM-SR/install/cloud_msgs/lib/libcloud_msgs__rosidl_typesupport_c.so" to ""
[7.898s] -- Up-to-date: /home/iec/colcon_ws/src/LeGO-LOAM-SR/install/cloud_msgs/include/cloud_msgs
[7.898s] -- Up-to-date: /home/iec/colcon_ws/src/LeGO-LOAM-SR/install/cloud_msgs/include/cloud_msgs/msg
[7.898s] -- Up-to-date: /home/iec/colcon_ws/src/LeGO-LOAM-SR/install/cloud_msgs/include/cloud_msgs/msg/detail
[7.898s] -- Installing: /home/iec/colcon_ws/src/LeGO-LOAM-SR/install/cloud_msgs/include/cloud_msgs/msg/detail/cloud_info__struct.hpp
[7.898s] -- Installing: /home/iec/colcon_ws/src/LeGO-LOAM-SR/install/cloud_msgs/include/cloud_msgs/msg/detail/cloud_info__builder.hpp
[7.898s] -- Installing: /home/iec/colcon_ws/src/LeGO-LOAM-SR/install/cloud_msgs/include/cloud_msgs/msg/detail/cloud_info__traits.hpp
[7.898s] -- Installing: /home/iec/colcon_ws/src/LeGO-LOAM-SR/install/cloud_msgs/include/cloud_msgs/msg/cloud_info.hpp
[7.898s] -- Up-to-date: /home/iec/colcon_ws/src/LeGO-LOAM-SR/install/cloud_msgs/include/cloud_msgs
[7.898s] -- Up-to-date: /home/iec/colcon_ws/src/LeGO-LOAM-SR/install/cloud_msgs/include/cloud_msgs/msg
[7.898s] -- Up-to-date: /home/iec/colcon_ws/src/LeGO-LOAM-SR/install/cloud_msgs/include/cloud_msgs/msg/detail
[7.898s] -- Installing: /home/iec/colcon_ws/src/LeGO-LOAM-SR/install/cloud_msgs/include/cloud_msgs/msg/detail/cloud_info__type_support.cpp
[7.898s] -- Installing: /home/iec/colcon_ws/src/LeGO-LOAM-SR/install/cloud_msgs/include/cloud_msgs/msg/detail/cloud_info__rosidl_typesupport_introspection_cpp.hpp
[7.899s] -- Installing: /home/iec/colcon_ws/src/LeGO-LOAM-SR/install/cloud_msgs/lib/libcloud_msgs__rosidl_typesupport_introspection_cpp.so
[7.899s] -- Set runtime path of "/home/iec/colcon_ws/src/LeGO-LOAM-SR/install/cloud_msgs/lib/libcloud_msgs__rosidl_typesupport_introspection_cpp.so" to ""
[7.899s] -- Installing: /home/iec/colcon_ws/src/LeGO-LOAM-SR/install/cloud_msgs/lib/libcloud_msgs__rosidl_typesupport_cpp.so
[7.899s] -- Set runtime path of "/home/iec/colcon_ws/src/LeGO-LOAM-SR/install/cloud_msgs/lib/libcloud_msgs__rosidl_typesupport_cpp.so" to ""
[7.899s] -- Installing: /home/iec/colcon_ws/src/LeGO-LOAM-SR/install/cloud_msgs/share/cloud_msgs/environment/pythonpath.sh
[7.899s] -- Installing: /home/iec/colcon_ws/src/LeGO-LOAM-SR/install/cloud_msgs/share/cloud_msgs/environment/pythonpath.dsv
[7.899s] -- Installing: /home/iec/colcon_ws/src/LeGO-LOAM-SR/install/cloud_msgs/lib/python3.8/site-packages/cloud_msgs/__init__.py
[7.947s] Compiling '/home/iec/colcon_ws/src/LeGO-LOAM-SR/install/cloud_msgs/lib/python3.8/site-packages/cloud_msgs/__init__.py'...
[7.950s] -- Installing: /home/iec/colcon_ws/src/LeGO-LOAM-SR/install/cloud_msgs/lib/python3.8/site-packages/cloud_msgs/msg
[7.950s] -- Installing: /home/iec/colcon_ws/src/LeGO-LOAM-SR/install/cloud_msgs/lib/python3.8/site-packages/cloud_msgs/msg/__init__.py
[7.950s] -- Installing: /home/iec/colcon_ws/src/LeGO-LOAM-SR/install/cloud_msgs/lib/python3.8/site-packages/cloud_msgs/msg/_cloud_info.py
[7.950s] -- Installing: /home/iec/colcon_ws/src/LeGO-LOAM-SR/install/cloud_msgs/lib/python3.8/site-packages/cloud_msgs/msg/_cloud_info_s.c
[7.950s] -- Installing: /home/iec/colcon_ws/src/LeGO-LOAM-SR/install/cloud_msgs/lib/python3.8/site-packages/cloud_msgs/cloud_msgs_s__rosidl_typesupport_fastrtps_c.cpython-38-x86_64-linux-gnu.so
[7.951s] -- Set runtime path of "/home/iec/colcon_ws/src/LeGO-LOAM-SR/install/cloud_msgs/lib/python3.8/site-packages/cloud_msgs/cloud_msgs_s__rosidl_typesupport_fastrtps_c.cpython-38-x86_64-linux-gnu.so" to ""
[7.951s] -- Installing: /home/iec/colcon_ws/src/LeGO-LOAM-SR/install/cloud_msgs/lib/python3.8/site-packages/cloud_msgs/cloud_msgs_s__rosidl_typesupport_introspection_c.cpython-38-x86_64-linux-gnu.so
[7.951s] -- Set runtime path of "/home/iec/colcon_ws/src/LeGO-LOAM-SR/install/cloud_msgs/lib/python3.8/site-packages/cloud_msgs/cloud_msgs_s__rosidl_typesupport_introspection_c.cpython-38-x86_64-linux-gnu.so" to ""
[7.951s] -- Installing: /home/iec/colcon_ws/src/LeGO-LOAM-SR/install/cloud_msgs/lib/python3.8/site-packages/cloud_msgs/cloud_msgs_s__rosidl_typesupport_c.cpython-38-x86_64-linux-gnu.so
[7.951s] -- Set runtime path of "/home/iec/colcon_ws/src/LeGO-LOAM-SR/install/cloud_msgs/lib/python3.8/site-packages/cloud_msgs/cloud_msgs_s__rosidl_typesupport_c.cpython-38-x86_64-linux-gnu.so" to ""
[7.952s] -- Installing: /home/iec/colcon_ws/src/LeGO-LOAM-SR/install/cloud_msgs/lib/libcloud_msgs__python.so
[7.952s] -- Set runtime path of "/home/iec/colcon_ws/src/LeGO-LOAM-SR/install/cloud_msgs/lib/libcloud_msgs__python.so" to ""
[7.952s] -- Installing: /home/iec/colcon_ws/src/LeGO-LOAM-SR/install/cloud_msgs/share/cloud_msgs/msg/CloudInfo.idl
[7.952s] -- Installing: /home/iec/colcon_ws/src/LeGO-LOAM-SR/install/cloud_msgs/share/cloud_msgs/msg/CloudInfo.msg
[7.952s] -- Installing: /home/iec/colcon_ws/src/LeGO-LOAM-SR/install/cloud_msgs/share/ament_index/resource_index/package_run_dependencies/cloud_msgs
[7.952s] -- Installing: /home/iec/colcon_ws/src/LeGO-LOAM-SR/install/cloud_msgs/share/ament_index/resource_index/parent_prefix_path/cloud_msgs
[7.952s] -- Installing: /home/iec/colcon_ws/src/LeGO-LOAM-SR/install/cloud_msgs/share/cloud_msgs/environment/ament_prefix_path.sh
[7.952s] -- Installing: /home/iec/colcon_ws/src/LeGO-LOAM-SR/install/cloud_msgs/share/cloud_msgs/environment/ament_prefix_path.dsv
[7.952s] -- Installing: /home/iec/colcon_ws/src/LeGO-LOAM-SR/install/cloud_msgs/share/cloud_msgs/environment/path.sh
[7.952s] -- Installing: /home/iec/colcon_ws/src/LeGO-LOAM-SR/install/cloud_msgs/share/cloud_msgs/environment/path.dsv
[7.952s] -- Installing: /home/iec/colcon_ws/src/LeGO-LOAM-SR/install/cloud_msgs/share/cloud_msgs/local_setup.bash
[7.952s] -- Installing: /home/iec/colcon_ws/src/LeGO-LOAM-SR/install/cloud_msgs/share/cloud_msgs/local_setup.sh
[7.952s] -- Installing: /home/iec/colcon_ws/src/LeGO-LOAM-SR/install/cloud_msgs/share/cloud_msgs/local_setup.zsh
[7.952s] -- Installing: /home/iec/colcon_ws/src/LeGO-LOAM-SR/install/cloud_msgs/share/cloud_msgs/local_setup.dsv
[7.953s] -- Installing: /home/iec/colcon_ws/src/LeGO-LOAM-SR/install/cloud_msgs/share/cloud_msgs/package.dsv
[7.953s] -- Installing: /home/iec/colcon_ws/src/LeGO-LOAM-SR/install/cloud_msgs/share/ament_index/resource_index/packages/cloud_msgs
[7.953s] -- Installing: /home/iec/colcon_ws/src/LeGO-LOAM-SR/install/cloud_msgs/share/cloud_msgs/cmake/cloud_msgs__rosidl_generator_cExport.cmake
[7.953s] -- Installing: /home/iec/colcon_ws/src/LeGO-LOAM-SR/install/cloud_msgs/share/cloud_msgs/cmake/cloud_msgs__rosidl_generator_cExport-noconfig.cmake
[7.953s] -- Installing: /home/iec/colcon_ws/src/LeGO-LOAM-SR/install/cloud_msgs/share/cloud_msgs/cmake/cloud_msgs__rosidl_typesupport_introspection_cExport.cmake
[7.953s] -- Installing: /home/iec/colcon_ws/src/LeGO-LOAM-SR/install/cloud_msgs/share/cloud_msgs/cmake/cloud_msgs__rosidl_typesupport_introspection_cExport-noconfig.cmake
[7.953s] -- Installing: /home/iec/colcon_ws/src/LeGO-LOAM-SR/install/cloud_msgs/share/cloud_msgs/cmake/cloud_msgs__rosidl_typesupport_cExport.cmake
[7.953s] -- Installing: /home/iec/colcon_ws/src/LeGO-LOAM-SR/install/cloud_msgs/share/cloud_msgs/cmake/cloud_msgs__rosidl_typesupport_cExport-noconfig.cmake
[7.953s] -- Installing: /home/iec/colcon_ws/src/LeGO-LOAM-SR/install/cloud_msgs/share/cloud_msgs/cmake/cloud_msgs__rosidl_generator_cppExport.cmake
[7.953s] -- Installing: /home/iec/colcon_ws/src/LeGO-LOAM-SR/install/cloud_msgs/share/cloud_msgs/cmake/cloud_msgs__rosidl_typesupport_introspection_cppExport.cmake
[7.953s] -- Installing: /home/iec/colcon_ws/src/LeGO-LOAM-SR/install/cloud_msgs/share/cloud_msgs/cmake/cloud_msgs__rosidl_typesupport_introspection_cppExport-noconfig.cmake
[7.953s] -- Installing: /home/iec/colcon_ws/src/LeGO-LOAM-SR/install/cloud_msgs/share/cloud_msgs/cmake/cloud_msgs__rosidl_typesupport_cppExport.cmake
[7.954s] -- Installing: /home/iec/colcon_ws/src/LeGO-LOAM-SR/install/cloud_msgs/share/cloud_msgs/cmake/cloud_msgs__rosidl_typesupport_cppExport-noconfig.cmake
[7.954s] -- Installing: /home/iec/colcon_ws/src/LeGO-LOAM-SR/install/cloud_msgs/share/cloud_msgs/cmake/rosidl_cmake-extras.cmake
[7.954s] -- Installing: /home/iec/colcon_ws/src/LeGO-LOAM-SR/install/cloud_msgs/share/cloud_msgs/cmake/ament_cmake_export_dependencies-extras.cmake
[7.954s] -- Installing: /home/iec/colcon_ws/src/LeGO-LOAM-SR/install/cloud_msgs/share/cloud_msgs/cmake/ament_cmake_export_libraries-extras.cmake
[7.954s] -- Installing: /home/iec/colcon_ws/src/LeGO-LOAM-SR/install/cloud_msgs/share/cloud_msgs/cmake/ament_cmake_export_targets-extras.cmake
[7.954s] -- Installing: /home/iec/colcon_ws/src/LeGO-LOAM-SR/install/cloud_msgs/share/cloud_msgs/cmake/ament_cmake_export_include_directories-extras.cmake
[7.954s] -- Installing: /home/iec/colcon_ws/src/LeGO-LOAM-SR/install/cloud_msgs/share/cloud_msgs/cmake/rosidl_cmake_export_typesupport_libraries-extras.cmake
[7.954s] -- Installing: /home/iec/colcon_ws/src/LeGO-LOAM-SR/install/cloud_msgs/share/cloud_msgs/cmake/rosidl_cmake_export_typesupport_targets-extras.cmake
[7.954s] -- Installing: /home/iec/colcon_ws/src/LeGO-LOAM-SR/install/cloud_msgs/share/cloud_msgs/cmake/cloud_msgsConfig.cmake
[7.954s] -- Installing: /home/iec/colcon_ws/src/LeGO-LOAM-SR/install/cloud_msgs/share/cloud_msgs/cmake/cloud_msgsConfig-version.cmake
[7.954s] -- Installing: /home/iec/colcon_ws/src/LeGO-LOAM-SR/install/cloud_msgs/share/cloud_msgs/package.xml
[7.956s] Invoked command in '/home/iec/colcon_ws/src/LeGO-LOAM-SR/build/cloud_msgs' returned '0': CMAKE_PREFIX_PATH=${CMAKE_PREFIX_PATH}:/opt/ros/galactic /usr/bin/cmake --install /home/iec/colcon_ws/src/LeGO-LOAM-SR/build/cloud_msgs
