-- Found ament_cmake: 1.1.6 (/opt/ros/galactic/share/ament_cmake/cmake)
-- Found PythonInterp: /usr/bin/python3 (found suitable version "3.8.10", minimum required is "3") 
-- Using PYTHON_EXECUTABLE: /usr/bin/python3
-- Found std_msgs: 2.2.4 (/opt/ros/galactic/share/std_msgs/cmake)
-- Using all available rosidl_typesupport_c: rosidl_typesupport_fastrtps_c;rosidl_typesupport_introspection_c
-- Found rosidl_adapter: 2.2.3 (/opt/ros/galactic/share/rosidl_adapter/cmake)
-- Using all available rosidl_typesupport_cpp: rosidl_typesupport_fastrtps_cpp;rosidl_typesupport_introspection_cpp
-- Found rosidl_default_generators: 1.1.1 (/opt/ros/galactic/share/rosidl_default_generators/cmake)
-- Found PythonInterp: /usr/bin/python3 (found version "3.8.10") 
-- Found ament_cmake_ros: 0.9.2 (/opt/ros/galactic/share/ament_cmake_ros/cmake)
-- Using all available rosidl_typesupport_c: rosidl_typesupport_fastrtps_c;rosidl_typesupport_introspection_c
-- Using all available rosidl_typesupport_cpp: rosidl_typesupport_fastrtps_cpp;rosidl_typesupport_introspection_cpp
-- Found PythonInterp: /usr/bin/python3 (found suitable version "3.8.10", minimum required is "3.5") 
-- Found python_cmake_module: 0.8.1 (/opt/ros/galactic/share/python_cmake_module/cmake)
-- Using PYTHON_EXECUTABLE: /usr/bin/python3
-- Using PYTHON_INCLUDE_DIRS: /usr/include/python3.8
-- Using PYTHON_LIBRARIES: /usr/lib/x86_64-linux-gnu/libpython3.8.so
-- Configuring done
-- Generating done
-- Build files have been written to: /home/iec/colcon_ws/src/LeGO-LOAM-SR/build/cloud_msgs
[35m[1mScanning dependencies of target cloud_msgs__rosidl_generator_c[0m
[  3%] Built target cloud_msgs__cpp
[  6%] [32mBuilding C object CMakeFiles/cloud_msgs__rosidl_generator_c.dir/rosidl_generator_c/cloud_msgs/msg/detail/cloud_info__functions.c.o[0m
[35m[1mScanning dependencies of target cloud_msgs__rosidl_typesupport_introspection_cpp[0m
[35m[1mScanning dependencies of target cloud_msgs__rosidl_typesupport_cpp[0m
[35m[1mScanning dependencies of target cloud_msgs__rosidl_typesupport_fastrtps_cpp[0m
[  9%] [32mBuilding CXX object CMakeFiles/cloud_msgs__rosidl_typesupport_introspection_cpp.dir/rosidl_typesupport_introspection_cpp/cloud_msgs/msg/detail/cloud_info__type_support.cpp.o[0m
[ 12%] [32mBuilding CXX object CMakeFiles/cloud_msgs__rosidl_typesupport_cpp.dir/rosidl_typesupport_cpp/cloud_msgs/msg/cloud_info__type_support.cpp.o[0m
[ 16%] [32mBuilding CXX object CMakeFiles/cloud_msgs__rosidl_typesupport_fastrtps_cpp.dir/rosidl_typesupport_fastrtps_cpp/cloud_msgs/msg/detail/dds_fastrtps/cloud_info__type_support.cpp.o[0m
[ 19%] [32m[1mLinking C shared library libcloud_msgs__rosidl_generator_c.so[0m
[ 22%] Built target cloud_msgs__rosidl_generator_c
[35m[1mScanning dependencies of target cloud_msgs__rosidl_typesupport_introspection_c[0m
[35m[1mScanning dependencies of target cloud_msgs__rosidl_typesupport_c[0m
[ 29%] [32mBuilding CXX object CMakeFiles/cloud_msgs__rosidl_typesupport_c.dir/rosidl_typesupport_c/cloud_msgs/msg/cloud_info__type_support.cpp.o[0m
[ 29%] [32mBuilding C object CMakeFiles/cloud_msgs__rosidl_typesupport_introspection_c.dir/rosidl_typesupport_introspection_c/cloud_msgs/msg/detail/cloud_info__type_support.c.o[0m
[ 32%] [32m[1mLinking CXX shared library libcloud_msgs__rosidl_typesupport_c.so[0m
[ 35%] [32m[1mLinking C shared library libcloud_msgs__rosidl_typesupport_introspection_c.so[0m
[ 38%] Built target cloud_msgs__rosidl_typesupport_introspection_c
[ 41%] Built target cloud_msgs__rosidl_typesupport_c
[ 45%] [32m[1mLinking CXX shared library libcloud_msgs__rosidl_typesupport_cpp.so[0m
[ 48%] Built target cloud_msgs__rosidl_typesupport_cpp
[ 51%] [32m[1mLinking CXX shared library libcloud_msgs__rosidl_typesupport_introspection_cpp.so[0m
[ 54%] Built target cloud_msgs__rosidl_typesupport_introspection_cpp
[ 58%] [32m[1mLinking CXX shared library libcloud_msgs__rosidl_typesupport_fastrtps_cpp.so[0m
[ 61%] Built target cloud_msgs__rosidl_typesupport_fastrtps_cpp
[35m[1mScanning dependencies of target cloud_msgs__rosidl_typesupport_fastrtps_c[0m
[ 64%] [32mBuilding CXX object CMakeFiles/cloud_msgs__rosidl_typesupport_fastrtps_c.dir/rosidl_typesupport_fastrtps_c/cloud_msgs/msg/detail/cloud_info__type_support_c.cpp.o[0m
[ 67%] [32m[1mLinking CXX shared library libcloud_msgs__rosidl_typesupport_fastrtps_c.so[0m
[ 70%] Built target cloud_msgs__rosidl_typesupport_fastrtps_c
[ 70%] Built target cloud_msgs
[ 74%] Built target cloud_msgs__py
[35m[1mScanning dependencies of target cloud_msgs__python[0m
[ 77%] [32mBuilding C object CMakeFiles/cloud_msgs__python.dir/rosidl_generator_py/cloud_msgs/msg/_cloud_info_s.c.o[0m
[ 80%] [32m[1mLinking C shared library rosidl_generator_py/cloud_msgs/libcloud_msgs__python.so[0m
[ 80%] Built target cloud_msgs__python
[35m[1mScanning dependencies of target cloud_msgs__rosidl_typesupport_c__pyext[0m
[35m[1mScanning dependencies of target cloud_msgs__rosidl_typesupport_introspection_c__pyext[0m
[35m[1mScanning dependencies of target cloud_msgs__rosidl_typesupport_fastrtps_c__pyext[0m
[ 87%] [32mBuilding C object CMakeFiles/cloud_msgs__rosidl_typesupport_c__pyext.dir/rosidl_generator_py/cloud_msgs/_cloud_msgs_s.ep.rosidl_typesupport_c.c.o[0m
[ 87%] [32mBuilding C object CMakeFiles/cloud_msgs__rosidl_typesupport_introspection_c__pyext.dir/rosidl_generator_py/cloud_msgs/_cloud_msgs_s.ep.rosidl_typesupport_introspection_c.c.o[0m
[ 90%] [32mBuilding C object CMakeFiles/cloud_msgs__rosidl_typesupport_fastrtps_c__pyext.dir/rosidl_generator_py/cloud_msgs/_cloud_msgs_s.ep.rosidl_typesupport_fastrtps_c.c.o[0m
[100%] [32m[1mLinking CXX shared library rosidl_generator_py/cloud_msgs/cloud_msgs_s__rosidl_typesupport_fastrtps_c.cpython-38-x86_64-linux-gnu.so[0m
[100%] [32m[1mLinking C shared library rosidl_generator_py/cloud_msgs/cloud_msgs_s__rosidl_typesupport_introspection_c.cpython-38-x86_64-linux-gnu.so[0m
[100%] [32m[1mLinking C shared library rosidl_generator_py/cloud_msgs/cloud_msgs_s__rosidl_typesupport_c.cpython-38-x86_64-linux-gnu.so[0m
[100%] Built target cloud_msgs__rosidl_typesupport_c__pyext
[100%] Built target cloud_msgs__rosidl_typesupport_introspection_c__pyext
[100%] Built target cloud_msgs__rosidl_typesupport_fastrtps_c__pyext
-- Install configuration: ""
-- Up-to-date: /home/iec/colcon_ws/src/LeGO-LOAM-SR/install/cloud_msgs/share/ament_index/resource_index/rosidl_interfaces/cloud_msgs
-- Up-to-date: /home/iec/colcon_ws/src/LeGO-LOAM-SR/install/cloud_msgs/include/cloud_msgs
-- Up-to-date: /home/iec/colcon_ws/src/LeGO-LOAM-SR/install/cloud_msgs/include/cloud_msgs/msg
-- Up-to-date: /home/iec/colcon_ws/src/LeGO-LOAM-SR/install/cloud_msgs/include/cloud_msgs/msg/detail
-- Up-to-date: /home/iec/colcon_ws/src/LeGO-LOAM-SR/install/cloud_msgs/include/cloud_msgs/msg/detail/cloud_info__functions.h
-- Up-to-date: /home/iec/colcon_ws/src/LeGO-LOAM-SR/install/cloud_msgs/include/cloud_msgs/msg/detail/cloud_info__type_support.h
-- Up-to-date: /home/iec/colcon_ws/src/LeGO-LOAM-SR/install/cloud_msgs/include/cloud_msgs/msg/detail/cloud_info__struct.h
-- Up-to-date: /home/iec/colcon_ws/src/LeGO-LOAM-SR/install/cloud_msgs/include/cloud_msgs/msg/detail/cloud_info__functions.c
-- Up-to-date: /home/iec/colcon_ws/src/LeGO-LOAM-SR/install/cloud_msgs/include/cloud_msgs/msg/cloud_info.h
-- Up-to-date: /home/iec/colcon_ws/src/LeGO-LOAM-SR/install/cloud_msgs/include/cloud_msgs/msg/rosidl_generator_c__visibility_control.h
-- Installing: /home/iec/colcon_ws/src/LeGO-LOAM-SR/install/cloud_msgs/share/cloud_msgs/environment/library_path.sh
-- Installing: /home/iec/colcon_ws/src/LeGO-LOAM-SR/install/cloud_msgs/share/cloud_msgs/environment/library_path.dsv
-- Installing: /home/iec/colcon_ws/src/LeGO-LOAM-SR/install/cloud_msgs/lib/libcloud_msgs__rosidl_generator_c.so
-- Set runtime path of "/home/iec/colcon_ws/src/LeGO-LOAM-SR/install/cloud_msgs/lib/libcloud_msgs__rosidl_generator_c.so" to ""
-- Up-to-date: /home/iec/colcon_ws/src/LeGO-LOAM-SR/install/cloud_msgs/include/cloud_msgs
-- Up-to-date: /home/iec/colcon_ws/src/LeGO-LOAM-SR/install/cloud_msgs/include/cloud_msgs/msg
-- Up-to-date: /home/iec/colcon_ws/src/LeGO-LOAM-SR/install/cloud_msgs/include/cloud_msgs/msg/rosidl_typesupport_fastrtps_c__visibility_control.h
-- Up-to-date: /home/iec/colcon_ws/src/LeGO-LOAM-SR/install/cloud_msgs/include/cloud_msgs/msg/detail
-- Up-to-date: /home/iec/colcon_ws/src/LeGO-LOAM-SR/install/cloud_msgs/include/cloud_msgs/msg/detail/cloud_info__rosidl_typesupport_fastrtps_c.h
-- Installing: /home/iec/colcon_ws/src/LeGO-LOAM-SR/install/cloud_msgs/lib/libcloud_msgs__rosidl_typesupport_fastrtps_c.so
-- Set runtime path of "/home/iec/colcon_ws/src/LeGO-LOAM-SR/install/cloud_msgs/lib/libcloud_msgs__rosidl_typesupport_fastrtps_c.so" to ""
-- Up-to-date: /home/iec/colcon_ws/src/LeGO-LOAM-SR/install/cloud_msgs/include/cloud_msgs
-- Up-to-date: /home/iec/colcon_ws/src/LeGO-LOAM-SR/install/cloud_msgs/include/cloud_msgs/msg
-- Up-to-date: /home/iec/colcon_ws/src/LeGO-LOAM-SR/install/cloud_msgs/include/cloud_msgs/msg/detail
-- Up-to-date: /home/iec/colcon_ws/src/LeGO-LOAM-SR/install/cloud_msgs/include/cloud_msgs/msg/detail/dds_fastrtps
-- Up-to-date: /home/iec/colcon_ws/src/LeGO-LOAM-SR/install/cloud_msgs/include/cloud_msgs/msg/detail/cloud_info__rosidl_typesupport_fastrtps_cpp.hpp
-- Up-to-date: /home/iec/colcon_ws/src/LeGO-LOAM-SR/install/cloud_msgs/include/cloud_msgs/msg/rosidl_typesupport_fastrtps_cpp__visibility_control.h
-- Installing: /home/iec/colcon_ws/src/LeGO-LOAM-SR/install/cloud_msgs/lib/libcloud_msgs__rosidl_typesupport_fastrtps_cpp.so
-- Set runtime path of "/home/iec/colcon_ws/src/LeGO-LOAM-SR/install/cloud_msgs/lib/libcloud_msgs__rosidl_typesupport_fastrtps_cpp.so" to ""
-- Up-to-date: /home/iec/colcon_ws/src/LeGO-LOAM-SR/install/cloud_msgs/include/cloud_msgs
-- Up-to-date: /home/iec/colcon_ws/src/LeGO-LOAM-SR/install/cloud_msgs/include/cloud_msgs/msg
-- Up-to-date: /home/iec/colcon_ws/src/LeGO-LOAM-SR/install/cloud_msgs/include/cloud_msgs/msg/rosidl_typesupport_introspection_c__visibility_control.h
-- Up-to-date: /home/iec/colcon_ws/src/LeGO-LOAM-SR/install/cloud_msgs/include/cloud_msgs/msg/detail
-- Up-to-date: /home/iec/colcon_ws/src/LeGO-LOAM-SR/install/cloud_msgs/include/cloud_msgs/msg/detail/cloud_info__rosidl_typesupport_introspection_c.h
-- Up-to-date: /home/iec/colcon_ws/src/LeGO-LOAM-SR/install/cloud_msgs/include/cloud_msgs/msg/detail/cloud_info__type_support.c
-- Installing: /home/iec/colcon_ws/src/LeGO-LOAM-SR/install/cloud_msgs/lib/libcloud_msgs__rosidl_typesupport_introspection_c.so
-- Set runtime path of "/home/iec/colcon_ws/src/LeGO-LOAM-SR/install/cloud_msgs/lib/libcloud_msgs__rosidl_typesupport_introspection_c.so" to ""
-- Installing: /home/iec/colcon_ws/src/LeGO-LOAM-SR/install/cloud_msgs/lib/libcloud_msgs__rosidl_typesupport_c.so
-- Set runtime path of "/home/iec/colcon_ws/src/LeGO-LOAM-SR/install/cloud_msgs/lib/libcloud_msgs__rosidl_typesupport_c.so" to ""
-- Up-to-date: /home/iec/colcon_ws/src/LeGO-LOAM-SR/install/cloud_msgs/include/cloud_msgs
-- Up-to-date: /home/iec/colcon_ws/src/LeGO-LOAM-SR/install/cloud_msgs/include/cloud_msgs/msg
-- Up-to-date: /home/iec/colcon_ws/src/LeGO-LOAM-SR/install/cloud_msgs/include/cloud_msgs/msg/detail
-- Up-to-date: /home/iec/colcon_ws/src/LeGO-LOAM-SR/install/cloud_msgs/include/cloud_msgs/msg/detail/cloud_info__struct.hpp
-- Up-to-date: /home/iec/colcon_ws/src/LeGO-LOAM-SR/install/cloud_msgs/include/cloud_msgs/msg/detail/cloud_info__builder.hpp
-- Up-to-date: /home/iec/colcon_ws/src/LeGO-LOAM-SR/install/cloud_msgs/include/cloud_msgs/msg/detail/cloud_info__traits.hpp
-- Up-to-date: /home/iec/colcon_ws/src/LeGO-LOAM-SR/install/cloud_msgs/include/cloud_msgs/msg/cloud_info.hpp
-- Up-to-date: /home/iec/colcon_ws/src/LeGO-LOAM-SR/install/cloud_msgs/include/cloud_msgs
-- Up-to-date: /home/iec/colcon_ws/src/LeGO-LOAM-SR/install/cloud_msgs/include/cloud_msgs/msg
-- Up-to-date: /home/iec/colcon_ws/src/LeGO-LOAM-SR/install/cloud_msgs/include/cloud_msgs/msg/detail
-- Up-to-date: /home/iec/colcon_ws/src/LeGO-LOAM-SR/install/cloud_msgs/include/cloud_msgs/msg/detail/cloud_info__type_support.cpp
-- Up-to-date: /home/iec/colcon_ws/src/LeGO-LOAM-SR/install/cloud_msgs/include/cloud_msgs/msg/detail/cloud_info__rosidl_typesupport_introspection_cpp.hpp
-- Installing: /home/iec/colcon_ws/src/LeGO-LOAM-SR/install/cloud_msgs/lib/libcloud_msgs__rosidl_typesupport_introspection_cpp.so
-- Set runtime path of "/home/iec/colcon_ws/src/LeGO-LOAM-SR/install/cloud_msgs/lib/libcloud_msgs__rosidl_typesupport_introspection_cpp.so" to ""
-- Installing: /home/iec/colcon_ws/src/LeGO-LOAM-SR/install/cloud_msgs/lib/libcloud_msgs__rosidl_typesupport_cpp.so
-- Set runtime path of "/home/iec/colcon_ws/src/LeGO-LOAM-SR/install/cloud_msgs/lib/libcloud_msgs__rosidl_typesupport_cpp.so" to ""
-- Up-to-date: /home/iec/colcon_ws/src/LeGO-LOAM-SR/install/cloud_msgs/share/cloud_msgs/environment/pythonpath.sh
-- Installing: /home/iec/colcon_ws/src/LeGO-LOAM-SR/install/cloud_msgs/share/cloud_msgs/environment/pythonpath.dsv
-- Installing: /home/iec/colcon_ws/src/LeGO-LOAM-SR/install/cloud_msgs/lib/python3.8/site-packages/cloud_msgs/__init__.py
Compiling '/home/iec/colcon_ws/src/LeGO-LOAM-SR/install/cloud_msgs/lib/python3.8/site-packages/cloud_msgs/__init__.py'...
-- Up-to-date: /home/iec/colcon_ws/src/LeGO-LOAM-SR/install/cloud_msgs/lib/python3.8/site-packages/cloud_msgs/msg
-- Up-to-date: /home/iec/colcon_ws/src/LeGO-LOAM-SR/install/cloud_msgs/lib/python3.8/site-packages/cloud_msgs/msg/__init__.py
-- Up-to-date: /home/iec/colcon_ws/src/LeGO-LOAM-SR/install/cloud_msgs/lib/python3.8/site-packages/cloud_msgs/msg/_cloud_info.py
-- Up-to-date: /home/iec/colcon_ws/src/LeGO-LOAM-SR/install/cloud_msgs/lib/python3.8/site-packages/cloud_msgs/msg/_cloud_info_s.c
-- Installing: /home/iec/colcon_ws/src/LeGO-LOAM-SR/install/cloud_msgs/lib/python3.8/site-packages/cloud_msgs/cloud_msgs_s__rosidl_typesupport_fastrtps_c.cpython-38-x86_64-linux-gnu.so
-- Set runtime path of "/home/iec/colcon_ws/src/LeGO-LOAM-SR/install/cloud_msgs/lib/python3.8/site-packages/cloud_msgs/cloud_msgs_s__rosidl_typesupport_fastrtps_c.cpython-38-x86_64-linux-gnu.so" to ""
-- Installing: /home/iec/colcon_ws/src/LeGO-LOAM-SR/install/cloud_msgs/lib/python3.8/site-packages/cloud_msgs/cloud_msgs_s__rosidl_typesupport_introspection_c.cpython-38-x86_64-linux-gnu.so
-- Set runtime path of "/home/iec/colcon_ws/src/LeGO-LOAM-SR/install/cloud_msgs/lib/python3.8/site-packages/cloud_msgs/cloud_msgs_s__rosidl_typesupport_introspection_c.cpython-38-x86_64-linux-gnu.so" to ""
-- Installing: /home/iec/colcon_ws/src/LeGO-LOAM-SR/install/cloud_msgs/lib/python3.8/site-packages/cloud_msgs/cloud_msgs_s__rosidl_typesupport_c.cpython-38-x86_64-linux-gnu.so
-- Set runtime path of "/home/iec/colcon_ws/src/LeGO-LOAM-SR/install/cloud_msgs/lib/python3.8/site-packages/cloud_msgs/cloud_msgs_s__rosidl_typesupport_c.cpython-38-x86_64-linux-gnu.so" to ""
-- Installing: /home/iec/colcon_ws/src/LeGO-LOAM-SR/install/cloud_msgs/lib/libcloud_msgs__python.so
-- Set runtime path of "/home/iec/colcon_ws/src/LeGO-LOAM-SR/install/cloud_msgs/lib/libcloud_msgs__python.so" to ""
-- Up-to-date: /home/iec/colcon_ws/src/LeGO-LOAM-SR/install/cloud_msgs/share/cloud_msgs/msg/CloudInfo.idl
-- Installing: /home/iec/colcon_ws/src/LeGO-LOAM-SR/install/cloud_msgs/share/cloud_msgs/msg/CloudInfo.msg
-- Up-to-date: /home/iec/colcon_ws/src/LeGO-LOAM-SR/install/cloud_msgs/share/ament_index/resource_index/package_run_dependencies/cloud_msgs
-- Installing: /home/iec/colcon_ws/src/LeGO-LOAM-SR/install/cloud_msgs/share/ament_index/resource_index/parent_prefix_path/cloud_msgs
-- Installing: /home/iec/colcon_ws/src/LeGO-LOAM-SR/install/cloud_msgs/share/cloud_msgs/environment/ament_prefix_path.sh
-- Installing: /home/iec/colcon_ws/src/LeGO-LOAM-SR/install/cloud_msgs/share/cloud_msgs/environment/ament_prefix_path.dsv
-- Installing: /home/iec/colcon_ws/src/LeGO-LOAM-SR/install/cloud_msgs/share/cloud_msgs/environment/path.sh
-- Installing: /home/iec/colcon_ws/src/LeGO-LOAM-SR/install/cloud_msgs/share/cloud_msgs/environment/path.dsv
-- Up-to-date: /home/iec/colcon_ws/src/LeGO-LOAM-SR/install/cloud_msgs/share/cloud_msgs/local_setup.bash
-- Up-to-date: /home/iec/colcon_ws/src/LeGO-LOAM-SR/install/cloud_msgs/share/cloud_msgs/local_setup.sh
-- Up-to-date: /home/iec/colcon_ws/src/LeGO-LOAM-SR/install/cloud_msgs/share/cloud_msgs/local_setup.zsh
-- Installing: /home/iec/colcon_ws/src/LeGO-LOAM-SR/install/cloud_msgs/share/cloud_msgs/local_setup.dsv
-- Installing: /home/iec/colcon_ws/src/LeGO-LOAM-SR/install/cloud_msgs/share/cloud_msgs/package.dsv
-- Up-to-date: /home/iec/colcon_ws/src/LeGO-LOAM-SR/install/cloud_msgs/share/ament_index/resource_index/packages/cloud_msgs
-- Up-to-date: /home/iec/colcon_ws/src/LeGO-LOAM-SR/install/cloud_msgs/share/cloud_msgs/cmake/cloud_msgs__rosidl_generator_cExport.cmake
-- Installing: /home/iec/colcon_ws/src/LeGO-LOAM-SR/install/cloud_msgs/share/cloud_msgs/cmake/cloud_msgs__rosidl_generator_cExport-noconfig.cmake
-- Up-to-date: /home/iec/colcon_ws/src/LeGO-LOAM-SR/install/cloud_msgs/share/cloud_msgs/cmake/cloud_msgs__rosidl_typesupport_introspection_cExport.cmake
-- Installing: /home/iec/colcon_ws/src/LeGO-LOAM-SR/install/cloud_msgs/share/cloud_msgs/cmake/cloud_msgs__rosidl_typesupport_introspection_cExport-noconfig.cmake
-- Up-to-date: /home/iec/colcon_ws/src/LeGO-LOAM-SR/install/cloud_msgs/share/cloud_msgs/cmake/cloud_msgs__rosidl_typesupport_cExport.cmake
-- Installing: /home/iec/colcon_ws/src/LeGO-LOAM-SR/install/cloud_msgs/share/cloud_msgs/cmake/cloud_msgs__rosidl_typesupport_cExport-noconfig.cmake
-- Up-to-date: /home/iec/colcon_ws/src/LeGO-LOAM-SR/install/cloud_msgs/share/cloud_msgs/cmake/cloud_msgs__rosidl_generator_cppExport.cmake
-- Up-to-date: /home/iec/colcon_ws/src/LeGO-LOAM-SR/install/cloud_msgs/share/cloud_msgs/cmake/cloud_msgs__rosidl_typesupport_introspection_cppExport.cmake
-- Installing: /home/iec/colcon_ws/src/LeGO-LOAM-SR/install/cloud_msgs/share/cloud_msgs/cmake/cloud_msgs__rosidl_typesupport_introspection_cppExport-noconfig.cmake
-- Up-to-date: /home/iec/colcon_ws/src/LeGO-LOAM-SR/install/cloud_msgs/share/cloud_msgs/cmake/cloud_msgs__rosidl_typesupport_cppExport.cmake
-- Installing: /home/iec/colcon_ws/src/LeGO-LOAM-SR/install/cloud_msgs/share/cloud_msgs/cmake/cloud_msgs__rosidl_typesupport_cppExport-noconfig.cmake
-- Up-to-date: /home/iec/colcon_ws/src/LeGO-LOAM-SR/install/cloud_msgs/share/cloud_msgs/cmake/rosidl_cmake-extras.cmake
-- Up-to-date: /home/iec/colcon_ws/src/LeGO-LOAM-SR/install/cloud_msgs/share/cloud_msgs/cmake/ament_cmake_export_dependencies-extras.cmake
-- Up-to-date: /home/iec/colcon_ws/src/LeGO-LOAM-SR/install/cloud_msgs/share/cloud_msgs/cmake/ament_cmake_export_libraries-extras.cmake
-- Up-to-date: /home/iec/colcon_ws/src/LeGO-LOAM-SR/install/cloud_msgs/share/cloud_msgs/cmake/ament_cmake_export_targets-extras.cmake
-- Up-to-date: /home/iec/colcon_ws/src/LeGO-LOAM-SR/install/cloud_msgs/share/cloud_msgs/cmake/ament_cmake_export_include_directories-extras.cmake
-- Up-to-date: /home/iec/colcon_ws/src/LeGO-LOAM-SR/install/cloud_msgs/share/cloud_msgs/cmake/rosidl_cmake_export_typesupport_libraries-extras.cmake
-- Up-to-date: /home/iec/colcon_ws/src/LeGO-LOAM-SR/install/cloud_msgs/share/cloud_msgs/cmake/rosidl_cmake_export_typesupport_targets-extras.cmake
-- Up-to-date: /home/iec/colcon_ws/src/LeGO-LOAM-SR/install/cloud_msgs/share/cloud_msgs/cmake/cloud_msgsConfig.cmake
-- Up-to-date: /home/iec/colcon_ws/src/LeGO-LOAM-SR/install/cloud_msgs/share/cloud_msgs/cmake/cloud_msgsConfig-version.cmake
-- Installing: /home/iec/colcon_ws/src/LeGO-LOAM-SR/install/cloud_msgs/share/cloud_msgs/package.xml
