[0.237s] DEBUG:colcon:Command line arguments: ['/usr/bin/colcon', 'build']
[0.237s] DEBUG:colcon:Parsed command line arguments: Namespace(allow_overriding=[], ament_cmake_args=None, base_paths=['.'], build_base='build', catkin_cmake_args=None, catkin_skip_building_tests=False, cmake_args=None, cmake_clean_cache=False, cmake_clean_first=False, cmake_force_configure=False, cmake_target=None, cmake_target_skip_unavailable=False, continue_on_error=False, event_handlers=None, executor='parallel', ignore_user_meta=False, install_base='install', log_base=None, log_level=None, main=<bound method BuildVerb.main of <colcon_core.verb.build.BuildVerb object at 0x7f3b1046ce20>>, merge_install=False, metas=['./colcon.meta'], packages_above=None, packages_above_and_dependencies=None, packages_above_depth=None, packages_end=None, packages_ignore=None, packages_ignore_regex=None, packages_select=None, packages_select_build_failed=False, packages_select_by_dep=None, packages_select_regex=None, packages_select_test_failures=False, packages_skip=None, packages_skip_build_finished=False, packages_skip_by_dep=None, packages_skip_regex=None, packages_skip_test_passed=False, packages_skip_up_to=None, packages_start=None, packages_up_to=None, packages_up_to_regex=None, parallel_workers=16, paths=None, symlink_install=False, test_result_base=None, verb_extension=<colcon_core.verb.build.BuildVerb object at 0x7f3b1046ce20>, verb_name='build', verb_parser=<colcon_defaults.argument_parser.defaults.DefaultArgumentsDecorator object at 0x7f3b104783d0>)
[0.399s] Level 1:colcon.colcon_core.package_discovery:discover_packages(colcon_meta) check parameters
[0.399s] Level 1:colcon.colcon_core.package_discovery:discover_packages(recursive) check parameters
[0.399s] Level 1:colcon.colcon_core.package_discovery:discover_packages(ignore) check parameters
[0.400s] Level 1:colcon.colcon_core.package_discovery:discover_packages(path) check parameters
[0.400s] Level 1:colcon.colcon_core.package_discovery:discover_packages(colcon_meta) discover
[0.400s] Level 1:colcon.colcon_core.package_discovery:discover_packages(recursive) discover
[0.400s] INFO:colcon.colcon_core.package_discovery:Crawling recursively for packages in '/home/iec/colcon_ws/src/LeGO-LOAM-SR'
[0.400s] Level 1:colcon.colcon_core.package_identification:_identify(.) by extensions ['ignore', 'ignore_ament_install']
[0.400s] Level 1:colcon.colcon_core.package_identification:_identify(.) by extension 'ignore'
[0.401s] Level 1:colcon.colcon_core.package_identification:_identify(.) by extension 'ignore_ament_install'
[0.401s] Level 1:colcon.colcon_core.package_identification:_identify(.) by extensions ['colcon_pkg']
[0.401s] Level 1:colcon.colcon_core.package_identification:_identify(.) by extension 'colcon_pkg'
[0.401s] Level 1:colcon.colcon_core.package_identification:_identify(.) by extensions ['colcon_meta']
[0.401s] Level 1:colcon.colcon_core.package_identification:_identify(.) by extension 'colcon_meta'
[0.401s] Level 1:colcon.colcon_core.package_identification:_identify(.) by extensions ['ros']
[0.401s] Level 1:colcon.colcon_core.package_identification:_identify(.) by extension 'ros'
[0.675s] Level 1:colcon.colcon_core.package_identification:_identify(.) by extensions ['cmake', 'python']
[0.675s] Level 1:colcon.colcon_core.package_identification:_identify(.) by extension 'cmake'
[0.675s] Level 1:colcon.colcon_core.package_identification:_identify(.) by extension 'python'
[0.675s] Level 1:colcon.colcon_core.package_identification:_identify(.) by extensions ['python_setup_py']
[0.675s] Level 1:colcon.colcon_core.package_identification:_identify(.) by extension 'python_setup_py'
[0.675s] Level 1:colcon.colcon_core.package_identification:_identify(LeGO-LOAM) by extensions ['ignore', 'ignore_ament_install']
[0.675s] Level 1:colcon.colcon_core.package_identification:_identify(LeGO-LOAM) by extension 'ignore'
[0.676s] Level 1:colcon.colcon_core.package_identification:_identify(LeGO-LOAM) by extension 'ignore_ament_install'
[0.676s] Level 1:colcon.colcon_core.package_identification:_identify(LeGO-LOAM) by extensions ['colcon_pkg']
[0.676s] Level 1:colcon.colcon_core.package_identification:_identify(LeGO-LOAM) by extension 'colcon_pkg'
[0.676s] Level 1:colcon.colcon_core.package_identification:_identify(LeGO-LOAM) by extensions ['colcon_meta']
[0.676s] Level 1:colcon.colcon_core.package_identification:_identify(LeGO-LOAM) by extension 'colcon_meta'
[0.676s] Level 1:colcon.colcon_core.package_identification:_identify(LeGO-LOAM) by extensions ['ros']
[0.676s] Level 1:colcon.colcon_core.package_identification:_identify(LeGO-LOAM) by extension 'ros'
[0.680s] DEBUG:colcon.colcon_core.package_identification:Package 'LeGO-LOAM' with type 'ros.ament_cmake' and name 'lego_loam_sr'
[0.680s] Level 1:colcon.colcon_core.package_identification:_identify(build) by extensions ['ignore', 'ignore_ament_install']
[0.680s] Level 1:colcon.colcon_core.package_identification:_identify(build) by extension 'ignore'
[0.680s] Level 1:colcon.colcon_core.package_identification:_identify(build) ignored
[0.680s] Level 1:colcon.colcon_core.package_identification:_identify(cloud_msgs) by extensions ['ignore', 'ignore_ament_install']
[0.680s] Level 1:colcon.colcon_core.package_identification:_identify(cloud_msgs) by extension 'ignore'
[0.681s] Level 1:colcon.colcon_core.package_identification:_identify(cloud_msgs) by extension 'ignore_ament_install'
[0.681s] Level 1:colcon.colcon_core.package_identification:_identify(cloud_msgs) by extensions ['colcon_pkg']
[0.681s] Level 1:colcon.colcon_core.package_identification:_identify(cloud_msgs) by extension 'colcon_pkg'
[0.681s] Level 1:colcon.colcon_core.package_identification:_identify(cloud_msgs) by extensions ['colcon_meta']
[0.681s] Level 1:colcon.colcon_core.package_identification:_identify(cloud_msgs) by extension 'colcon_meta'
[0.681s] Level 1:colcon.colcon_core.package_identification:_identify(cloud_msgs) by extensions ['ros']
[0.681s] Level 1:colcon.colcon_core.package_identification:_identify(cloud_msgs) by extension 'ros'
[0.681s] DEBUG:colcon.colcon_core.package_identification:Package 'cloud_msgs' with type 'ros.ament_cmake' and name 'cloud_msgs'
[0.682s] Level 1:colcon.colcon_core.package_identification:_identify(install) by extensions ['ignore', 'ignore_ament_install']
[0.682s] Level 1:colcon.colcon_core.package_identification:_identify(install) by extension 'ignore'
[0.682s] Level 1:colcon.colcon_core.package_identification:_identify(install) ignored
[0.682s] Level 1:colcon.colcon_core.package_identification:_identify(log) by extensions ['ignore', 'ignore_ament_install']
[0.682s] Level 1:colcon.colcon_core.package_identification:_identify(log) by extension 'ignore'
[0.682s] Level 1:colcon.colcon_core.package_identification:_identify(log) ignored
[0.682s] Level 1:colcon.colcon_core.package_discovery:discover_packages(recursive) using defaults
[0.682s] Level 1:colcon.colcon_core.package_discovery:discover_packages(ignore) discover
[0.682s] Level 1:colcon.colcon_core.package_discovery:discover_packages(ignore) using defaults
[0.682s] Level 1:colcon.colcon_core.package_discovery:discover_packages(path) discover
[0.682s] Level 1:colcon.colcon_core.package_discovery:discover_packages(path) using defaults
[0.720s] Level 1:colcon.colcon_core.package_discovery:discover_packages(prefix_path) check parameters
[0.720s] Level 1:colcon.colcon_core.package_discovery:discover_packages(prefix_path) discover
[0.721s] DEBUG:colcon.colcon_installed_package_information.package_discovery:Found 2 installed packages in /home/iec/colcon_ws/src/LeGO-LOAM-SR/install
[0.721s] DEBUG:colcon.colcon_installed_package_information.package_discovery:Found 268 installed packages in /opt/ros/galactic
[0.723s] Level 1:colcon.colcon_core.package_discovery:discover_packages(prefix_path) using defaults
[0.761s] Level 5:colcon.colcon_core.verb:set package 'cloud_msgs' build argument 'cmake_args' from command line to 'None'
[0.762s] Level 5:colcon.colcon_core.verb:set package 'cloud_msgs' build argument 'cmake_target' from command line to 'None'
[0.762s] Level 5:colcon.colcon_core.verb:set package 'cloud_msgs' build argument 'cmake_target_skip_unavailable' from command line to 'False'
[0.762s] Level 5:colcon.colcon_core.verb:set package 'cloud_msgs' build argument 'cmake_clean_cache' from command line to 'False'
[0.762s] Level 5:colcon.colcon_core.verb:set package 'cloud_msgs' build argument 'cmake_clean_first' from command line to 'False'
[0.762s] Level 5:colcon.colcon_core.verb:set package 'cloud_msgs' build argument 'cmake_force_configure' from command line to 'False'
[0.762s] Level 5:colcon.colcon_core.verb:set package 'cloud_msgs' build argument 'ament_cmake_args' from command line to 'None'
[0.762s] Level 5:colcon.colcon_core.verb:set package 'cloud_msgs' build argument 'catkin_cmake_args' from command line to 'None'
[0.762s] Level 5:colcon.colcon_core.verb:set package 'cloud_msgs' build argument 'catkin_skip_building_tests' from command line to 'False'
[0.762s] DEBUG:colcon.colcon_core.verb:Building package 'cloud_msgs' with the following arguments: {'ament_cmake_args': None, 'build_base': '/home/iec/colcon_ws/src/LeGO-LOAM-SR/build/cloud_msgs', 'catkin_cmake_args': None, 'catkin_skip_building_tests': False, 'cmake_args': None, 'cmake_clean_cache': False, 'cmake_clean_first': False, 'cmake_force_configure': False, 'cmake_target': None, 'cmake_target_skip_unavailable': False, 'install_base': '/home/iec/colcon_ws/src/LeGO-LOAM-SR/install/cloud_msgs', 'merge_install': False, 'path': '/home/iec/colcon_ws/src/LeGO-LOAM-SR/cloud_msgs', 'symlink_install': False, 'test_result_base': None}
[0.762s] Level 5:colcon.colcon_core.verb:set package 'lego_loam_sr' build argument 'cmake_args' from command line to 'None'
[0.762s] Level 5:colcon.colcon_core.verb:set package 'lego_loam_sr' build argument 'cmake_target' from command line to 'None'
[0.762s] Level 5:colcon.colcon_core.verb:set package 'lego_loam_sr' build argument 'cmake_target_skip_unavailable' from command line to 'False'
[0.762s] Level 5:colcon.colcon_core.verb:set package 'lego_loam_sr' build argument 'cmake_clean_cache' from command line to 'False'
[0.762s] Level 5:colcon.colcon_core.verb:set package 'lego_loam_sr' build argument 'cmake_clean_first' from command line to 'False'
[0.762s] Level 5:colcon.colcon_core.verb:set package 'lego_loam_sr' build argument 'cmake_force_configure' from command line to 'False'
[0.762s] Level 5:colcon.colcon_core.verb:set package 'lego_loam_sr' build argument 'ament_cmake_args' from command line to 'None'
[0.762s] Level 5:colcon.colcon_core.verb:set package 'lego_loam_sr' build argument 'catkin_cmake_args' from command line to 'None'
[0.762s] Level 5:colcon.colcon_core.verb:set package 'lego_loam_sr' build argument 'catkin_skip_building_tests' from command line to 'False'
[0.762s] DEBUG:colcon.colcon_core.verb:Building package 'lego_loam_sr' with the following arguments: {'ament_cmake_args': None, 'build_base': '/home/iec/colcon_ws/src/LeGO-LOAM-SR/build/lego_loam_sr', 'catkin_cmake_args': None, 'catkin_skip_building_tests': False, 'cmake_args': None, 'cmake_clean_cache': False, 'cmake_clean_first': False, 'cmake_force_configure': False, 'cmake_target': None, 'cmake_target_skip_unavailable': False, 'install_base': '/home/iec/colcon_ws/src/LeGO-LOAM-SR/install/lego_loam_sr', 'merge_install': False, 'path': '/home/iec/colcon_ws/src/LeGO-LOAM-SR/LeGO-LOAM', 'symlink_install': False, 'test_result_base': None}
[0.762s] INFO:colcon.colcon_core.executor:Executing jobs using 'parallel' executor
[0.763s] DEBUG:colcon.colcon_parallel_executor.executor.parallel:run_until_complete
[0.763s] INFO:colcon.colcon_ros.task.ament_cmake.build:Building ROS package in '/home/iec/colcon_ws/src/LeGO-LOAM-SR/cloud_msgs' with build type 'ament_cmake'
[0.763s] INFO:colcon.colcon_cmake.task.cmake.build:Building CMake package in '/home/iec/colcon_ws/src/LeGO-LOAM-SR/cloud_msgs'
[0.764s] INFO:colcon.colcon_core.plugin_system:Skipping extension 'colcon_core.shell.bat': Not used on non-Windows systems
[0.764s] INFO:colcon.colcon_core.shell:Skip shell extension 'powershell' for command environment: Not usable outside of PowerShell
[0.764s] DEBUG:colcon.colcon_core.shell:Skip shell extension 'dsv' for command environment
[0.772s] DEBUG:colcon.colcon_core.event_handler.log_command:Invoking command in '/home/iec/colcon_ws/src/LeGO-LOAM-SR/build/cloud_msgs': CMAKE_PREFIX_PATH=${CMAKE_PREFIX_PATH}:/opt/ros/galactic /usr/bin/cmake --build /home/iec/colcon_ws/src/LeGO-LOAM-SR/build/cloud_msgs -- -j16 -l16
[3.058s] DEBUG:colcon.colcon_core.event_handler.log_command:Invoked command in '/home/iec/colcon_ws/src/LeGO-LOAM-SR/build/cloud_msgs' returned '0': CMAKE_PREFIX_PATH=${CMAKE_PREFIX_PATH}:/opt/ros/galactic /usr/bin/cmake --build /home/iec/colcon_ws/src/LeGO-LOAM-SR/build/cloud_msgs -- -j16 -l16
[3.108s] DEBUG:colcon.colcon_core.event_handler.log_command:Invoking command in '/home/iec/colcon_ws/src/LeGO-LOAM-SR/build/cloud_msgs': CMAKE_PREFIX_PATH=${CMAKE_PREFIX_PATH}:/opt/ros/galactic /usr/bin/cmake --install /home/iec/colcon_ws/src/LeGO-LOAM-SR/build/cloud_msgs
[3.140s] Level 1:colcon.colcon_core.environment:create_environment_scripts_only(cloud_msgs)
[3.140s] DEBUG:colcon.colcon_core.event_handler.log_command:Invoked command in '/home/iec/colcon_ws/src/LeGO-LOAM-SR/build/cloud_msgs' returned '0': CMAKE_PREFIX_PATH=${CMAKE_PREFIX_PATH}:/opt/ros/galactic /usr/bin/cmake --install /home/iec/colcon_ws/src/LeGO-LOAM-SR/build/cloud_msgs
[3.142s] Level 1:colcon.colcon_core.environment:checking '/home/iec/colcon_ws/src/LeGO-LOAM-SR/install/cloud_msgs' for CMake module files
[3.142s] Level 1:colcon.colcon_core.environment:checking '/home/iec/colcon_ws/src/LeGO-LOAM-SR/install/cloud_msgs' for CMake config files
[3.143s] Level 1:colcon.colcon_core.shell:create_environment_hook('cloud_msgs', 'cmake_prefix_path')
[3.143s] INFO:colcon.colcon_core.shell:Creating environment hook '/home/iec/colcon_ws/src/LeGO-LOAM-SR/install/cloud_msgs/share/cloud_msgs/hook/cmake_prefix_path.ps1'
[3.143s] INFO:colcon.colcon_core.shell:Creating environment descriptor '/home/iec/colcon_ws/src/LeGO-LOAM-SR/install/cloud_msgs/share/cloud_msgs/hook/cmake_prefix_path.dsv'
[3.143s] INFO:colcon.colcon_core.shell:Creating environment hook '/home/iec/colcon_ws/src/LeGO-LOAM-SR/install/cloud_msgs/share/cloud_msgs/hook/cmake_prefix_path.sh'
[3.144s] Level 1:colcon.colcon_core.environment:checking '/home/iec/colcon_ws/src/LeGO-LOAM-SR/install/cloud_msgs/lib'
[3.144s] Level 1:colcon.colcon_core.shell:create_environment_hook('cloud_msgs', 'ld_library_path_lib')
[3.144s] INFO:colcon.colcon_core.shell:Creating environment hook '/home/iec/colcon_ws/src/LeGO-LOAM-SR/install/cloud_msgs/share/cloud_msgs/hook/ld_library_path_lib.ps1'
[3.144s] INFO:colcon.colcon_core.shell:Creating environment descriptor '/home/iec/colcon_ws/src/LeGO-LOAM-SR/install/cloud_msgs/share/cloud_msgs/hook/ld_library_path_lib.dsv'
[3.145s] INFO:colcon.colcon_core.shell:Creating environment hook '/home/iec/colcon_ws/src/LeGO-LOAM-SR/install/cloud_msgs/share/cloud_msgs/hook/ld_library_path_lib.sh'
[3.145s] Level 1:colcon.colcon_core.environment:checking '/home/iec/colcon_ws/src/LeGO-LOAM-SR/install/cloud_msgs/bin'
[3.145s] Level 1:colcon.colcon_core.environment:checking '/home/iec/colcon_ws/src/LeGO-LOAM-SR/install/cloud_msgs/lib/pkgconfig/cloud_msgs.pc'
[3.145s] Level 1:colcon.colcon_core.environment:checking '/home/iec/colcon_ws/src/LeGO-LOAM-SR/install/cloud_msgs/lib/python3.8/site-packages'
[3.145s] Level 1:colcon.colcon_core.shell:create_environment_hook('cloud_msgs', 'pythonpath')
[3.145s] INFO:colcon.colcon_core.shell:Creating environment hook '/home/iec/colcon_ws/src/LeGO-LOAM-SR/install/cloud_msgs/share/cloud_msgs/hook/pythonpath.ps1'
[3.145s] INFO:colcon.colcon_core.shell:Creating environment descriptor '/home/iec/colcon_ws/src/LeGO-LOAM-SR/install/cloud_msgs/share/cloud_msgs/hook/pythonpath.dsv'
[3.145s] INFO:colcon.colcon_core.shell:Creating environment hook '/home/iec/colcon_ws/src/LeGO-LOAM-SR/install/cloud_msgs/share/cloud_msgs/hook/pythonpath.sh'
[3.146s] Level 1:colcon.colcon_core.environment:checking '/home/iec/colcon_ws/src/LeGO-LOAM-SR/install/cloud_msgs/bin'
[3.146s] INFO:colcon.colcon_core.shell:Creating package script '/home/iec/colcon_ws/src/LeGO-LOAM-SR/install/cloud_msgs/share/cloud_msgs/package.ps1'
[3.146s] INFO:colcon.colcon_core.shell:Creating package descriptor '/home/iec/colcon_ws/src/LeGO-LOAM-SR/install/cloud_msgs/share/cloud_msgs/package.dsv'
[3.147s] INFO:colcon.colcon_core.shell:Creating package script '/home/iec/colcon_ws/src/LeGO-LOAM-SR/install/cloud_msgs/share/cloud_msgs/package.sh'
[3.147s] INFO:colcon.colcon_core.shell:Creating package script '/home/iec/colcon_ws/src/LeGO-LOAM-SR/install/cloud_msgs/share/cloud_msgs/package.bash'
[3.148s] INFO:colcon.colcon_core.shell:Creating package script '/home/iec/colcon_ws/src/LeGO-LOAM-SR/install/cloud_msgs/share/cloud_msgs/package.zsh'
[3.148s] Level 1:colcon.colcon_core.environment:create_file_with_runtime_dependencies(/home/iec/colcon_ws/src/LeGO-LOAM-SR/install/cloud_msgs/share/colcon-core/packages/cloud_msgs)
[3.180s] Level 1:colcon.colcon_core.environment:create_environment_scripts_only(cloud_msgs)
[3.180s] Level 1:colcon.colcon_core.environment:checking '/home/iec/colcon_ws/src/LeGO-LOAM-SR/install/cloud_msgs' for CMake module files
[3.180s] Level 1:colcon.colcon_core.environment:checking '/home/iec/colcon_ws/src/LeGO-LOAM-SR/install/cloud_msgs' for CMake config files
[3.180s] Level 1:colcon.colcon_core.shell:create_environment_hook('cloud_msgs', 'cmake_prefix_path')
[3.181s] INFO:colcon.colcon_core.shell:Creating environment hook '/home/iec/colcon_ws/src/LeGO-LOAM-SR/install/cloud_msgs/share/cloud_msgs/hook/cmake_prefix_path.ps1'
[3.181s] INFO:colcon.colcon_core.shell:Creating environment descriptor '/home/iec/colcon_ws/src/LeGO-LOAM-SR/install/cloud_msgs/share/cloud_msgs/hook/cmake_prefix_path.dsv'
[3.181s] INFO:colcon.colcon_core.shell:Creating environment hook '/home/iec/colcon_ws/src/LeGO-LOAM-SR/install/cloud_msgs/share/cloud_msgs/hook/cmake_prefix_path.sh'
[3.181s] Level 1:colcon.colcon_core.environment:checking '/home/iec/colcon_ws/src/LeGO-LOAM-SR/install/cloud_msgs/lib'
[3.181s] Level 1:colcon.colcon_core.shell:create_environment_hook('cloud_msgs', 'ld_library_path_lib')
[3.182s] INFO:colcon.colcon_core.shell:Creating environment hook '/home/iec/colcon_ws/src/LeGO-LOAM-SR/install/cloud_msgs/share/cloud_msgs/hook/ld_library_path_lib.ps1'
[3.182s] INFO:colcon.colcon_core.shell:Creating environment descriptor '/home/iec/colcon_ws/src/LeGO-LOAM-SR/install/cloud_msgs/share/cloud_msgs/hook/ld_library_path_lib.dsv'
[3.182s] INFO:colcon.colcon_core.shell:Creating environment hook '/home/iec/colcon_ws/src/LeGO-LOAM-SR/install/cloud_msgs/share/cloud_msgs/hook/ld_library_path_lib.sh'
[3.182s] Level 1:colcon.colcon_core.environment:checking '/home/iec/colcon_ws/src/LeGO-LOAM-SR/install/cloud_msgs/bin'
[3.182s] Level 1:colcon.colcon_core.environment:checking '/home/iec/colcon_ws/src/LeGO-LOAM-SR/install/cloud_msgs/lib/pkgconfig/cloud_msgs.pc'
[3.182s] Level 1:colcon.colcon_core.environment:checking '/home/iec/colcon_ws/src/LeGO-LOAM-SR/install/cloud_msgs/lib/python3.8/site-packages'
[3.182s] Level 1:colcon.colcon_core.shell:create_environment_hook('cloud_msgs', 'pythonpath')
[3.182s] INFO:colcon.colcon_core.shell:Creating environment hook '/home/iec/colcon_ws/src/LeGO-LOAM-SR/install/cloud_msgs/share/cloud_msgs/hook/pythonpath.ps1'
[3.183s] INFO:colcon.colcon_core.shell:Creating environment descriptor '/home/iec/colcon_ws/src/LeGO-LOAM-SR/install/cloud_msgs/share/cloud_msgs/hook/pythonpath.dsv'
[3.183s] INFO:colcon.colcon_core.shell:Creating environment hook '/home/iec/colcon_ws/src/LeGO-LOAM-SR/install/cloud_msgs/share/cloud_msgs/hook/pythonpath.sh'
[3.183s] Level 1:colcon.colcon_core.environment:checking '/home/iec/colcon_ws/src/LeGO-LOAM-SR/install/cloud_msgs/bin'
[3.183s] INFO:colcon.colcon_core.shell:Creating package script '/home/iec/colcon_ws/src/LeGO-LOAM-SR/install/cloud_msgs/share/cloud_msgs/package.ps1'
[3.184s] INFO:colcon.colcon_core.shell:Creating package descriptor '/home/iec/colcon_ws/src/LeGO-LOAM-SR/install/cloud_msgs/share/cloud_msgs/package.dsv'
[3.184s] INFO:colcon.colcon_core.shell:Creating package script '/home/iec/colcon_ws/src/LeGO-LOAM-SR/install/cloud_msgs/share/cloud_msgs/package.sh'
[3.184s] INFO:colcon.colcon_core.shell:Creating package script '/home/iec/colcon_ws/src/LeGO-LOAM-SR/install/cloud_msgs/share/cloud_msgs/package.bash'
[3.184s] INFO:colcon.colcon_core.shell:Creating package script '/home/iec/colcon_ws/src/LeGO-LOAM-SR/install/cloud_msgs/share/cloud_msgs/package.zsh'
[3.184s] Level 1:colcon.colcon_core.environment:create_file_with_runtime_dependencies(/home/iec/colcon_ws/src/LeGO-LOAM-SR/install/cloud_msgs/share/colcon-core/packages/cloud_msgs)
[3.185s] INFO:colcon.colcon_ros.task.ament_cmake.build:Building ROS package in '/home/iec/colcon_ws/src/LeGO-LOAM-SR/LeGO-LOAM' with build type 'ament_cmake'
[3.185s] INFO:colcon.colcon_cmake.task.cmake.build:Building CMake package in '/home/iec/colcon_ws/src/LeGO-LOAM-SR/LeGO-LOAM'
[3.185s] INFO:colcon.colcon_core.shell:Skip shell extension 'powershell' for command environment: Not usable outside of PowerShell
[3.185s] DEBUG:colcon.colcon_core.shell:Skip shell extension 'dsv' for command environment
[3.193s] DEBUG:colcon.colcon_core.event_handler.log_command:Invoking command in '/home/iec/colcon_ws/src/LeGO-LOAM-SR/build/lego_loam_sr': CMAKE_PREFIX_PATH=/home/iec/colcon_ws/src/LeGO-LOAM-SR/install/cloud_msgs:/home/iec/colcon_ws/src/LeGO-LOAM-SR/install/lego_loam_sr:/opt/ros/galactic LD_LIBRARY_PATH=/home/iec/colcon_ws/src/LeGO-LOAM-SR/install/cloud_msgs/lib:/opt/ros/galactic/opt/yaml_cpp_vendor/lib:/opt/ros/galactic/opt/rviz_ogre_vendor/lib:/opt/ros/galactic/lib/x86_64-linux-gnu:/opt/ros/galactic/lib:/usr/local/cuda-12.1/lib64 /usr/bin/cmake --build /home/iec/colcon_ws/src/LeGO-LOAM-SR/build/lego_loam_sr -- -j16 -l16
[58.019s] DEBUG:colcon.colcon_core.event_handler.log_command:Invoked command in '/home/iec/colcon_ws/src/LeGO-LOAM-SR/build/lego_loam_sr' returned '0': CMAKE_PREFIX_PATH=/home/iec/colcon_ws/src/LeGO-LOAM-SR/install/cloud_msgs:/home/iec/colcon_ws/src/LeGO-LOAM-SR/install/lego_loam_sr:/opt/ros/galactic LD_LIBRARY_PATH=/home/iec/colcon_ws/src/LeGO-LOAM-SR/install/cloud_msgs/lib:/opt/ros/galactic/opt/yaml_cpp_vendor/lib:/opt/ros/galactic/opt/rviz_ogre_vendor/lib:/opt/ros/galactic/lib/x86_64-linux-gnu:/opt/ros/galactic/lib:/usr/local/cuda-12.1/lib64 /usr/bin/cmake --build /home/iec/colcon_ws/src/LeGO-LOAM-SR/build/lego_loam_sr -- -j16 -l16
[58.140s] DEBUG:colcon.colcon_core.event_handler.log_command:Invoking command in '/home/iec/colcon_ws/src/LeGO-LOAM-SR/build/lego_loam_sr': CMAKE_PREFIX_PATH=/home/iec/colcon_ws/src/LeGO-LOAM-SR/install/cloud_msgs:/home/iec/colcon_ws/src/LeGO-LOAM-SR/install/lego_loam_sr:/opt/ros/galactic LD_LIBRARY_PATH=/home/iec/colcon_ws/src/LeGO-LOAM-SR/install/cloud_msgs/lib:/opt/ros/galactic/opt/yaml_cpp_vendor/lib:/opt/ros/galactic/opt/rviz_ogre_vendor/lib:/opt/ros/galactic/lib/x86_64-linux-gnu:/opt/ros/galactic/lib:/usr/local/cuda-12.1/lib64 /usr/bin/cmake --install /home/iec/colcon_ws/src/LeGO-LOAM-SR/build/lego_loam_sr
[59.123s] Level 1:colcon.colcon_core.environment:create_environment_scripts_only(lego_loam_sr)
[59.123s] Level 1:colcon.colcon_core.environment:checking '/home/iec/colcon_ws/src/LeGO-LOAM-SR/install/lego_loam_sr' for CMake module files
[59.124s] DEBUG:colcon.colcon_core.event_handler.log_command:Invoked command in '/home/iec/colcon_ws/src/LeGO-LOAM-SR/build/lego_loam_sr' returned '0': CMAKE_PREFIX_PATH=/home/iec/colcon_ws/src/LeGO-LOAM-SR/install/cloud_msgs:/home/iec/colcon_ws/src/LeGO-LOAM-SR/install/lego_loam_sr:/opt/ros/galactic LD_LIBRARY_PATH=/home/iec/colcon_ws/src/LeGO-LOAM-SR/install/cloud_msgs/lib:/opt/ros/galactic/opt/yaml_cpp_vendor/lib:/opt/ros/galactic/opt/rviz_ogre_vendor/lib:/opt/ros/galactic/lib/x86_64-linux-gnu:/opt/ros/galactic/lib:/usr/local/cuda-12.1/lib64 /usr/bin/cmake --install /home/iec/colcon_ws/src/LeGO-LOAM-SR/build/lego_loam_sr
[59.124s] Level 1:colcon.colcon_core.environment:checking '/home/iec/colcon_ws/src/LeGO-LOAM-SR/install/lego_loam_sr' for CMake config files
[59.124s] Level 1:colcon.colcon_core.shell:create_environment_hook('lego_loam_sr', 'cmake_prefix_path')
[59.125s] INFO:colcon.colcon_core.shell:Creating environment hook '/home/iec/colcon_ws/src/LeGO-LOAM-SR/install/lego_loam_sr/share/lego_loam_sr/hook/cmake_prefix_path.ps1'
[59.232s] INFO:colcon.colcon_core.shell:Creating environment descriptor '/home/iec/colcon_ws/src/LeGO-LOAM-SR/install/lego_loam_sr/share/lego_loam_sr/hook/cmake_prefix_path.dsv'
[59.311s] INFO:colcon.colcon_core.shell:Creating environment hook '/home/iec/colcon_ws/src/LeGO-LOAM-SR/install/lego_loam_sr/share/lego_loam_sr/hook/cmake_prefix_path.sh'
[59.313s] Level 1:colcon.colcon_core.environment:checking '/home/iec/colcon_ws/src/LeGO-LOAM-SR/install/lego_loam_sr/lib'
[59.313s] Level 1:colcon.colcon_core.environment:checking '/home/iec/colcon_ws/src/LeGO-LOAM-SR/install/lego_loam_sr/bin'
[59.313s] Level 1:colcon.colcon_core.environment:checking '/home/iec/colcon_ws/src/LeGO-LOAM-SR/install/lego_loam_sr/lib/pkgconfig/lego_loam_sr.pc'
[59.314s] Level 1:colcon.colcon_core.environment:checking '/home/iec/colcon_ws/src/LeGO-LOAM-SR/install/lego_loam_sr/lib/python3.8/site-packages'
[59.314s] Level 1:colcon.colcon_core.environment:checking '/home/iec/colcon_ws/src/LeGO-LOAM-SR/install/lego_loam_sr/bin'
[59.315s] INFO:colcon.colcon_core.shell:Creating package script '/home/iec/colcon_ws/src/LeGO-LOAM-SR/install/lego_loam_sr/share/lego_loam_sr/package.ps1'
[59.316s] INFO:colcon.colcon_core.shell:Creating package descriptor '/home/iec/colcon_ws/src/LeGO-LOAM-SR/install/lego_loam_sr/share/lego_loam_sr/package.dsv'
[59.317s] INFO:colcon.colcon_core.shell:Creating package script '/home/iec/colcon_ws/src/LeGO-LOAM-SR/install/lego_loam_sr/share/lego_loam_sr/package.sh'
[59.318s] INFO:colcon.colcon_core.shell:Creating package script '/home/iec/colcon_ws/src/LeGO-LOAM-SR/install/lego_loam_sr/share/lego_loam_sr/package.bash'
[59.353s] INFO:colcon.colcon_core.shell:Creating package script '/home/iec/colcon_ws/src/LeGO-LOAM-SR/install/lego_loam_sr/share/lego_loam_sr/package.zsh'
[59.367s] Level 1:colcon.colcon_core.environment:create_file_with_runtime_dependencies(/home/iec/colcon_ws/src/LeGO-LOAM-SR/install/lego_loam_sr/share/colcon-core/packages/lego_loam_sr)
[59.399s] Level 1:colcon.colcon_core.environment:create_environment_scripts_only(lego_loam_sr)
[59.399s] Level 1:colcon.colcon_core.environment:checking '/home/iec/colcon_ws/src/LeGO-LOAM-SR/install/lego_loam_sr' for CMake module files
[59.399s] Level 1:colcon.colcon_core.environment:checking '/home/iec/colcon_ws/src/LeGO-LOAM-SR/install/lego_loam_sr' for CMake config files
[59.399s] Level 1:colcon.colcon_core.shell:create_environment_hook('lego_loam_sr', 'cmake_prefix_path')
[59.399s] INFO:colcon.colcon_core.shell:Creating environment hook '/home/iec/colcon_ws/src/LeGO-LOAM-SR/install/lego_loam_sr/share/lego_loam_sr/hook/cmake_prefix_path.ps1'
[59.400s] INFO:colcon.colcon_core.shell:Creating environment descriptor '/home/iec/colcon_ws/src/LeGO-LOAM-SR/install/lego_loam_sr/share/lego_loam_sr/hook/cmake_prefix_path.dsv'
[59.400s] INFO:colcon.colcon_core.shell:Creating environment hook '/home/iec/colcon_ws/src/LeGO-LOAM-SR/install/lego_loam_sr/share/lego_loam_sr/hook/cmake_prefix_path.sh'
[59.400s] Level 1:colcon.colcon_core.environment:checking '/home/iec/colcon_ws/src/LeGO-LOAM-SR/install/lego_loam_sr/lib'
[59.400s] Level 1:colcon.colcon_core.environment:checking '/home/iec/colcon_ws/src/LeGO-LOAM-SR/install/lego_loam_sr/bin'
[59.400s] Level 1:colcon.colcon_core.environment:checking '/home/iec/colcon_ws/src/LeGO-LOAM-SR/install/lego_loam_sr/lib/pkgconfig/lego_loam_sr.pc'
[59.400s] Level 1:colcon.colcon_core.environment:checking '/home/iec/colcon_ws/src/LeGO-LOAM-SR/install/lego_loam_sr/lib/python3.8/site-packages'
[59.401s] Level 1:colcon.colcon_core.environment:checking '/home/iec/colcon_ws/src/LeGO-LOAM-SR/install/lego_loam_sr/bin'
[59.401s] INFO:colcon.colcon_core.shell:Creating package script '/home/iec/colcon_ws/src/LeGO-LOAM-SR/install/lego_loam_sr/share/lego_loam_sr/package.ps1'
[59.401s] INFO:colcon.colcon_core.shell:Creating package descriptor '/home/iec/colcon_ws/src/LeGO-LOAM-SR/install/lego_loam_sr/share/lego_loam_sr/package.dsv'
[59.401s] INFO:colcon.colcon_core.shell:Creating package script '/home/iec/colcon_ws/src/LeGO-LOAM-SR/install/lego_loam_sr/share/lego_loam_sr/package.sh'
[59.401s] INFO:colcon.colcon_core.shell:Creating package script '/home/iec/colcon_ws/src/LeGO-LOAM-SR/install/lego_loam_sr/share/lego_loam_sr/package.bash'
[59.402s] INFO:colcon.colcon_core.shell:Creating package script '/home/iec/colcon_ws/src/LeGO-LOAM-SR/install/lego_loam_sr/share/lego_loam_sr/package.zsh'
[59.402s] Level 1:colcon.colcon_core.environment:create_file_with_runtime_dependencies(/home/iec/colcon_ws/src/LeGO-LOAM-SR/install/lego_loam_sr/share/colcon-core/packages/lego_loam_sr)
[59.402s] DEBUG:colcon.colcon_parallel_executor.executor.parallel:closing loop
[59.402s] DEBUG:colcon.colcon_parallel_executor.executor.parallel:loop closed
[59.402s] DEBUG:colcon.colcon_parallel_executor.executor.parallel:run_until_complete finished with '0'
[59.402s] DEBUG:colcon.colcon_core.event_reactor:joining thread
[59.979s] INFO:colcon.colcon_core.plugin_system:Skipping extension 'colcon_notification.desktop_notification.terminal_notifier': Not used on non-Darwin systems
[59.979s] INFO:colcon.colcon_core.plugin_system:Skipping extension 'colcon_notification.desktop_notification.win32': Not used on non-Windows systems
[59.979s] INFO:colcon.colcon_notification.desktop_notification:Sending desktop notification using 'notify2'
[60.267s] DEBUG:colcon.colcon_core.event_reactor:joined thread
[60.268s] INFO:colcon.colcon_core.shell:Creating prefix script '/home/iec/colcon_ws/src/LeGO-LOAM-SR/install/local_setup.ps1'
[60.271s] INFO:colcon.colcon_core.shell:Creating prefix util module '/home/iec/colcon_ws/src/LeGO-LOAM-SR/install/_local_setup_util_ps1.py'
[60.305s] INFO:colcon.colcon_core.shell:Creating prefix chain script '/home/iec/colcon_ws/src/LeGO-LOAM-SR/install/setup.ps1'
[60.326s] INFO:colcon.colcon_core.shell:Creating prefix script '/home/iec/colcon_ws/src/LeGO-LOAM-SR/install/local_setup.sh'
[60.327s] INFO:colcon.colcon_core.shell:Creating prefix util module '/home/iec/colcon_ws/src/LeGO-LOAM-SR/install/_local_setup_util_sh.py'
[60.328s] INFO:colcon.colcon_core.shell:Creating prefix chain script '/home/iec/colcon_ws/src/LeGO-LOAM-SR/install/setup.sh'
[60.339s] INFO:colcon.colcon_core.shell:Creating prefix script '/home/iec/colcon_ws/src/LeGO-LOAM-SR/install/local_setup.bash'
[60.346s] INFO:colcon.colcon_core.shell:Creating prefix chain script '/home/iec/colcon_ws/src/LeGO-LOAM-SR/install/setup.bash'
[60.348s] INFO:colcon.colcon_core.shell:Creating prefix script '/home/iec/colcon_ws/src/LeGO-LOAM-SR/install/local_setup.zsh'
[60.372s] INFO:colcon.colcon_core.shell:Creating prefix chain script '/home/iec/colcon_ws/src/LeGO-LOAM-SR/install/setup.zsh'
