[1.262s] DEBUG:colcon:Command line arguments: ['/usr/bin/colcon', 'build']
[1.262s] DEBUG:colcon:Parsed command line arguments: Namespace(allow_overriding=[], ament_cmake_args=None, base_paths=['.'], build_base='build', catkin_cmake_args=None, catkin_skip_building_tests=False, cmake_args=None, cmake_clean_cache=False, cmake_clean_first=False, cmake_force_configure=False, cmake_target=None, cmake_target_skip_unavailable=False, continue_on_error=False, event_handlers=None, executor='parallel', ignore_user_meta=False, install_base='install', log_base=None, log_level=None, main=<bound method BuildVerb.main of <colcon_core.verb.build.BuildVerb object at 0x7fd0b422ac70>>, merge_install=False, metas=['./colcon.meta'], packages_above=None, packages_above_and_dependencies=None, packages_above_depth=None, packages_end=None, packages_ignore=None, packages_ignore_regex=None, packages_select=None, packages_select_build_failed=False, packages_select_by_dep=None, packages_select_regex=None, packages_select_test_failures=False, packages_skip=None, packages_skip_build_finished=False, packages_skip_by_dep=None, packages_skip_regex=None, packages_skip_test_passed=False, packages_skip_up_to=None, packages_start=None, packages_up_to=None, packages_up_to_regex=None, parallel_workers=16, paths=None, symlink_install=False, test_result_base=None, verb_extension=<colcon_core.verb.build.BuildVerb object at 0x7fd0b422ac70>, verb_name='build', verb_parser=<colcon_defaults.argument_parser.defaults.DefaultArgumentsDecorator object at 0x7fd0b3e27d00>)
[1.323s] Level 1:colcon.colcon_core.package_discovery:discover_packages(colcon_meta) check parameters
[1.323s] Level 1:colcon.colcon_core.package_discovery:discover_packages(recursive) check parameters
[1.323s] Level 1:colcon.colcon_core.package_discovery:discover_packages(ignore) check parameters
[1.323s] Level 1:colcon.colcon_core.package_discovery:discover_packages(path) check parameters
[1.323s] Level 1:colcon.colcon_core.package_discovery:discover_packages(colcon_meta) discover
[1.323s] Level 1:colcon.colcon_core.package_discovery:discover_packages(recursive) discover
[1.323s] INFO:colcon.colcon_core.package_discovery:Crawling recursively for packages in '/home/iec/colcon_ws/src/LeGO-LOAM-SR'
[1.324s] Level 1:colcon.colcon_core.package_identification:_identify(.) by extensions ['ignore', 'ignore_ament_install']
[1.324s] Level 1:colcon.colcon_core.package_identification:_identify(.) by extension 'ignore'
[1.324s] Level 1:colcon.colcon_core.package_identification:_identify(.) by extension 'ignore_ament_install'
[1.324s] Level 1:colcon.colcon_core.package_identification:_identify(.) by extensions ['colcon_pkg']
[1.324s] Level 1:colcon.colcon_core.package_identification:_identify(.) by extension 'colcon_pkg'
[1.324s] Level 1:colcon.colcon_core.package_identification:_identify(.) by extensions ['colcon_meta']
[1.324s] Level 1:colcon.colcon_core.package_identification:_identify(.) by extension 'colcon_meta'
[1.324s] Level 1:colcon.colcon_core.package_identification:_identify(.) by extensions ['ros']
[1.324s] Level 1:colcon.colcon_core.package_identification:_identify(.) by extension 'ros'
[1.331s] Level 1:colcon.colcon_core.package_identification:_identify(.) by extensions ['cmake', 'python']
[1.331s] Level 1:colcon.colcon_core.package_identification:_identify(.) by extension 'cmake'
[1.331s] Level 1:colcon.colcon_core.package_identification:_identify(.) by extension 'python'
[1.331s] Level 1:colcon.colcon_core.package_identification:_identify(.) by extensions ['python_setup_py']
[1.331s] Level 1:colcon.colcon_core.package_identification:_identify(.) by extension 'python_setup_py'
[1.332s] Level 1:colcon.colcon_core.package_identification:_identify(LeGO-LOAM) by extensions ['ignore', 'ignore_ament_install']
[1.332s] Level 1:colcon.colcon_core.package_identification:_identify(LeGO-LOAM) by extension 'ignore'
[1.332s] Level 1:colcon.colcon_core.package_identification:_identify(LeGO-LOAM) by extension 'ignore_ament_install'
[1.332s] Level 1:colcon.colcon_core.package_identification:_identify(LeGO-LOAM) by extensions ['colcon_pkg']
[1.332s] Level 1:colcon.colcon_core.package_identification:_identify(LeGO-LOAM) by extension 'colcon_pkg'
[1.332s] Level 1:colcon.colcon_core.package_identification:_identify(LeGO-LOAM) by extensions ['colcon_meta']
[1.332s] Level 1:colcon.colcon_core.package_identification:_identify(LeGO-LOAM) by extension 'colcon_meta'
[1.332s] Level 1:colcon.colcon_core.package_identification:_identify(LeGO-LOAM) by extensions ['ros']
[1.332s] Level 1:colcon.colcon_core.package_identification:_identify(LeGO-LOAM) by extension 'ros'
[1.334s] DEBUG:colcon.colcon_core.package_identification:Package 'LeGO-LOAM' with type 'ros.ament_cmake' and name 'lego_loam_sr'
[1.334s] Level 1:colcon.colcon_core.package_identification:_identify(build) by extensions ['ignore', 'ignore_ament_install']
[1.334s] Level 1:colcon.colcon_core.package_identification:_identify(build) by extension 'ignore'
[1.334s] Level 1:colcon.colcon_core.package_identification:_identify(build) ignored
[1.334s] Level 1:colcon.colcon_core.package_identification:_identify(cloud_msgs) by extensions ['ignore', 'ignore_ament_install']
[1.334s] Level 1:colcon.colcon_core.package_identification:_identify(cloud_msgs) by extension 'ignore'
[1.334s] Level 1:colcon.colcon_core.package_identification:_identify(cloud_msgs) by extension 'ignore_ament_install'
[1.334s] Level 1:colcon.colcon_core.package_identification:_identify(cloud_msgs) by extensions ['colcon_pkg']
[1.334s] Level 1:colcon.colcon_core.package_identification:_identify(cloud_msgs) by extension 'colcon_pkg'
[1.334s] Level 1:colcon.colcon_core.package_identification:_identify(cloud_msgs) by extensions ['colcon_meta']
[1.334s] Level 1:colcon.colcon_core.package_identification:_identify(cloud_msgs) by extension 'colcon_meta'
[1.334s] Level 1:colcon.colcon_core.package_identification:_identify(cloud_msgs) by extensions ['ros']
[1.334s] Level 1:colcon.colcon_core.package_identification:_identify(cloud_msgs) by extension 'ros'
[1.334s] DEBUG:colcon.colcon_core.package_identification:Package 'cloud_msgs' with type 'ros.ament_cmake' and name 'cloud_msgs'
[1.334s] Level 1:colcon.colcon_core.package_identification:_identify(install) by extensions ['ignore', 'ignore_ament_install']
[1.335s] Level 1:colcon.colcon_core.package_identification:_identify(install) by extension 'ignore'
[1.335s] Level 1:colcon.colcon_core.package_identification:_identify(install) ignored
[1.335s] Level 1:colcon.colcon_core.package_identification:_identify(log) by extensions ['ignore', 'ignore_ament_install']
[1.335s] Level 1:colcon.colcon_core.package_identification:_identify(log) by extension 'ignore'
[1.335s] Level 1:colcon.colcon_core.package_identification:_identify(log) ignored
[1.335s] Level 1:colcon.colcon_core.package_discovery:discover_packages(recursive) using defaults
[1.335s] Level 1:colcon.colcon_core.package_discovery:discover_packages(ignore) discover
[1.335s] Level 1:colcon.colcon_core.package_discovery:discover_packages(ignore) using defaults
[1.335s] Level 1:colcon.colcon_core.package_discovery:discover_packages(path) discover
[1.335s] Level 1:colcon.colcon_core.package_discovery:discover_packages(path) using defaults
[1.461s] Level 1:colcon.colcon_core.package_discovery:discover_packages(prefix_path) check parameters
[1.461s] Level 1:colcon.colcon_core.package_discovery:discover_packages(prefix_path) discover
[1.507s] DEBUG:colcon.colcon_installed_package_information.package_discovery:Found 2 installed packages in /home/iec/colcon_ws/src/LeGO-LOAM-SR/install
[1.534s] DEBUG:colcon.colcon_installed_package_information.package_discovery:Found 268 installed packages in /opt/ros/galactic
[1.535s] Level 1:colcon.colcon_core.package_discovery:discover_packages(prefix_path) using defaults
[1.624s] Level 5:colcon.colcon_core.verb:set package 'cloud_msgs' build argument 'cmake_args' from command line to 'None'
[1.624s] Level 5:colcon.colcon_core.verb:set package 'cloud_msgs' build argument 'cmake_target' from command line to 'None'
[1.624s] Level 5:colcon.colcon_core.verb:set package 'cloud_msgs' build argument 'cmake_target_skip_unavailable' from command line to 'False'
[1.624s] Level 5:colcon.colcon_core.verb:set package 'cloud_msgs' build argument 'cmake_clean_cache' from command line to 'False'
[1.624s] Level 5:colcon.colcon_core.verb:set package 'cloud_msgs' build argument 'cmake_clean_first' from command line to 'False'
[1.624s] Level 5:colcon.colcon_core.verb:set package 'cloud_msgs' build argument 'cmake_force_configure' from command line to 'False'
[1.624s] Level 5:colcon.colcon_core.verb:set package 'cloud_msgs' build argument 'ament_cmake_args' from command line to 'None'
[1.624s] Level 5:colcon.colcon_core.verb:set package 'cloud_msgs' build argument 'catkin_cmake_args' from command line to 'None'
[1.624s] Level 5:colcon.colcon_core.verb:set package 'cloud_msgs' build argument 'catkin_skip_building_tests' from command line to 'False'
[1.624s] DEBUG:colcon.colcon_core.verb:Building package 'cloud_msgs' with the following arguments: {'ament_cmake_args': None, 'build_base': '/home/iec/colcon_ws/src/LeGO-LOAM-SR/build/cloud_msgs', 'catkin_cmake_args': None, 'catkin_skip_building_tests': False, 'cmake_args': None, 'cmake_clean_cache': False, 'cmake_clean_first': False, 'cmake_force_configure': False, 'cmake_target': None, 'cmake_target_skip_unavailable': False, 'install_base': '/home/iec/colcon_ws/src/LeGO-LOAM-SR/install/cloud_msgs', 'merge_install': False, 'path': '/home/iec/colcon_ws/src/LeGO-LOAM-SR/cloud_msgs', 'symlink_install': False, 'test_result_base': None}
[1.653s] Level 5:colcon.colcon_core.verb:set package 'lego_loam_sr' build argument 'cmake_args' from command line to 'None'
[1.654s] Level 5:colcon.colcon_core.verb:set package 'lego_loam_sr' build argument 'cmake_target' from command line to 'None'
[1.654s] Level 5:colcon.colcon_core.verb:set package 'lego_loam_sr' build argument 'cmake_target_skip_unavailable' from command line to 'False'
[1.654s] Level 5:colcon.colcon_core.verb:set package 'lego_loam_sr' build argument 'cmake_clean_cache' from command line to 'False'
[1.654s] Level 5:colcon.colcon_core.verb:set package 'lego_loam_sr' build argument 'cmake_clean_first' from command line to 'False'
[1.654s] Level 5:colcon.colcon_core.verb:set package 'lego_loam_sr' build argument 'cmake_force_configure' from command line to 'False'
[1.654s] Level 5:colcon.colcon_core.verb:set package 'lego_loam_sr' build argument 'ament_cmake_args' from command line to 'None'
[1.654s] Level 5:colcon.colcon_core.verb:set package 'lego_loam_sr' build argument 'catkin_cmake_args' from command line to 'None'
[1.654s] Level 5:colcon.colcon_core.verb:set package 'lego_loam_sr' build argument 'catkin_skip_building_tests' from command line to 'False'
[1.654s] DEBUG:colcon.colcon_core.verb:Building package 'lego_loam_sr' with the following arguments: {'ament_cmake_args': None, 'build_base': '/home/iec/colcon_ws/src/LeGO-LOAM-SR/build/lego_loam_sr', 'catkin_cmake_args': None, 'catkin_skip_building_tests': False, 'cmake_args': None, 'cmake_clean_cache': False, 'cmake_clean_first': False, 'cmake_force_configure': False, 'cmake_target': None, 'cmake_target_skip_unavailable': False, 'install_base': '/home/iec/colcon_ws/src/LeGO-LOAM-SR/install/lego_loam_sr', 'merge_install': False, 'path': '/home/iec/colcon_ws/src/LeGO-LOAM-SR/LeGO-LOAM', 'symlink_install': False, 'test_result_base': None}
[1.675s] INFO:colcon.colcon_core.executor:Executing jobs using 'parallel' executor
[1.698s] DEBUG:colcon.colcon_parallel_executor.executor.parallel:run_until_complete
[1.698s] INFO:colcon.colcon_ros.task.ament_cmake.build:Building ROS package in '/home/iec/colcon_ws/src/LeGO-LOAM-SR/cloud_msgs' with build type 'ament_cmake'
[1.698s] INFO:colcon.colcon_cmake.task.cmake.build:Building CMake package in '/home/iec/colcon_ws/src/LeGO-LOAM-SR/cloud_msgs'
[1.722s] INFO:colcon.colcon_core.plugin_system:Skipping extension 'colcon_core.shell.bat': Not used on non-Windows systems
[1.722s] INFO:colcon.colcon_core.shell:Skip shell extension 'powershell' for command environment: Not usable outside of PowerShell
[1.722s] DEBUG:colcon.colcon_core.shell:Skip shell extension 'dsv' for command environment
[1.796s] DEBUG:colcon.colcon_core.event_handler.log_command:Invoking command in '/home/iec/colcon_ws/src/LeGO-LOAM-SR/build/cloud_msgs': CMAKE_PREFIX_PATH=${CMAKE_PREFIX_PATH}:/opt/ros/galactic /usr/bin/cmake --build /home/iec/colcon_ws/src/LeGO-LOAM-SR/build/cloud_msgs -- -j16 -l16
[1.949s] DEBUG:colcon.colcon_core.event_handler.log_command:Invoked command in '/home/iec/colcon_ws/src/LeGO-LOAM-SR/build/cloud_msgs' returned '0': CMAKE_PREFIX_PATH=${CMAKE_PREFIX_PATH}:/opt/ros/galactic /usr/bin/cmake --build /home/iec/colcon_ws/src/LeGO-LOAM-SR/build/cloud_msgs -- -j16 -l16
[1.988s] DEBUG:colcon.colcon_core.event_handler.log_command:Invoking command in '/home/iec/colcon_ws/src/LeGO-LOAM-SR/build/cloud_msgs': CMAKE_PREFIX_PATH=${CMAKE_PREFIX_PATH}:/opt/ros/galactic /usr/bin/cmake --install /home/iec/colcon_ws/src/LeGO-LOAM-SR/build/cloud_msgs
[2.020s] Level 1:colcon.colcon_core.environment:create_environment_scripts_only(cloud_msgs)
[2.020s] DEBUG:colcon.colcon_core.event_handler.log_command:Invoked command in '/home/iec/colcon_ws/src/LeGO-LOAM-SR/build/cloud_msgs' returned '0': CMAKE_PREFIX_PATH=${CMAKE_PREFIX_PATH}:/opt/ros/galactic /usr/bin/cmake --install /home/iec/colcon_ws/src/LeGO-LOAM-SR/build/cloud_msgs
[2.044s] Level 1:colcon.colcon_core.environment:checking '/home/iec/colcon_ws/src/LeGO-LOAM-SR/install/cloud_msgs' for CMake module files
[2.045s] Level 1:colcon.colcon_core.environment:checking '/home/iec/colcon_ws/src/LeGO-LOAM-SR/install/cloud_msgs' for CMake config files
[2.045s] Level 1:colcon.colcon_core.shell:create_environment_hook('cloud_msgs', 'cmake_prefix_path')
[2.067s] INFO:colcon.colcon_core.shell:Creating environment hook '/home/iec/colcon_ws/src/LeGO-LOAM-SR/install/cloud_msgs/share/cloud_msgs/hook/cmake_prefix_path.ps1'
[2.067s] INFO:colcon.colcon_core.shell:Creating environment descriptor '/home/iec/colcon_ws/src/LeGO-LOAM-SR/install/cloud_msgs/share/cloud_msgs/hook/cmake_prefix_path.dsv'
[2.067s] INFO:colcon.colcon_core.shell:Creating environment hook '/home/iec/colcon_ws/src/LeGO-LOAM-SR/install/cloud_msgs/share/cloud_msgs/hook/cmake_prefix_path.sh'
[2.068s] Level 1:colcon.colcon_core.environment:checking '/home/iec/colcon_ws/src/LeGO-LOAM-SR/install/cloud_msgs/lib'
[2.068s] Level 1:colcon.colcon_core.shell:create_environment_hook('cloud_msgs', 'ld_library_path_lib')
[2.090s] INFO:colcon.colcon_core.shell:Creating environment hook '/home/iec/colcon_ws/src/LeGO-LOAM-SR/install/cloud_msgs/share/cloud_msgs/hook/ld_library_path_lib.ps1'
[2.090s] INFO:colcon.colcon_core.shell:Creating environment descriptor '/home/iec/colcon_ws/src/LeGO-LOAM-SR/install/cloud_msgs/share/cloud_msgs/hook/ld_library_path_lib.dsv'
[2.090s] INFO:colcon.colcon_core.shell:Creating environment hook '/home/iec/colcon_ws/src/LeGO-LOAM-SR/install/cloud_msgs/share/cloud_msgs/hook/ld_library_path_lib.sh'
[2.090s] Level 1:colcon.colcon_core.environment:checking '/home/iec/colcon_ws/src/LeGO-LOAM-SR/install/cloud_msgs/bin'
[2.090s] Level 1:colcon.colcon_core.environment:checking '/home/iec/colcon_ws/src/LeGO-LOAM-SR/install/cloud_msgs/lib/pkgconfig/cloud_msgs.pc'
[2.090s] Level 1:colcon.colcon_core.environment:checking '/home/iec/colcon_ws/src/LeGO-LOAM-SR/install/cloud_msgs/lib/python3.8/site-packages'
[2.090s] Level 1:colcon.colcon_core.shell:create_environment_hook('cloud_msgs', 'pythonpath')
[2.113s] INFO:colcon.colcon_core.shell:Creating environment hook '/home/iec/colcon_ws/src/LeGO-LOAM-SR/install/cloud_msgs/share/cloud_msgs/hook/pythonpath.ps1'
[2.113s] INFO:colcon.colcon_core.shell:Creating environment descriptor '/home/iec/colcon_ws/src/LeGO-LOAM-SR/install/cloud_msgs/share/cloud_msgs/hook/pythonpath.dsv'
[2.113s] INFO:colcon.colcon_core.shell:Creating environment hook '/home/iec/colcon_ws/src/LeGO-LOAM-SR/install/cloud_msgs/share/cloud_msgs/hook/pythonpath.sh'
[2.114s] Level 1:colcon.colcon_core.environment:checking '/home/iec/colcon_ws/src/LeGO-LOAM-SR/install/cloud_msgs/bin'
[2.136s] INFO:colcon.colcon_core.shell:Creating package script '/home/iec/colcon_ws/src/LeGO-LOAM-SR/install/cloud_msgs/share/cloud_msgs/package.ps1'
[2.137s] INFO:colcon.colcon_core.shell:Creating package descriptor '/home/iec/colcon_ws/src/LeGO-LOAM-SR/install/cloud_msgs/share/cloud_msgs/package.dsv'
[2.137s] INFO:colcon.colcon_core.shell:Creating package script '/home/iec/colcon_ws/src/LeGO-LOAM-SR/install/cloud_msgs/share/cloud_msgs/package.sh'
[2.138s] INFO:colcon.colcon_core.shell:Creating package script '/home/iec/colcon_ws/src/LeGO-LOAM-SR/install/cloud_msgs/share/cloud_msgs/package.bash'
[2.138s] INFO:colcon.colcon_core.shell:Creating package script '/home/iec/colcon_ws/src/LeGO-LOAM-SR/install/cloud_msgs/share/cloud_msgs/package.zsh'
[2.139s] Level 1:colcon.colcon_core.environment:create_file_with_runtime_dependencies(/home/iec/colcon_ws/src/LeGO-LOAM-SR/install/cloud_msgs/share/colcon-core/packages/cloud_msgs)
[2.190s] Level 1:colcon.colcon_core.environment:create_environment_scripts_only(cloud_msgs)
[2.215s] Level 1:colcon.colcon_core.environment:checking '/home/iec/colcon_ws/src/LeGO-LOAM-SR/install/cloud_msgs' for CMake module files
[2.215s] Level 1:colcon.colcon_core.environment:checking '/home/iec/colcon_ws/src/LeGO-LOAM-SR/install/cloud_msgs' for CMake config files
[2.215s] Level 1:colcon.colcon_core.shell:create_environment_hook('cloud_msgs', 'cmake_prefix_path')
[2.239s] INFO:colcon.colcon_core.shell:Creating environment hook '/home/iec/colcon_ws/src/LeGO-LOAM-SR/install/cloud_msgs/share/cloud_msgs/hook/cmake_prefix_path.ps1'
[2.239s] INFO:colcon.colcon_core.shell:Creating environment descriptor '/home/iec/colcon_ws/src/LeGO-LOAM-SR/install/cloud_msgs/share/cloud_msgs/hook/cmake_prefix_path.dsv'
[2.240s] INFO:colcon.colcon_core.shell:Creating environment hook '/home/iec/colcon_ws/src/LeGO-LOAM-SR/install/cloud_msgs/share/cloud_msgs/hook/cmake_prefix_path.sh'
[2.240s] Level 1:colcon.colcon_core.environment:checking '/home/iec/colcon_ws/src/LeGO-LOAM-SR/install/cloud_msgs/lib'
[2.240s] Level 1:colcon.colcon_core.shell:create_environment_hook('cloud_msgs', 'ld_library_path_lib')
[2.263s] INFO:colcon.colcon_core.shell:Creating environment hook '/home/iec/colcon_ws/src/LeGO-LOAM-SR/install/cloud_msgs/share/cloud_msgs/hook/ld_library_path_lib.ps1'
[2.264s] INFO:colcon.colcon_core.shell:Creating environment descriptor '/home/iec/colcon_ws/src/LeGO-LOAM-SR/install/cloud_msgs/share/cloud_msgs/hook/ld_library_path_lib.dsv'
[2.264s] INFO:colcon.colcon_core.shell:Creating environment hook '/home/iec/colcon_ws/src/LeGO-LOAM-SR/install/cloud_msgs/share/cloud_msgs/hook/ld_library_path_lib.sh'
[2.264s] Level 1:colcon.colcon_core.environment:checking '/home/iec/colcon_ws/src/LeGO-LOAM-SR/install/cloud_msgs/bin'
[2.264s] Level 1:colcon.colcon_core.environment:checking '/home/iec/colcon_ws/src/LeGO-LOAM-SR/install/cloud_msgs/lib/pkgconfig/cloud_msgs.pc'
[2.264s] Level 1:colcon.colcon_core.environment:checking '/home/iec/colcon_ws/src/LeGO-LOAM-SR/install/cloud_msgs/lib/python3.8/site-packages'
[2.264s] Level 1:colcon.colcon_core.shell:create_environment_hook('cloud_msgs', 'pythonpath')
[2.288s] INFO:colcon.colcon_core.shell:Creating environment hook '/home/iec/colcon_ws/src/LeGO-LOAM-SR/install/cloud_msgs/share/cloud_msgs/hook/pythonpath.ps1'
[2.289s] INFO:colcon.colcon_core.shell:Creating environment descriptor '/home/iec/colcon_ws/src/LeGO-LOAM-SR/install/cloud_msgs/share/cloud_msgs/hook/pythonpath.dsv'
[2.289s] INFO:colcon.colcon_core.shell:Creating environment hook '/home/iec/colcon_ws/src/LeGO-LOAM-SR/install/cloud_msgs/share/cloud_msgs/hook/pythonpath.sh'
[2.289s] Level 1:colcon.colcon_core.environment:checking '/home/iec/colcon_ws/src/LeGO-LOAM-SR/install/cloud_msgs/bin'
[2.315s] INFO:colcon.colcon_core.shell:Creating package script '/home/iec/colcon_ws/src/LeGO-LOAM-SR/install/cloud_msgs/share/cloud_msgs/package.ps1'
[2.315s] INFO:colcon.colcon_core.shell:Creating package descriptor '/home/iec/colcon_ws/src/LeGO-LOAM-SR/install/cloud_msgs/share/cloud_msgs/package.dsv'
[2.315s] INFO:colcon.colcon_core.shell:Creating package script '/home/iec/colcon_ws/src/LeGO-LOAM-SR/install/cloud_msgs/share/cloud_msgs/package.sh'
[2.316s] INFO:colcon.colcon_core.shell:Creating package script '/home/iec/colcon_ws/src/LeGO-LOAM-SR/install/cloud_msgs/share/cloud_msgs/package.bash'
[2.316s] INFO:colcon.colcon_core.shell:Creating package script '/home/iec/colcon_ws/src/LeGO-LOAM-SR/install/cloud_msgs/share/cloud_msgs/package.zsh'
[2.316s] Level 1:colcon.colcon_core.environment:create_file_with_runtime_dependencies(/home/iec/colcon_ws/src/LeGO-LOAM-SR/install/cloud_msgs/share/colcon-core/packages/cloud_msgs)
[2.316s] INFO:colcon.colcon_ros.task.ament_cmake.build:Building ROS package in '/home/iec/colcon_ws/src/LeGO-LOAM-SR/LeGO-LOAM' with build type 'ament_cmake'
[2.317s] INFO:colcon.colcon_cmake.task.cmake.build:Building CMake package in '/home/iec/colcon_ws/src/LeGO-LOAM-SR/LeGO-LOAM'
[2.342s] INFO:colcon.colcon_core.shell:Skip shell extension 'powershell' for command environment: Not usable outside of PowerShell
[2.342s] DEBUG:colcon.colcon_core.shell:Skip shell extension 'dsv' for command environment
[2.422s] DEBUG:colcon.colcon_core.event_handler.log_command:Invoking command in '/home/iec/colcon_ws/src/LeGO-LOAM-SR/build/lego_loam_sr': CMAKE_PREFIX_PATH=/home/iec/colcon_ws/src/LeGO-LOAM-SR/install/cloud_msgs:/home/iec/colcon_ws/src/LeGO-LOAM-SR/install/lego_loam_sr:/opt/ros/galactic /usr/bin/cmake --build /home/iec/colcon_ws/src/LeGO-LOAM-SR/build/lego_loam_sr -- -j16 -l16
[2.501s] DEBUG:colcon.colcon_core.event_handler.log_command:Invoked command in '/home/iec/colcon_ws/src/LeGO-LOAM-SR/build/lego_loam_sr' returned '0': CMAKE_PREFIX_PATH=/home/iec/colcon_ws/src/LeGO-LOAM-SR/install/cloud_msgs:/home/iec/colcon_ws/src/LeGO-LOAM-SR/install/lego_loam_sr:/opt/ros/galactic /usr/bin/cmake --build /home/iec/colcon_ws/src/LeGO-LOAM-SR/build/lego_loam_sr -- -j16 -l16
[2.538s] DEBUG:colcon.colcon_core.event_handler.log_command:Invoking command in '/home/iec/colcon_ws/src/LeGO-LOAM-SR/build/lego_loam_sr': CMAKE_PREFIX_PATH=/home/iec/colcon_ws/src/LeGO-LOAM-SR/install/cloud_msgs:/home/iec/colcon_ws/src/LeGO-LOAM-SR/install/lego_loam_sr:/opt/ros/galactic /usr/bin/cmake --install /home/iec/colcon_ws/src/LeGO-LOAM-SR/build/lego_loam_sr
[2.550s] Level 1:colcon.colcon_core.environment:create_environment_scripts_only(lego_loam_sr)
[2.550s] DEBUG:colcon.colcon_core.event_handler.log_command:Invoked command in '/home/iec/colcon_ws/src/LeGO-LOAM-SR/build/lego_loam_sr' returned '0': CMAKE_PREFIX_PATH=/home/iec/colcon_ws/src/LeGO-LOAM-SR/install/cloud_msgs:/home/iec/colcon_ws/src/LeGO-LOAM-SR/install/lego_loam_sr:/opt/ros/galactic /usr/bin/cmake --install /home/iec/colcon_ws/src/LeGO-LOAM-SR/build/lego_loam_sr
[2.576s] Level 1:colcon.colcon_core.environment:checking '/home/iec/colcon_ws/src/LeGO-LOAM-SR/install/lego_loam_sr' for CMake module files
[2.576s] Level 1:colcon.colcon_core.environment:checking '/home/iec/colcon_ws/src/LeGO-LOAM-SR/install/lego_loam_sr' for CMake config files
[2.576s] Level 1:colcon.colcon_core.shell:create_environment_hook('lego_loam_sr', 'cmake_prefix_path')
[2.598s] INFO:colcon.colcon_core.shell:Creating environment hook '/home/iec/colcon_ws/src/LeGO-LOAM-SR/install/lego_loam_sr/share/lego_loam_sr/hook/cmake_prefix_path.ps1'
[2.599s] INFO:colcon.colcon_core.shell:Creating environment descriptor '/home/iec/colcon_ws/src/LeGO-LOAM-SR/install/lego_loam_sr/share/lego_loam_sr/hook/cmake_prefix_path.dsv'
[2.599s] INFO:colcon.colcon_core.shell:Creating environment hook '/home/iec/colcon_ws/src/LeGO-LOAM-SR/install/lego_loam_sr/share/lego_loam_sr/hook/cmake_prefix_path.sh'
[2.599s] Level 1:colcon.colcon_core.environment:checking '/home/iec/colcon_ws/src/LeGO-LOAM-SR/install/lego_loam_sr/lib'
[2.599s] Level 1:colcon.colcon_core.environment:checking '/home/iec/colcon_ws/src/LeGO-LOAM-SR/install/lego_loam_sr/bin'
[2.599s] Level 1:colcon.colcon_core.environment:checking '/home/iec/colcon_ws/src/LeGO-LOAM-SR/install/lego_loam_sr/lib/pkgconfig/lego_loam_sr.pc'
[2.599s] Level 1:colcon.colcon_core.environment:checking '/home/iec/colcon_ws/src/LeGO-LOAM-SR/install/lego_loam_sr/lib/python3.8/site-packages'
[2.600s] Level 1:colcon.colcon_core.environment:checking '/home/iec/colcon_ws/src/LeGO-LOAM-SR/install/lego_loam_sr/bin'
[2.621s] INFO:colcon.colcon_core.shell:Creating package script '/home/iec/colcon_ws/src/LeGO-LOAM-SR/install/lego_loam_sr/share/lego_loam_sr/package.ps1'
[2.621s] INFO:colcon.colcon_core.shell:Creating package descriptor '/home/iec/colcon_ws/src/LeGO-LOAM-SR/install/lego_loam_sr/share/lego_loam_sr/package.dsv'
[2.622s] INFO:colcon.colcon_core.shell:Creating package script '/home/iec/colcon_ws/src/LeGO-LOAM-SR/install/lego_loam_sr/share/lego_loam_sr/package.sh'
[2.622s] INFO:colcon.colcon_core.shell:Creating package script '/home/iec/colcon_ws/src/LeGO-LOAM-SR/install/lego_loam_sr/share/lego_loam_sr/package.bash'
[2.622s] INFO:colcon.colcon_core.shell:Creating package script '/home/iec/colcon_ws/src/LeGO-LOAM-SR/install/lego_loam_sr/share/lego_loam_sr/package.zsh'
[2.622s] Level 1:colcon.colcon_core.environment:create_file_with_runtime_dependencies(/home/iec/colcon_ws/src/LeGO-LOAM-SR/install/lego_loam_sr/share/colcon-core/packages/lego_loam_sr)
[2.664s] Level 1:colcon.colcon_core.environment:create_environment_scripts_only(lego_loam_sr)
[2.697s] Level 1:colcon.colcon_core.environment:checking '/home/iec/colcon_ws/src/LeGO-LOAM-SR/install/lego_loam_sr' for CMake module files
[2.697s] Level 1:colcon.colcon_core.environment:checking '/home/iec/colcon_ws/src/LeGO-LOAM-SR/install/lego_loam_sr' for CMake config files
[2.697s] Level 1:colcon.colcon_core.shell:create_environment_hook('lego_loam_sr', 'cmake_prefix_path')
[2.720s] INFO:colcon.colcon_core.shell:Creating environment hook '/home/iec/colcon_ws/src/LeGO-LOAM-SR/install/lego_loam_sr/share/lego_loam_sr/hook/cmake_prefix_path.ps1'
[2.720s] INFO:colcon.colcon_core.shell:Creating environment descriptor '/home/iec/colcon_ws/src/LeGO-LOAM-SR/install/lego_loam_sr/share/lego_loam_sr/hook/cmake_prefix_path.dsv'
[2.720s] INFO:colcon.colcon_core.shell:Creating environment hook '/home/iec/colcon_ws/src/LeGO-LOAM-SR/install/lego_loam_sr/share/lego_loam_sr/hook/cmake_prefix_path.sh'
[2.721s] Level 1:colcon.colcon_core.environment:checking '/home/iec/colcon_ws/src/LeGO-LOAM-SR/install/lego_loam_sr/lib'
[2.721s] Level 1:colcon.colcon_core.environment:checking '/home/iec/colcon_ws/src/LeGO-LOAM-SR/install/lego_loam_sr/bin'
[2.721s] Level 1:colcon.colcon_core.environment:checking '/home/iec/colcon_ws/src/LeGO-LOAM-SR/install/lego_loam_sr/lib/pkgconfig/lego_loam_sr.pc'
[2.721s] Level 1:colcon.colcon_core.environment:checking '/home/iec/colcon_ws/src/LeGO-LOAM-SR/install/lego_loam_sr/lib/python3.8/site-packages'
[2.721s] Level 1:colcon.colcon_core.environment:checking '/home/iec/colcon_ws/src/LeGO-LOAM-SR/install/lego_loam_sr/bin'
[2.744s] INFO:colcon.colcon_core.shell:Creating package script '/home/iec/colcon_ws/src/LeGO-LOAM-SR/install/lego_loam_sr/share/lego_loam_sr/package.ps1'
[2.745s] INFO:colcon.colcon_core.shell:Creating package descriptor '/home/iec/colcon_ws/src/LeGO-LOAM-SR/install/lego_loam_sr/share/lego_loam_sr/package.dsv'
[2.745s] INFO:colcon.colcon_core.shell:Creating package script '/home/iec/colcon_ws/src/LeGO-LOAM-SR/install/lego_loam_sr/share/lego_loam_sr/package.sh'
[2.746s] INFO:colcon.colcon_core.shell:Creating package script '/home/iec/colcon_ws/src/LeGO-LOAM-SR/install/lego_loam_sr/share/lego_loam_sr/package.bash'
[2.746s] INFO:colcon.colcon_core.shell:Creating package script '/home/iec/colcon_ws/src/LeGO-LOAM-SR/install/lego_loam_sr/share/lego_loam_sr/package.zsh'
[2.746s] Level 1:colcon.colcon_core.environment:create_file_with_runtime_dependencies(/home/iec/colcon_ws/src/LeGO-LOAM-SR/install/lego_loam_sr/share/colcon-core/packages/lego_loam_sr)
[2.746s] DEBUG:colcon.colcon_parallel_executor.executor.parallel:closing loop
[2.747s] DEBUG:colcon.colcon_parallel_executor.executor.parallel:loop closed
[2.747s] DEBUG:colcon.colcon_parallel_executor.executor.parallel:run_until_complete finished with '0'
[2.747s] DEBUG:colcon.colcon_core.event_reactor:joining thread
[2.773s] INFO:colcon.colcon_core.plugin_system:Skipping extension 'colcon_notification.desktop_notification.terminal_notifier': Not used on non-Darwin systems
[2.773s] INFO:colcon.colcon_core.plugin_system:Skipping extension 'colcon_notification.desktop_notification.win32': Not used on non-Windows systems
[2.773s] INFO:colcon.colcon_notification.desktop_notification:Sending desktop notification using 'notify2'
[2.783s] DEBUG:colcon.colcon_core.event_reactor:joined thread
[2.805s] INFO:colcon.colcon_core.shell:Creating prefix script '/home/iec/colcon_ws/src/LeGO-LOAM-SR/install/local_setup.ps1'
[2.806s] INFO:colcon.colcon_core.shell:Creating prefix util module '/home/iec/colcon_ws/src/LeGO-LOAM-SR/install/_local_setup_util_ps1.py'
[2.807s] INFO:colcon.colcon_core.shell:Creating prefix chain script '/home/iec/colcon_ws/src/LeGO-LOAM-SR/install/setup.ps1'
[2.831s] INFO:colcon.colcon_core.shell:Creating prefix script '/home/iec/colcon_ws/src/LeGO-LOAM-SR/install/local_setup.sh'
[2.831s] INFO:colcon.colcon_core.shell:Creating prefix util module '/home/iec/colcon_ws/src/LeGO-LOAM-SR/install/_local_setup_util_sh.py'
[2.832s] INFO:colcon.colcon_core.shell:Creating prefix chain script '/home/iec/colcon_ws/src/LeGO-LOAM-SR/install/setup.sh'
[2.854s] INFO:colcon.colcon_core.shell:Creating prefix script '/home/iec/colcon_ws/src/LeGO-LOAM-SR/install/local_setup.bash'
[2.855s] INFO:colcon.colcon_core.shell:Creating prefix chain script '/home/iec/colcon_ws/src/LeGO-LOAM-SR/install/setup.bash'
[2.878s] INFO:colcon.colcon_core.shell:Creating prefix script '/home/iec/colcon_ws/src/LeGO-LOAM-SR/install/local_setup.zsh'
[2.878s] INFO:colcon.colcon_core.shell:Creating prefix chain script '/home/iec/colcon_ws/src/LeGO-LOAM-SR/install/setup.zsh'
