[0.079s] Invoking command in '/home/iec/colcon_ws/src/LeGO-LOAM-SR/build/cloud_msgs': /usr/bin/cmake --build /home/iec/colcon_ws/src/LeGO-LOAM-SR/build/cloud_msgs -- -j16 -l16
[1.467s] [  3%] Built target cloud_msgs__cpp
[1.747s] [ 12%] Built target cloud_msgs__rosidl_generator_c
[1.759s] [ 22%] Built target cloud_msgs__rosidl_typesupport_introspection_cpp
[1.796s] [ 32%] Built target cloud_msgs__rosidl_typesupport_cpp
[1.819s] [ 41%] Built target cloud_msgs__rosidl_typesupport_fastrtps_cpp
[1.820s] [ 51%] Built target cloud_msgs__rosidl_typesupport_c
[1.820s] [ 61%] Built target cloud_msgs__rosidl_typesupport_introspection_c
[1.892s] [ 70%] Built target cloud_msgs__rosidl_typesupport_fastrtps_c
[1.921s] [ 70%] Built target cloud_msgs
[1.950s] [ 74%] Built target cloud_msgs__py
[2.116s] [ 80%] Built target cloud_msgs__python
[2.220s] [100%] Built target cloud_msgs__rosidl_typesupport_c__pyext
[2.220s] [100%] Built target cloud_msgs__rosidl_typesupport_fastrtps_c__pyext
[2.220s] [100%] Built target cloud_msgs__rosidl_typesupport_introspection_c__pyext
[2.228s] Invoked command in '/home/iec/colcon_ws/src/LeGO-LOAM-SR/build/cloud_msgs' returned '0': /usr/bin/cmake --build /home/iec/colcon_ws/src/LeGO-LOAM-SR/build/cloud_msgs -- -j16 -l16
[2.262s] Invoking command in '/home/iec/colcon_ws/src/LeGO-LOAM-SR/build/cloud_msgs': /usr/bin/cmake --install /home/iec/colcon_ws/src/LeGO-LOAM-SR/build/cloud_msgs
[2.272s] -- Install configuration: ""
[2.312s] -- Up-to-date: /home/iec/colcon_ws/src/LeGO-LOAM-SR/install/cloud_msgs/share/ament_index/resource_index/rosidl_interfaces/cloud_msgs
[2.324s] -- Up-to-date: /home/iec/colcon_ws/src/LeGO-LOAM-SR/install/cloud_msgs/include/cloud_msgs
[2.324s] -- Up-to-date: /home/iec/colcon_ws/src/LeGO-LOAM-SR/install/cloud_msgs/include/cloud_msgs/msg
[2.324s] -- Up-to-date: /home/iec/colcon_ws/src/LeGO-LOAM-SR/install/cloud_msgs/include/cloud_msgs/msg/detail
[2.325s] -- Up-to-date: /home/iec/colcon_ws/src/LeGO-LOAM-SR/install/cloud_msgs/include/cloud_msgs/msg/detail/cloud_info__functions.h
[2.325s] -- Up-to-date: /home/iec/colcon_ws/src/LeGO-LOAM-SR/install/cloud_msgs/include/cloud_msgs/msg/detail/cloud_info__type_support.h
[2.325s] -- Up-to-date: /home/iec/colcon_ws/src/LeGO-LOAM-SR/install/cloud_msgs/include/cloud_msgs/msg/detail/cloud_info__struct.h
[2.325s] -- Up-to-date: /home/iec/colcon_ws/src/LeGO-LOAM-SR/install/cloud_msgs/include/cloud_msgs/msg/detail/cloud_info__functions.c
[2.325s] -- Up-to-date: /home/iec/colcon_ws/src/LeGO-LOAM-SR/install/cloud_msgs/include/cloud_msgs/msg/cloud_info.h
[2.326s] -- Up-to-date: /home/iec/colcon_ws/src/LeGO-LOAM-SR/install/cloud_msgs/include/cloud_msgs/msg/rosidl_generator_c__visibility_control.h
[2.326s] -- Up-to-date: /home/iec/colcon_ws/src/LeGO-LOAM-SR/install/cloud_msgs/share/cloud_msgs/environment/library_path.sh
[2.326s] -- Up-to-date: /home/iec/colcon_ws/src/LeGO-LOAM-SR/install/cloud_msgs/share/cloud_msgs/environment/library_path.dsv
[2.327s] -- Up-to-date: /home/iec/colcon_ws/src/LeGO-LOAM-SR/install/cloud_msgs/lib/libcloud_msgs__rosidl_generator_c.so
[2.327s] -- Up-to-date: /home/iec/colcon_ws/src/LeGO-LOAM-SR/install/cloud_msgs/include/cloud_msgs
[2.327s] -- Up-to-date: /home/iec/colcon_ws/src/LeGO-LOAM-SR/install/cloud_msgs/include/cloud_msgs/msg
[2.327s] -- Up-to-date: /home/iec/colcon_ws/src/LeGO-LOAM-SR/install/cloud_msgs/include/cloud_msgs/msg/rosidl_typesupport_fastrtps_c__visibility_control.h
[2.327s] -- Up-to-date: /home/iec/colcon_ws/src/LeGO-LOAM-SR/install/cloud_msgs/include/cloud_msgs/msg/detail
[2.327s] -- Up-to-date: /home/iec/colcon_ws/src/LeGO-LOAM-SR/install/cloud_msgs/include/cloud_msgs/msg/detail/cloud_info__rosidl_typesupport_fastrtps_c.h
[2.328s] -- Up-to-date: /home/iec/colcon_ws/src/LeGO-LOAM-SR/install/cloud_msgs/lib/libcloud_msgs__rosidl_typesupport_fastrtps_c.so
[2.328s] -- Up-to-date: /home/iec/colcon_ws/src/LeGO-LOAM-SR/install/cloud_msgs/include/cloud_msgs
[2.328s] -- Up-to-date: /home/iec/colcon_ws/src/LeGO-LOAM-SR/install/cloud_msgs/include/cloud_msgs/msg
[2.328s] -- Up-to-date: /home/iec/colcon_ws/src/LeGO-LOAM-SR/install/cloud_msgs/include/cloud_msgs/msg/detail
[2.356s] -- Up-to-date: /home/iec/colcon_ws/src/LeGO-LOAM-SR/install/cloud_msgs/include/cloud_msgs/msg/detail/dds_fastrtps
[2.356s] -- Up-to-date: /home/iec/colcon_ws/src/LeGO-LOAM-SR/install/cloud_msgs/include/cloud_msgs/msg/detail/cloud_info__rosidl_typesupport_fastrtps_cpp.hpp
[2.357s] -- Up-to-date: /home/iec/colcon_ws/src/LeGO-LOAM-SR/install/cloud_msgs/include/cloud_msgs/msg/rosidl_typesupport_fastrtps_cpp__visibility_control.h
[2.401s] -- Up-to-date: /home/iec/colcon_ws/src/LeGO-LOAM-SR/install/cloud_msgs/lib/libcloud_msgs__rosidl_typesupport_fastrtps_cpp.so
[2.402s] -- Up-to-date: /home/iec/colcon_ws/src/LeGO-LOAM-SR/install/cloud_msgs/include/cloud_msgs
[2.402s] -- Up-to-date: /home/iec/colcon_ws/src/LeGO-LOAM-SR/install/cloud_msgs/include/cloud_msgs/msg
[2.402s] -- Up-to-date: /home/iec/colcon_ws/src/LeGO-LOAM-SR/install/cloud_msgs/include/cloud_msgs/msg/rosidl_typesupport_introspection_c__visibility_control.h
[2.403s] -- Up-to-date: /home/iec/colcon_ws/src/LeGO-LOAM-SR/install/cloud_msgs/include/cloud_msgs/msg/detail
[2.403s] -- Up-to-date: /home/iec/colcon_ws/src/LeGO-LOAM-SR/install/cloud_msgs/include/cloud_msgs/msg/detail/cloud_info__rosidl_typesupport_introspection_c.h
[2.403s] -- Up-to-date: /home/iec/colcon_ws/src/LeGO-LOAM-SR/install/cloud_msgs/include/cloud_msgs/msg/detail/cloud_info__type_support.c
[2.403s] -- Up-to-date: /home/iec/colcon_ws/src/LeGO-LOAM-SR/install/cloud_msgs/lib/libcloud_msgs__rosidl_typesupport_introspection_c.so
[2.404s] -- Up-to-date: /home/iec/colcon_ws/src/LeGO-LOAM-SR/install/cloud_msgs/lib/libcloud_msgs__rosidl_typesupport_c.so
[2.404s] -- Up-to-date: /home/iec/colcon_ws/src/LeGO-LOAM-SR/install/cloud_msgs/include/cloud_msgs
[2.405s] -- Up-to-date: /home/iec/colcon_ws/src/LeGO-LOAM-SR/install/cloud_msgs/include/cloud_msgs/msg
[2.405s] -- Up-to-date: /home/iec/colcon_ws/src/LeGO-LOAM-SR/install/cloud_msgs/include/cloud_msgs/msg/detail
[2.405s] -- Up-to-date: /home/iec/colcon_ws/src/LeGO-LOAM-SR/install/cloud_msgs/include/cloud_msgs/msg/detail/cloud_info__struct.hpp
[2.405s] -- Up-to-date: /home/iec/colcon_ws/src/LeGO-LOAM-SR/install/cloud_msgs/include/cloud_msgs/msg/detail/cloud_info__builder.hpp
[2.405s] -- Up-to-date: /home/iec/colcon_ws/src/LeGO-LOAM-SR/install/cloud_msgs/include/cloud_msgs/msg/detail/cloud_info__traits.hpp
[2.406s] -- Up-to-date: /home/iec/colcon_ws/src/LeGO-LOAM-SR/install/cloud_msgs/include/cloud_msgs/msg/cloud_info.hpp
[2.406s] -- Up-to-date: /home/iec/colcon_ws/src/LeGO-LOAM-SR/install/cloud_msgs/include/cloud_msgs
[2.406s] -- Up-to-date: /home/iec/colcon_ws/src/LeGO-LOAM-SR/install/cloud_msgs/include/cloud_msgs/msg
[2.406s] -- Up-to-date: /home/iec/colcon_ws/src/LeGO-LOAM-SR/install/cloud_msgs/include/cloud_msgs/msg/detail
[2.406s] -- Up-to-date: /home/iec/colcon_ws/src/LeGO-LOAM-SR/install/cloud_msgs/include/cloud_msgs/msg/detail/cloud_info__type_support.cpp
[2.406s] -- Up-to-date: /home/iec/colcon_ws/src/LeGO-LOAM-SR/install/cloud_msgs/include/cloud_msgs/msg/detail/cloud_info__rosidl_typesupport_introspection_cpp.hpp
[2.495s] -- Up-to-date: /home/iec/colcon_ws/src/LeGO-LOAM-SR/install/cloud_msgs/lib/libcloud_msgs__rosidl_typesupport_introspection_cpp.so
[2.547s] -- Up-to-date: /home/iec/colcon_ws/src/LeGO-LOAM-SR/install/cloud_msgs/lib/libcloud_msgs__rosidl_typesupport_cpp.so
[2.548s] -- Up-to-date: /home/iec/colcon_ws/src/LeGO-LOAM-SR/install/cloud_msgs/share/cloud_msgs/environment/pythonpath.sh
[2.548s] -- Up-to-date: /home/iec/colcon_ws/src/LeGO-LOAM-SR/install/cloud_msgs/share/cloud_msgs/environment/pythonpath.dsv
[2.549s] -- Up-to-date: /home/iec/colcon_ws/src/LeGO-LOAM-SR/install/cloud_msgs/lib/python3.8/site-packages/cloud_msgs/__init__.py
[2.608s] -- Up-to-date: /home/iec/colcon_ws/src/LeGO-LOAM-SR/install/cloud_msgs/lib/python3.8/site-packages/cloud_msgs/msg
[2.617s] -- Up-to-date: /home/iec/colcon_ws/src/LeGO-LOAM-SR/install/cloud_msgs/lib/python3.8/site-packages/cloud_msgs/msg/__init__.py
[2.617s] -- Up-to-date: /home/iec/colcon_ws/src/LeGO-LOAM-SR/install/cloud_msgs/lib/python3.8/site-packages/cloud_msgs/msg/_cloud_info.py
[2.617s] -- Up-to-date: /home/iec/colcon_ws/src/LeGO-LOAM-SR/install/cloud_msgs/lib/python3.8/site-packages/cloud_msgs/msg/_cloud_info_s.c
[2.628s] -- Up-to-date: /home/iec/colcon_ws/src/LeGO-LOAM-SR/install/cloud_msgs/lib/python3.8/site-packages/cloud_msgs/cloud_msgs_s__rosidl_typesupport_fastrtps_c.cpython-38-x86_64-linux-gnu.so
[2.645s] -- Up-to-date: /home/iec/colcon_ws/src/LeGO-LOAM-SR/install/cloud_msgs/lib/python3.8/site-packages/cloud_msgs/cloud_msgs_s__rosidl_typesupport_introspection_c.cpython-38-x86_64-linux-gnu.so
[2.646s] -- Up-to-date: /home/iec/colcon_ws/src/LeGO-LOAM-SR/install/cloud_msgs/lib/python3.8/site-packages/cloud_msgs/cloud_msgs_s__rosidl_typesupport_c.cpython-38-x86_64-linux-gnu.so
[2.647s] -- Up-to-date: /home/iec/colcon_ws/src/LeGO-LOAM-SR/install/cloud_msgs/lib/libcloud_msgs__python.so
[2.648s] -- Up-to-date: /home/iec/colcon_ws/src/LeGO-LOAM-SR/install/cloud_msgs/share/cloud_msgs/msg/CloudInfo.idl
[2.648s] -- Up-to-date: /home/iec/colcon_ws/src/LeGO-LOAM-SR/install/cloud_msgs/share/cloud_msgs/msg/CloudInfo.msg
[2.649s] -- Up-to-date: /home/iec/colcon_ws/src/LeGO-LOAM-SR/install/cloud_msgs/share/ament_index/resource_index/package_run_dependencies/cloud_msgs
[2.660s] -- Up-to-date: /home/iec/colcon_ws/src/LeGO-LOAM-SR/install/cloud_msgs/share/ament_index/resource_index/parent_prefix_path/cloud_msgs
[2.660s] -- Up-to-date: /home/iec/colcon_ws/src/LeGO-LOAM-SR/install/cloud_msgs/share/cloud_msgs/environment/ament_prefix_path.sh
[2.660s] -- Up-to-date: /home/iec/colcon_ws/src/LeGO-LOAM-SR/install/cloud_msgs/share/cloud_msgs/environment/ament_prefix_path.dsv
[2.660s] -- Up-to-date: /home/iec/colcon_ws/src/LeGO-LOAM-SR/install/cloud_msgs/share/cloud_msgs/environment/path.sh
[2.660s] -- Up-to-date: /home/iec/colcon_ws/src/LeGO-LOAM-SR/install/cloud_msgs/share/cloud_msgs/environment/path.dsv
[2.661s] -- Up-to-date: /home/iec/colcon_ws/src/LeGO-LOAM-SR/install/cloud_msgs/share/cloud_msgs/local_setup.bash
[2.661s] -- Up-to-date: /home/iec/colcon_ws/src/LeGO-LOAM-SR/install/cloud_msgs/share/cloud_msgs/local_setup.sh
[2.661s] -- Up-to-date: /home/iec/colcon_ws/src/LeGO-LOAM-SR/install/cloud_msgs/share/cloud_msgs/local_setup.zsh
[2.661s] -- Up-to-date: /home/iec/colcon_ws/src/LeGO-LOAM-SR/install/cloud_msgs/share/cloud_msgs/local_setup.dsv
[2.661s] -- Installing: /home/iec/colcon_ws/src/LeGO-LOAM-SR/install/cloud_msgs/share/cloud_msgs/package.dsv
[2.661s] -- Up-to-date: /home/iec/colcon_ws/src/LeGO-LOAM-SR/install/cloud_msgs/share/ament_index/resource_index/packages/cloud_msgs
[2.710s] -- Up-to-date: /home/iec/colcon_ws/src/LeGO-LOAM-SR/install/cloud_msgs/share/cloud_msgs/cmake/cloud_msgs__rosidl_generator_cExport.cmake
[2.710s] -- Up-to-date: /home/iec/colcon_ws/src/LeGO-LOAM-SR/install/cloud_msgs/share/cloud_msgs/cmake/cloud_msgs__rosidl_generator_cExport-noconfig.cmake
[2.710s] -- Up-to-date: /home/iec/colcon_ws/src/LeGO-LOAM-SR/install/cloud_msgs/share/cloud_msgs/cmake/cloud_msgs__rosidl_typesupport_introspection_cExport.cmake
[2.711s] -- Up-to-date: /home/iec/colcon_ws/src/LeGO-LOAM-SR/install/cloud_msgs/share/cloud_msgs/cmake/cloud_msgs__rosidl_typesupport_introspection_cExport-noconfig.cmake
[2.720s] -- Up-to-date: /home/iec/colcon_ws/src/LeGO-LOAM-SR/install/cloud_msgs/share/cloud_msgs/cmake/cloud_msgs__rosidl_typesupport_cExport.cmake
[2.720s] -- Up-to-date: /home/iec/colcon_ws/src/LeGO-LOAM-SR/install/cloud_msgs/share/cloud_msgs/cmake/cloud_msgs__rosidl_typesupport_cExport-noconfig.cmake
[2.737s] -- Up-to-date: /home/iec/colcon_ws/src/LeGO-LOAM-SR/install/cloud_msgs/share/cloud_msgs/cmake/cloud_msgs__rosidl_generator_cppExport.cmake
[2.737s] -- Up-to-date: /home/iec/colcon_ws/src/LeGO-LOAM-SR/install/cloud_msgs/share/cloud_msgs/cmake/cloud_msgs__rosidl_typesupport_introspection_cppExport.cmake
[2.737s] -- Up-to-date: /home/iec/colcon_ws/src/LeGO-LOAM-SR/install/cloud_msgs/share/cloud_msgs/cmake/cloud_msgs__rosidl_typesupport_introspection_cppExport-noconfig.cmake
[2.751s] -- Up-to-date: /home/iec/colcon_ws/src/LeGO-LOAM-SR/install/cloud_msgs/share/cloud_msgs/cmake/cloud_msgs__rosidl_typesupport_cppExport.cmake
[2.751s] -- Up-to-date: /home/iec/colcon_ws/src/LeGO-LOAM-SR/install/cloud_msgs/share/cloud_msgs/cmake/cloud_msgs__rosidl_typesupport_cppExport-noconfig.cmake
[2.752s] -- Up-to-date: /home/iec/colcon_ws/src/LeGO-LOAM-SR/install/cloud_msgs/share/cloud_msgs/cmake/rosidl_cmake-extras.cmake
[2.752s] -- Up-to-date: /home/iec/colcon_ws/src/LeGO-LOAM-SR/install/cloud_msgs/share/cloud_msgs/cmake/ament_cmake_export_dependencies-extras.cmake
[2.752s] -- Up-to-date: /home/iec/colcon_ws/src/LeGO-LOAM-SR/install/cloud_msgs/share/cloud_msgs/cmake/ament_cmake_export_libraries-extras.cmake
[2.752s] -- Up-to-date: /home/iec/colcon_ws/src/LeGO-LOAM-SR/install/cloud_msgs/share/cloud_msgs/cmake/ament_cmake_export_targets-extras.cmake
[2.752s] -- Up-to-date: /home/iec/colcon_ws/src/LeGO-LOAM-SR/install/cloud_msgs/share/cloud_msgs/cmake/ament_cmake_export_include_directories-extras.cmake
[2.752s] -- Up-to-date: /home/iec/colcon_ws/src/LeGO-LOAM-SR/install/cloud_msgs/share/cloud_msgs/cmake/rosidl_cmake_export_typesupport_libraries-extras.cmake
[2.752s] -- Up-to-date: /home/iec/colcon_ws/src/LeGO-LOAM-SR/install/cloud_msgs/share/cloud_msgs/cmake/rosidl_cmake_export_typesupport_targets-extras.cmake
[2.752s] -- Up-to-date: /home/iec/colcon_ws/src/LeGO-LOAM-SR/install/cloud_msgs/share/cloud_msgs/cmake/cloud_msgsConfig.cmake
[2.752s] -- Up-to-date: /home/iec/colcon_ws/src/LeGO-LOAM-SR/install/cloud_msgs/share/cloud_msgs/cmake/cloud_msgsConfig-version.cmake
[2.753s] -- Up-to-date: /home/iec/colcon_ws/src/LeGO-LOAM-SR/install/cloud_msgs/share/cloud_msgs/package.xml
[2.774s] Invoked command in '/home/iec/colcon_ws/src/LeGO-LOAM-SR/build/cloud_msgs' returned '0': /usr/bin/cmake --install /home/iec/colcon_ws/src/LeGO-LOAM-SR/build/cloud_msgs
