[0.076s] Invoking command in '/home/iec/colcon_ws/src/LeGO-LOAM-SR/build/lego_loam_sr': AMENT_PREFIX_PATH=/home/iec/colcon_ws/src/LeGO-LOAM-SR/install/cloud_msgs:${AMENT_PREFIX_PATH} CMAKE_PREFIX_PATH=/home/iec/colcon_ws/src/LeGO-LOAM-SR/install/cloud_msgs:/opt/ros/galactic LD_LIBRARY_PATH=/home/iec/colcon_ws/src/LeGO-LOAM-SR/install/cloud_msgs/lib:${LD_LIBRARY_PATH} PYTHONPATH=/home/iec/colcon_ws/src/LeGO-LOAM-SR/install/cloud_msgs/lib/python3.8/site-packages:${PYTHONPATH} /usr/bin/cmake --build /home/iec/colcon_ws/src/LeGO-LOAM-SR/build/lego_loam_sr -- -j16 -l16
[0.144s] [100%] Built target lego_loam_sr
[0.155s] Invoked command in '/home/iec/colcon_ws/src/LeGO-LOAM-SR/build/lego_loam_sr' returned '0': AMENT_PREFIX_PATH=/home/iec/colcon_ws/src/LeGO-LOAM-SR/install/cloud_msgs:${AMENT_PREFIX_PATH} CMAKE_PREFIX_PATH=/home/iec/colcon_ws/src/LeGO-LOAM-SR/install/cloud_msgs:/opt/ros/galactic LD_LIBRARY_PATH=/home/iec/colcon_ws/src/LeGO-LOAM-SR/install/cloud_msgs/lib:${LD_LIBRARY_PATH} PYTHONPATH=/home/iec/colcon_ws/src/LeGO-LOAM-SR/install/cloud_msgs/lib/python3.8/site-packages:${PYTHONPATH} /usr/bin/cmake --build /home/iec/colcon_ws/src/LeGO-LOAM-SR/build/lego_loam_sr -- -j16 -l16
[0.177s] Invoking command in '/home/iec/colcon_ws/src/LeGO-LOAM-SR/build/lego_loam_sr': AMENT_PREFIX_PATH=/home/iec/colcon_ws/src/LeGO-LOAM-SR/install/cloud_msgs:${AMENT_PREFIX_PATH} CMAKE_PREFIX_PATH=/home/iec/colcon_ws/src/LeGO-LOAM-SR/install/cloud_msgs:/opt/ros/galactic LD_LIBRARY_PATH=/home/iec/colcon_ws/src/LeGO-LOAM-SR/install/cloud_msgs/lib:${LD_LIBRARY_PATH} PYTHONPATH=/home/iec/colcon_ws/src/LeGO-LOAM-SR/install/cloud_msgs/lib/python3.8/site-packages:${PYTHONPATH} /usr/bin/cmake --install /home/iec/colcon_ws/src/LeGO-LOAM-SR/build/lego_loam_sr
[0.184s] -- Install configuration: ""
[0.184s] -- Up-to-date: /home/iec/colcon_ws/src/LeGO-LOAM-SR/install/lego_loam_sr/lib/lego_loam_sr/lego_loam_sr
[0.184s] -- Up-to-date: /home/iec/colcon_ws/src/LeGO-LOAM-SR/install/lego_loam_sr/share/lego_loam_sr/config
[0.184s] -- Up-to-date: /home/iec/colcon_ws/src/LeGO-LOAM-SR/install/lego_loam_sr/share/lego_loam_sr/config/loam_config.yaml
[0.184s] -- Up-to-date: /home/iec/colcon_ws/src/LeGO-LOAM-SR/install/lego_loam_sr/share/lego_loam_sr/launch
[0.184s] -- Up-to-date: /home/iec/colcon_ws/src/LeGO-LOAM-SR/install/lego_loam_sr/share/lego_loam_sr/launch/record.launch.py
[0.184s] -- Up-to-date: /home/iec/colcon_ws/src/LeGO-LOAM-SR/install/lego_loam_sr/share/lego_loam_sr/launch/__pycache__
[0.184s] -- Installing: /home/iec/colcon_ws/src/LeGO-LOAM-SR/install/lego_loam_sr/share/lego_loam_sr/launch/__pycache__/run.launch.cpython-38.pyc
[0.184s] -- Up-to-date: /home/iec/colcon_ws/src/LeGO-LOAM-SR/install/lego_loam_sr/share/lego_loam_sr/launch/seg-total.jpg
[0.184s] -- Up-to-date: /home/iec/colcon_ws/src/LeGO-LOAM-SR/install/lego_loam_sr/share/lego_loam_sr/launch/run.launch.py
[0.184s] -- Up-to-date: /home/iec/colcon_ws/src/LeGO-LOAM-SR/install/lego_loam_sr/share/lego_loam_sr/launch/odometry.jpg
[0.184s] -- Up-to-date: /home/iec/colcon_ws/src/LeGO-LOAM-SR/install/lego_loam_sr/share/lego_loam_sr/launch/dataset-demo.gif
[0.185s] -- Up-to-date: /home/iec/colcon_ws/src/LeGO-LOAM-SR/install/lego_loam_sr/share/lego_loam_sr/launch/record.launch.xml
[0.185s] -- Up-to-date: /home/iec/colcon_ws/src/LeGO-LOAM-SR/install/lego_loam_sr/share/lego_loam_sr/launch/google-earth.png
[0.185s] -- Up-to-date: /home/iec/colcon_ws/src/LeGO-LOAM-SR/install/lego_loam_sr/share/lego_loam_sr/launch/block.png
[0.185s] -- Up-to-date: /home/iec/colcon_ws/src/LeGO-LOAM-SR/install/lego_loam_sr/share/lego_loam_sr/launch/demo.gif
[0.185s] -- Up-to-date: /home/iec/colcon_ws/src/LeGO-LOAM-SR/install/lego_loam_sr/share/lego_loam_sr/rviz
[0.185s] -- Up-to-date: /home/iec/colcon_ws/src/LeGO-LOAM-SR/install/lego_loam_sr/share/lego_loam_sr/rviz/test.rviz
[0.185s] -- Up-to-date: /home/iec/colcon_ws/src/LeGO-LOAM-SR/install/lego_loam_sr/share/ament_index/resource_index/package_run_dependencies/lego_loam_sr
[0.185s] -- Up-to-date: /home/iec/colcon_ws/src/LeGO-LOAM-SR/install/lego_loam_sr/share/ament_index/resource_index/parent_prefix_path/lego_loam_sr
[0.185s] -- Up-to-date: /home/iec/colcon_ws/src/LeGO-LOAM-SR/install/lego_loam_sr/share/lego_loam_sr/environment/ament_prefix_path.sh
[0.185s] -- Up-to-date: /home/iec/colcon_ws/src/LeGO-LOAM-SR/install/lego_loam_sr/share/lego_loam_sr/environment/ament_prefix_path.dsv
[0.185s] -- Up-to-date: /home/iec/colcon_ws/src/LeGO-LOAM-SR/install/lego_loam_sr/share/lego_loam_sr/environment/path.sh
[0.185s] -- Up-to-date: /home/iec/colcon_ws/src/LeGO-LOAM-SR/install/lego_loam_sr/share/lego_loam_sr/environment/path.dsv
[0.185s] -- Up-to-date: /home/iec/colcon_ws/src/LeGO-LOAM-SR/install/lego_loam_sr/share/lego_loam_sr/local_setup.bash
[0.185s] -- Up-to-date: /home/iec/colcon_ws/src/LeGO-LOAM-SR/install/lego_loam_sr/share/lego_loam_sr/local_setup.sh
[0.185s] -- Up-to-date: /home/iec/colcon_ws/src/LeGO-LOAM-SR/install/lego_loam_sr/share/lego_loam_sr/local_setup.zsh
[0.185s] -- Up-to-date: /home/iec/colcon_ws/src/LeGO-LOAM-SR/install/lego_loam_sr/share/lego_loam_sr/local_setup.dsv
[0.185s] -- Installing: /home/iec/colcon_ws/src/LeGO-LOAM-SR/install/lego_loam_sr/share/lego_loam_sr/package.dsv
[0.185s] -- Up-to-date: /home/iec/colcon_ws/src/LeGO-LOAM-SR/install/lego_loam_sr/share/ament_index/resource_index/packages/lego_loam_sr
[0.185s] -- Up-to-date: /home/iec/colcon_ws/src/LeGO-LOAM-SR/install/lego_loam_sr/share/lego_loam_sr/cmake/ament_cmake_export_include_directories-extras.cmake
[0.185s] -- Up-to-date: /home/iec/colcon_ws/src/LeGO-LOAM-SR/install/lego_loam_sr/share/lego_loam_sr/cmake/lego_loam_srConfig.cmake
[0.185s] -- Up-to-date: /home/iec/colcon_ws/src/LeGO-LOAM-SR/install/lego_loam_sr/share/lego_loam_sr/cmake/lego_loam_srConfig-version.cmake
[0.185s] -- Up-to-date: /home/iec/colcon_ws/src/LeGO-LOAM-SR/install/lego_loam_sr/share/lego_loam_sr/package.xml
[0.187s] Invoked command in '/home/iec/colcon_ws/src/LeGO-LOAM-SR/build/lego_loam_sr' returned '0': AMENT_PREFIX_PATH=/home/iec/colcon_ws/src/LeGO-LOAM-SR/install/cloud_msgs:${AMENT_PREFIX_PATH} CMAKE_PREFIX_PATH=/home/iec/colcon_ws/src/LeGO-LOAM-SR/install/cloud_msgs:/opt/ros/galactic LD_LIBRARY_PATH=/home/iec/colcon_ws/src/LeGO-LOAM-SR/install/cloud_msgs/lib:${LD_LIBRARY_PATH} PYTHONPATH=/home/iec/colcon_ws/src/LeGO-LOAM-SR/install/cloud_msgs/lib/python3.8/site-packages:${PYTHONPATH} /usr/bin/cmake --install /home/iec/colcon_ws/src/LeGO-LOAM-SR/build/lego_loam_sr
