[0.022s] Invoking command in '/home/iec/colcon_ws/src/LeGO-LOAM-SR/build/cloud_msgs': CMAKE_PREFIX_PATH=/opt/ros/galactic /usr/bin/cmake /home/iec/colcon_ws/src/LeGO-LOAM-SR/cloud_msgs -DCMAKE_INSTALL_PREFIX=/home/iec/colcon_ws/src/LeGO-LOAM-SR/install/cloud_msgs
[2.137s] -- The C compiler identification is GNU 9.4.0
[3.095s] -- The CXX compiler identification is GNU 9.4.0
[3.158s] -- Check for working C compiler: /usr/bin/cc
[3.338s] -- Check for working C compiler: /usr/bin/cc -- works
[3.377s] -- Detecting C compiler ABI info
[3.730s] -- Detecting C compiler ABI info - done
[3.745s] -- Detecting C compile features
[3.761s] -- Detecting C compile features - done
[3.763s] -- Check for working CXX compiler: /usr/bin/c++
[3.842s] -- Check for working CXX compiler: /usr/bin/c++ -- works
[3.842s] -- Detecting CXX compiler ABI info
[3.928s] -- Detecting CXX compiler ABI info - done
[3.935s] -- Detecting CXX compile features
[3.935s] -- Detecting CXX compile features - done
[4.060s] -- Found ament_cmake: 1.1.6 (/opt/ros/galactic/share/ament_cmake/cmake)
[4.144s] -- Found PythonInterp: /usr/bin/python3 (found suitable version "3.8.10", minimum required is "3") 
[4.144s] -- Using PYTHON_EXECUTABLE: /usr/bin/python3
[4.373s] -- Found std_msgs: 2.2.4 (/opt/ros/galactic/share/std_msgs/cmake)
[4.537s] -- Using all available rosidl_typesupport_c: rosidl_typesupport_fastrtps_c;rosidl_typesupport_introspection_c
[4.586s] -- Found rosidl_adapter: 2.2.3 (/opt/ros/galactic/share/rosidl_adapter/cmake)
[5.422s] -- Found OpenSSL: /usr/lib/x86_64-linux-gnu/libcrypto.so (found version "1.1.1f")  
[5.452s] -- Found FastRTPS: /opt/ros/galactic/include  
[5.590s] -- Using all available rosidl_typesupport_cpp: rosidl_typesupport_fastrtps_cpp;rosidl_typesupport_introspection_cpp
[5.760s] -- Found rosidl_default_generators: 1.1.1 (/opt/ros/galactic/share/rosidl_default_generators/cmake)
[5.849s] -- Found PythonInterp: /usr/bin/python3 (found version "3.8.10") 
[5.975s] -- Found ament_cmake_ros: 0.9.2 (/opt/ros/galactic/share/ament_cmake_ros/cmake)
[6.149s] -- Using all available rosidl_typesupport_c: rosidl_typesupport_fastrtps_c;rosidl_typesupport_introspection_c
[6.186s] -- Using all available rosidl_typesupport_cpp: rosidl_typesupport_fastrtps_cpp;rosidl_typesupport_introspection_cpp
[6.200s] -- Found PythonInterp: /usr/bin/python3 (found suitable version "3.8.10", minimum required is "3.5") 
[6.229s] -- Found python_cmake_module: 0.8.1 (/opt/ros/galactic/share/python_cmake_module/cmake)
[6.341s] -- Found PythonLibs: /usr/lib/x86_64-linux-gnu/libpython3.8.so (found suitable version "3.8.10", minimum required is "3.5") 
[6.342s] -- Using PYTHON_EXECUTABLE: /usr/bin/python3
[6.342s] -- Using PYTHON_INCLUDE_DIRS: /usr/include/python3.8
[6.342s] -- Using PYTHON_LIBRARIES: /usr/lib/x86_64-linux-gnu/libpython3.8.so
[6.370s] -- Found PythonExtra: .so  
[6.506s] -- Configuring done
[6.748s] -- Generating done
[6.750s] -- Build files have been written to: /home/iec/colcon_ws/src/LeGO-LOAM-SR/build/cloud_msgs
[6.754s] Invoked command in '/home/iec/colcon_ws/src/LeGO-LOAM-SR/build/cloud_msgs' returned '0': CMAKE_PREFIX_PATH=/opt/ros/galactic /usr/bin/cmake /home/iec/colcon_ws/src/LeGO-LOAM-SR/cloud_msgs -DCMAKE_INSTALL_PREFIX=/home/iec/colcon_ws/src/LeGO-LOAM-SR/install/cloud_msgs
[6.756s] Invoking command in '/home/iec/colcon_ws/src/LeGO-LOAM-SR/build/cloud_msgs': CMAKE_PREFIX_PATH=/opt/ros/galactic /usr/bin/cmake --build /home/iec/colcon_ws/src/LeGO-LOAM-SR/build/cloud_msgs -- -j16 -l16
[6.783s] [35m[1mScanning dependencies of target cloud_msgs__cpp[0m
[6.784s] [  3%] [34m[1mGenerating C code for ROS interfaces[0m
[6.792s] [  6%] [34m[1mGenerating C++ code for ROS interfaces[0m
[7.171s] [  6%] Built target cloud_msgs__cpp
[7.175s] [35m[1mScanning dependencies of target cloud_msgs__rosidl_generator_c[0m
[7.249s] [ 12%] [34m[1mGenerating C++ introspection for ROS interfaces[0m
[7.271s] [ 16%] [34m[1mGenerating C++ type support dispatch for ROS interfaces[0m
[7.271s] [ 12%] [34m[1mGenerating C++ type support for eProsima Fast-RTPS[0m
[7.376s] [ 19%] [32mBuilding C object CMakeFiles/cloud_msgs__rosidl_generator_c.dir/rosidl_generator_c/cloud_msgs/msg/detail/cloud_info__functions.c.o[0m
[7.458s] [35m[1mScanning dependencies of target cloud_msgs__rosidl_typesupport_cpp[0m
[7.468s] [35m[1mScanning dependencies of target cloud_msgs__rosidl_typesupport_introspection_cpp[0m
[7.473s] [35m[1mScanning dependencies of target cloud_msgs__rosidl_typesupport_fastrtps_cpp[0m
[7.634s] [ 25%] [32mBuilding CXX object CMakeFiles/cloud_msgs__rosidl_typesupport_introspection_cpp.dir/rosidl_typesupport_introspection_cpp/cloud_msgs/msg/detail/cloud_info__type_support.cpp.o[0m
[7.635s] [ 25%] [32mBuilding CXX object CMakeFiles/cloud_msgs__rosidl_typesupport_cpp.dir/rosidl_typesupport_cpp/cloud_msgs/msg/cloud_info__type_support.cpp.o[0m
[7.697s] [ 29%] [32mBuilding CXX object CMakeFiles/cloud_msgs__rosidl_typesupport_fastrtps_cpp.dir/rosidl_typesupport_fastrtps_cpp/cloud_msgs/msg/detail/dds_fastrtps/cloud_info__type_support.cpp.o[0m
[8.372s] [ 32%] [32m[1mLinking C shared library libcloud_msgs__rosidl_generator_c.so[0m
[9.449s] [ 32%] Built target cloud_msgs__rosidl_generator_c
[9.462s] [ 35%] [34m[1mGenerating C type support dispatch for ROS interfaces[0m
[9.462s] [ 38%] [34m[1mGenerating C introspection for ROS interfaces[0m
[9.627s] [35m[1mScanning dependencies of target cloud_msgs__rosidl_typesupport_c[0m
[9.641s] [35m[1mScanning dependencies of target cloud_msgs__rosidl_typesupport_introspection_c[0m
[9.648s] [ 41%] [32mBuilding CXX object CMakeFiles/cloud_msgs__rosidl_typesupport_c.dir/rosidl_typesupport_c/cloud_msgs/msg/cloud_info__type_support.cpp.o[0m
[9.786s] [ 45%] [32mBuilding C object CMakeFiles/cloud_msgs__rosidl_typesupport_introspection_c.dir/rosidl_typesupport_introspection_c/cloud_msgs/msg/detail/cloud_info__type_support.c.o[0m
[9.806s] [ 48%] [32m[1mLinking CXX shared library libcloud_msgs__rosidl_typesupport_c.so[0m
[9.817s] [ 51%] [32m[1mLinking C shared library libcloud_msgs__rosidl_typesupport_introspection_c.so[0m
[9.836s] [ 51%] Built target cloud_msgs__rosidl_typesupport_c
[9.839s] [ 51%] Built target cloud_msgs__rosidl_typesupport_introspection_c
[9.958s] [ 54%] [32m[1mLinking CXX shared library libcloud_msgs__rosidl_typesupport_cpp.so[0m
[9.984s] [ 54%] Built target cloud_msgs__rosidl_typesupport_cpp
[10.135s] [ 58%] [32m[1mLinking CXX shared library libcloud_msgs__rosidl_typesupport_introspection_cpp.so[0m
[10.182s] [ 58%] Built target cloud_msgs__rosidl_typesupport_introspection_cpp
[10.572s] [ 61%] [32m[1mLinking CXX shared library libcloud_msgs__rosidl_typesupport_fastrtps_cpp.so[0m
[11.191s] [ 61%] Built target cloud_msgs__rosidl_typesupport_fastrtps_cpp
[11.197s] [ 64%] [34m[1mGenerating C type support for eProsima Fast-RTPS[0m
[11.472s] [35m[1mScanning dependencies of target cloud_msgs__rosidl_typesupport_fastrtps_c[0m
[11.503s] [ 67%] [32mBuilding CXX object CMakeFiles/cloud_msgs__rosidl_typesupport_fastrtps_c.dir/rosidl_typesupport_fastrtps_c/cloud_msgs/msg/detail/cloud_info__type_support_c.cpp.o[0m
[11.709s] [ 70%] [32m[1mLinking CXX shared library libcloud_msgs__rosidl_typesupport_fastrtps_c.so[0m
[11.771s] [ 70%] Built target cloud_msgs__rosidl_typesupport_fastrtps_c
[11.778s] [35m[1mScanning dependencies of target cloud_msgs[0m
[11.785s] [ 70%] Built target cloud_msgs
[11.792s] [35m[1mScanning dependencies of target cloud_msgs__py[0m
[11.799s] [ 74%] [34m[1mGenerating Python code for ROS interfaces[0m
[12.375s] [ 74%] Built target cloud_msgs__py
[12.381s] [35m[1mScanning dependencies of target cloud_msgs__python[0m
[12.842s] [ 77%] [32mBuilding C object CMakeFiles/cloud_msgs__python.dir/rosidl_generator_py/cloud_msgs/msg/_cloud_info_s.c.o[0m
[13.693s] [ 80%] [32m[1mLinking C shared library rosidl_generator_py/cloud_msgs/libcloud_msgs__python.so[0m
[13.738s] [ 80%] Built target cloud_msgs__python
[13.745s] [35m[1mScanning dependencies of target cloud_msgs__rosidl_typesupport_c__pyext[0m
[13.745s] [35m[1mScanning dependencies of target cloud_msgs__rosidl_typesupport_fastrtps_c__pyext[0m
[13.745s] [35m[1mScanning dependencies of target cloud_msgs__rosidl_typesupport_introspection_c__pyext[0m
[13.784s] [ 87%] [32mBuilding C object CMakeFiles/cloud_msgs__rosidl_typesupport_fastrtps_c__pyext.dir/rosidl_generator_py/cloud_msgs/_cloud_msgs_s.ep.rosidl_typesupport_fastrtps_c.c.o[0m
[13.784s] [ 90%] [32mBuilding C object CMakeFiles/cloud_msgs__rosidl_typesupport_introspection_c__pyext.dir/rosidl_generator_py/cloud_msgs/_cloud_msgs_s.ep.rosidl_typesupport_introspection_c.c.o[0m
[13.784s] [ 90%] [32mBuilding C object CMakeFiles/cloud_msgs__rosidl_typesupport_c__pyext.dir/rosidl_generator_py/cloud_msgs/_cloud_msgs_s.ep.rosidl_typesupport_c.c.o[0m
[13.845s] [100%] [32m[1mLinking C shared library rosidl_generator_py/cloud_msgs/cloud_msgs_s__rosidl_typesupport_introspection_c.cpython-38-x86_64-linux-gnu.so[0m
[13.845s] [100%] [32m[1mLinking CXX shared library rosidl_generator_py/cloud_msgs/cloud_msgs_s__rosidl_typesupport_fastrtps_c.cpython-38-x86_64-linux-gnu.so[0m
[13.845s] [100%] [32m[1mLinking C shared library rosidl_generator_py/cloud_msgs/cloud_msgs_s__rosidl_typesupport_c.cpython-38-x86_64-linux-gnu.so[0m
[13.869s] [100%] Built target cloud_msgs__rosidl_typesupport_c__pyext
[13.869s] [100%] Built target cloud_msgs__rosidl_typesupport_introspection_c__pyext
[13.886s] [100%] Built target cloud_msgs__rosidl_typesupport_fastrtps_c__pyext
[13.906s] Invoked command in '/home/iec/colcon_ws/src/LeGO-LOAM-SR/build/cloud_msgs' returned '0': CMAKE_PREFIX_PATH=/opt/ros/galactic /usr/bin/cmake --build /home/iec/colcon_ws/src/LeGO-LOAM-SR/build/cloud_msgs -- -j16 -l16
[13.941s] Invoking command in '/home/iec/colcon_ws/src/LeGO-LOAM-SR/build/cloud_msgs': CMAKE_PREFIX_PATH=/opt/ros/galactic /usr/bin/cmake --install /home/iec/colcon_ws/src/LeGO-LOAM-SR/build/cloud_msgs
[13.946s] -- Install configuration: ""
[13.946s] -- Installing: /home/iec/colcon_ws/src/LeGO-LOAM-SR/install/cloud_msgs/share/ament_index/resource_index/rosidl_interfaces/cloud_msgs
[13.946s] -- Installing: /home/iec/colcon_ws/src/LeGO-LOAM-SR/install/cloud_msgs/include/cloud_msgs
[13.946s] -- Installing: /home/iec/colcon_ws/src/LeGO-LOAM-SR/install/cloud_msgs/include/cloud_msgs/msg
[13.946s] -- Installing: /home/iec/colcon_ws/src/LeGO-LOAM-SR/install/cloud_msgs/include/cloud_msgs/msg/detail
[13.946s] -- Installing: /home/iec/colcon_ws/src/LeGO-LOAM-SR/install/cloud_msgs/include/cloud_msgs/msg/detail/cloud_info__functions.h
[13.946s] -- Installing: /home/iec/colcon_ws/src/LeGO-LOAM-SR/install/cloud_msgs/include/cloud_msgs/msg/detail/cloud_info__type_support.h
[13.946s] -- Installing: /home/iec/colcon_ws/src/LeGO-LOAM-SR/install/cloud_msgs/include/cloud_msgs/msg/detail/cloud_info__struct.h
[13.946s] -- Installing: /home/iec/colcon_ws/src/LeGO-LOAM-SR/install/cloud_msgs/include/cloud_msgs/msg/detail/cloud_info__functions.c
[13.946s] -- Installing: /home/iec/colcon_ws/src/LeGO-LOAM-SR/install/cloud_msgs/include/cloud_msgs/msg/cloud_info.h
[13.946s] -- Installing: /home/iec/colcon_ws/src/LeGO-LOAM-SR/install/cloud_msgs/include/cloud_msgs/msg/rosidl_generator_c__visibility_control.h
[13.946s] -- Installing: /home/iec/colcon_ws/src/LeGO-LOAM-SR/install/cloud_msgs/share/cloud_msgs/environment/library_path.sh
[13.947s] -- Installing: /home/iec/colcon_ws/src/LeGO-LOAM-SR/install/cloud_msgs/share/cloud_msgs/environment/library_path.dsv
[13.947s] -- Installing: /home/iec/colcon_ws/src/LeGO-LOAM-SR/install/cloud_msgs/lib/libcloud_msgs__rosidl_generator_c.so
[13.947s] -- Set runtime path of "/home/iec/colcon_ws/src/LeGO-LOAM-SR/install/cloud_msgs/lib/libcloud_msgs__rosidl_generator_c.so" to ""
[13.947s] -- Up-to-date: /home/iec/colcon_ws/src/LeGO-LOAM-SR/install/cloud_msgs/include/cloud_msgs
[13.947s] -- Up-to-date: /home/iec/colcon_ws/src/LeGO-LOAM-SR/install/cloud_msgs/include/cloud_msgs/msg
[13.947s] -- Installing: /home/iec/colcon_ws/src/LeGO-LOAM-SR/install/cloud_msgs/include/cloud_msgs/msg/rosidl_typesupport_fastrtps_c__visibility_control.h
[13.947s] -- Up-to-date: /home/iec/colcon_ws/src/LeGO-LOAM-SR/install/cloud_msgs/include/cloud_msgs/msg/detail
[13.947s] -- Installing: /home/iec/colcon_ws/src/LeGO-LOAM-SR/install/cloud_msgs/include/cloud_msgs/msg/detail/cloud_info__rosidl_typesupport_fastrtps_c.h
[13.947s] -- Installing: /home/iec/colcon_ws/src/LeGO-LOAM-SR/install/cloud_msgs/lib/libcloud_msgs__rosidl_typesupport_fastrtps_c.so
[13.947s] -- Set runtime path of "/home/iec/colcon_ws/src/LeGO-LOAM-SR/install/cloud_msgs/lib/libcloud_msgs__rosidl_typesupport_fastrtps_c.so" to ""
[13.947s] -- Up-to-date: /home/iec/colcon_ws/src/LeGO-LOAM-SR/install/cloud_msgs/include/cloud_msgs
[13.947s] -- Up-to-date: /home/iec/colcon_ws/src/LeGO-LOAM-SR/install/cloud_msgs/include/cloud_msgs/msg
[13.947s] -- Up-to-date: /home/iec/colcon_ws/src/LeGO-LOAM-SR/install/cloud_msgs/include/cloud_msgs/msg/detail
[13.947s] -- Installing: /home/iec/colcon_ws/src/LeGO-LOAM-SR/install/cloud_msgs/include/cloud_msgs/msg/detail/dds_fastrtps
[13.948s] -- Installing: /home/iec/colcon_ws/src/LeGO-LOAM-SR/install/cloud_msgs/include/cloud_msgs/msg/detail/cloud_info__rosidl_typesupport_fastrtps_cpp.hpp
[13.948s] -- Installing: /home/iec/colcon_ws/src/LeGO-LOAM-SR/install/cloud_msgs/include/cloud_msgs/msg/rosidl_typesupport_fastrtps_cpp__visibility_control.h
[13.948s] -- Installing: /home/iec/colcon_ws/src/LeGO-LOAM-SR/install/cloud_msgs/lib/libcloud_msgs__rosidl_typesupport_fastrtps_cpp.so
[13.948s] -- Set runtime path of "/home/iec/colcon_ws/src/LeGO-LOAM-SR/install/cloud_msgs/lib/libcloud_msgs__rosidl_typesupport_fastrtps_cpp.so" to ""
[13.948s] -- Up-to-date: /home/iec/colcon_ws/src/LeGO-LOAM-SR/install/cloud_msgs/include/cloud_msgs
[13.948s] -- Up-to-date: /home/iec/colcon_ws/src/LeGO-LOAM-SR/install/cloud_msgs/include/cloud_msgs/msg
[13.948s] -- Installing: /home/iec/colcon_ws/src/LeGO-LOAM-SR/install/cloud_msgs/include/cloud_msgs/msg/rosidl_typesupport_introspection_c__visibility_control.h
[13.948s] -- Up-to-date: /home/iec/colcon_ws/src/LeGO-LOAM-SR/install/cloud_msgs/include/cloud_msgs/msg/detail
[13.948s] -- Installing: /home/iec/colcon_ws/src/LeGO-LOAM-SR/install/cloud_msgs/include/cloud_msgs/msg/detail/cloud_info__rosidl_typesupport_introspection_c.h
[13.948s] -- Installing: /home/iec/colcon_ws/src/LeGO-LOAM-SR/install/cloud_msgs/include/cloud_msgs/msg/detail/cloud_info__type_support.c
[13.948s] -- Installing: /home/iec/colcon_ws/src/LeGO-LOAM-SR/install/cloud_msgs/lib/libcloud_msgs__rosidl_typesupport_introspection_c.so
[13.948s] -- Set runtime path of "/home/iec/colcon_ws/src/LeGO-LOAM-SR/install/cloud_msgs/lib/libcloud_msgs__rosidl_typesupport_introspection_c.so" to ""
[13.948s] -- Installing: /home/iec/colcon_ws/src/LeGO-LOAM-SR/install/cloud_msgs/lib/libcloud_msgs__rosidl_typesupport_c.so
[13.949s] -- Set runtime path of "/home/iec/colcon_ws/src/LeGO-LOAM-SR/install/cloud_msgs/lib/libcloud_msgs__rosidl_typesupport_c.so" to ""
[13.949s] -- Up-to-date: /home/iec/colcon_ws/src/LeGO-LOAM-SR/install/cloud_msgs/include/cloud_msgs
[13.949s] -- Up-to-date: /home/iec/colcon_ws/src/LeGO-LOAM-SR/install/cloud_msgs/include/cloud_msgs/msg
[13.949s] -- Up-to-date: /home/iec/colcon_ws/src/LeGO-LOAM-SR/install/cloud_msgs/include/cloud_msgs/msg/detail
[13.949s] -- Installing: /home/iec/colcon_ws/src/LeGO-LOAM-SR/install/cloud_msgs/include/cloud_msgs/msg/detail/cloud_info__struct.hpp
[13.949s] -- Installing: /home/iec/colcon_ws/src/LeGO-LOAM-SR/install/cloud_msgs/include/cloud_msgs/msg/detail/cloud_info__builder.hpp
[13.949s] -- Installing: /home/iec/colcon_ws/src/LeGO-LOAM-SR/install/cloud_msgs/include/cloud_msgs/msg/detail/cloud_info__traits.hpp
[13.949s] -- Installing: /home/iec/colcon_ws/src/LeGO-LOAM-SR/install/cloud_msgs/include/cloud_msgs/msg/cloud_info.hpp
[13.949s] -- Up-to-date: /home/iec/colcon_ws/src/LeGO-LOAM-SR/install/cloud_msgs/include/cloud_msgs
[13.949s] -- Up-to-date: /home/iec/colcon_ws/src/LeGO-LOAM-SR/install/cloud_msgs/include/cloud_msgs/msg
[13.949s] -- Up-to-date: /home/iec/colcon_ws/src/LeGO-LOAM-SR/install/cloud_msgs/include/cloud_msgs/msg/detail
[13.949s] -- Installing: /home/iec/colcon_ws/src/LeGO-LOAM-SR/install/cloud_msgs/include/cloud_msgs/msg/detail/cloud_info__type_support.cpp
[13.949s] -- Installing: /home/iec/colcon_ws/src/LeGO-LOAM-SR/install/cloud_msgs/include/cloud_msgs/msg/detail/cloud_info__rosidl_typesupport_introspection_cpp.hpp
[13.949s] -- Installing: /home/iec/colcon_ws/src/LeGO-LOAM-SR/install/cloud_msgs/lib/libcloud_msgs__rosidl_typesupport_introspection_cpp.so
[13.949s] -- Set runtime path of "/home/iec/colcon_ws/src/LeGO-LOAM-SR/install/cloud_msgs/lib/libcloud_msgs__rosidl_typesupport_introspection_cpp.so" to ""
[13.949s] -- Installing: /home/iec/colcon_ws/src/LeGO-LOAM-SR/install/cloud_msgs/lib/libcloud_msgs__rosidl_typesupport_cpp.so
[13.950s] -- Set runtime path of "/home/iec/colcon_ws/src/LeGO-LOAM-SR/install/cloud_msgs/lib/libcloud_msgs__rosidl_typesupport_cpp.so" to ""
[13.950s] -- Installing: /home/iec/colcon_ws/src/LeGO-LOAM-SR/install/cloud_msgs/share/cloud_msgs/environment/pythonpath.sh
[13.950s] -- Installing: /home/iec/colcon_ws/src/LeGO-LOAM-SR/install/cloud_msgs/share/cloud_msgs/environment/pythonpath.dsv
[13.950s] -- Installing: /home/iec/colcon_ws/src/LeGO-LOAM-SR/install/cloud_msgs/lib/python3.8/site-packages/cloud_msgs/__init__.py
[13.994s] Compiling '/home/iec/colcon_ws/src/LeGO-LOAM-SR/install/cloud_msgs/lib/python3.8/site-packages/cloud_msgs/__init__.py'...
[13.996s] -- Installing: /home/iec/colcon_ws/src/LeGO-LOAM-SR/install/cloud_msgs/lib/python3.8/site-packages/cloud_msgs/msg
[13.996s] -- Installing: /home/iec/colcon_ws/src/LeGO-LOAM-SR/install/cloud_msgs/lib/python3.8/site-packages/cloud_msgs/msg/__init__.py
[13.996s] -- Installing: /home/iec/colcon_ws/src/LeGO-LOAM-SR/install/cloud_msgs/lib/python3.8/site-packages/cloud_msgs/msg/_cloud_info.py
[13.996s] -- Installing: /home/iec/colcon_ws/src/LeGO-LOAM-SR/install/cloud_msgs/lib/python3.8/site-packages/cloud_msgs/msg/_cloud_info_s.c
[13.996s] -- Installing: /home/iec/colcon_ws/src/LeGO-LOAM-SR/install/cloud_msgs/lib/python3.8/site-packages/cloud_msgs/cloud_msgs_s__rosidl_typesupport_fastrtps_c.cpython-38-x86_64-linux-gnu.so
[13.997s] -- Set runtime path of "/home/iec/colcon_ws/src/LeGO-LOAM-SR/install/cloud_msgs/lib/python3.8/site-packages/cloud_msgs/cloud_msgs_s__rosidl_typesupport_fastrtps_c.cpython-38-x86_64-linux-gnu.so" to ""
[13.997s] -- Installing: /home/iec/colcon_ws/src/LeGO-LOAM-SR/install/cloud_msgs/lib/python3.8/site-packages/cloud_msgs/cloud_msgs_s__rosidl_typesupport_introspection_c.cpython-38-x86_64-linux-gnu.so
[13.997s] -- Set runtime path of "/home/iec/colcon_ws/src/LeGO-LOAM-SR/install/cloud_msgs/lib/python3.8/site-packages/cloud_msgs/cloud_msgs_s__rosidl_typesupport_introspection_c.cpython-38-x86_64-linux-gnu.so" to ""
[13.997s] -- Installing: /home/iec/colcon_ws/src/LeGO-LOAM-SR/install/cloud_msgs/lib/python3.8/site-packages/cloud_msgs/cloud_msgs_s__rosidl_typesupport_c.cpython-38-x86_64-linux-gnu.so
[13.997s] -- Set runtime path of "/home/iec/colcon_ws/src/LeGO-LOAM-SR/install/cloud_msgs/lib/python3.8/site-packages/cloud_msgs/cloud_msgs_s__rosidl_typesupport_c.cpython-38-x86_64-linux-gnu.so" to ""
[13.997s] -- Installing: /home/iec/colcon_ws/src/LeGO-LOAM-SR/install/cloud_msgs/lib/libcloud_msgs__python.so
[13.997s] -- Set runtime path of "/home/iec/colcon_ws/src/LeGO-LOAM-SR/install/cloud_msgs/lib/libcloud_msgs__python.so" to ""
[13.998s] -- Installing: /home/iec/colcon_ws/src/LeGO-LOAM-SR/install/cloud_msgs/share/cloud_msgs/msg/CloudInfo.idl
[13.998s] -- Installing: /home/iec/colcon_ws/src/LeGO-LOAM-SR/install/cloud_msgs/share/cloud_msgs/msg/CloudInfo.msg
[13.998s] -- Installing: /home/iec/colcon_ws/src/LeGO-LOAM-SR/install/cloud_msgs/share/ament_index/resource_index/package_run_dependencies/cloud_msgs
[13.998s] -- Installing: /home/iec/colcon_ws/src/LeGO-LOAM-SR/install/cloud_msgs/share/ament_index/resource_index/parent_prefix_path/cloud_msgs
[13.998s] -- Installing: /home/iec/colcon_ws/src/LeGO-LOAM-SR/install/cloud_msgs/share/cloud_msgs/environment/ament_prefix_path.sh
[13.998s] -- Installing: /home/iec/colcon_ws/src/LeGO-LOAM-SR/install/cloud_msgs/share/cloud_msgs/environment/ament_prefix_path.dsv
[13.998s] -- Installing: /home/iec/colcon_ws/src/LeGO-LOAM-SR/install/cloud_msgs/share/cloud_msgs/environment/path.sh
[13.998s] -- Installing: /home/iec/colcon_ws/src/LeGO-LOAM-SR/install/cloud_msgs/share/cloud_msgs/environment/path.dsv
[13.998s] -- Installing: /home/iec/colcon_ws/src/LeGO-LOAM-SR/install/cloud_msgs/share/cloud_msgs/local_setup.bash
[13.998s] -- Installing: /home/iec/colcon_ws/src/LeGO-LOAM-SR/install/cloud_msgs/share/cloud_msgs/local_setup.sh
[13.998s] -- Installing: /home/iec/colcon_ws/src/LeGO-LOAM-SR/install/cloud_msgs/share/cloud_msgs/local_setup.zsh
[13.998s] -- Installing: /home/iec/colcon_ws/src/LeGO-LOAM-SR/install/cloud_msgs/share/cloud_msgs/local_setup.dsv
[13.998s] -- Installing: /home/iec/colcon_ws/src/LeGO-LOAM-SR/install/cloud_msgs/share/cloud_msgs/package.dsv
[13.999s] -- Installing: /home/iec/colcon_ws/src/LeGO-LOAM-SR/install/cloud_msgs/share/ament_index/resource_index/packages/cloud_msgs
[13.999s] -- Installing: /home/iec/colcon_ws/src/LeGO-LOAM-SR/install/cloud_msgs/share/cloud_msgs/cmake/cloud_msgs__rosidl_generator_cExport.cmake
[13.999s] -- Installing: /home/iec/colcon_ws/src/LeGO-LOAM-SR/install/cloud_msgs/share/cloud_msgs/cmake/cloud_msgs__rosidl_generator_cExport-noconfig.cmake
[13.999s] -- Installing: /home/iec/colcon_ws/src/LeGO-LOAM-SR/install/cloud_msgs/share/cloud_msgs/cmake/cloud_msgs__rosidl_typesupport_introspection_cExport.cmake
[13.999s] -- Installing: /home/iec/colcon_ws/src/LeGO-LOAM-SR/install/cloud_msgs/share/cloud_msgs/cmake/cloud_msgs__rosidl_typesupport_introspection_cExport-noconfig.cmake
[13.999s] -- Installing: /home/iec/colcon_ws/src/LeGO-LOAM-SR/install/cloud_msgs/share/cloud_msgs/cmake/cloud_msgs__rosidl_typesupport_cExport.cmake
[13.999s] -- Installing: /home/iec/colcon_ws/src/LeGO-LOAM-SR/install/cloud_msgs/share/cloud_msgs/cmake/cloud_msgs__rosidl_typesupport_cExport-noconfig.cmake
[13.999s] -- Installing: /home/iec/colcon_ws/src/LeGO-LOAM-SR/install/cloud_msgs/share/cloud_msgs/cmake/cloud_msgs__rosidl_generator_cppExport.cmake
[13.999s] -- Installing: /home/iec/colcon_ws/src/LeGO-LOAM-SR/install/cloud_msgs/share/cloud_msgs/cmake/cloud_msgs__rosidl_typesupport_introspection_cppExport.cmake
[13.999s] -- Installing: /home/iec/colcon_ws/src/LeGO-LOAM-SR/install/cloud_msgs/share/cloud_msgs/cmake/cloud_msgs__rosidl_typesupport_introspection_cppExport-noconfig.cmake
[13.999s] -- Installing: /home/iec/colcon_ws/src/LeGO-LOAM-SR/install/cloud_msgs/share/cloud_msgs/cmake/cloud_msgs__rosidl_typesupport_cppExport.cmake
[14.000s] -- Installing: /home/iec/colcon_ws/src/LeGO-LOAM-SR/install/cloud_msgs/share/cloud_msgs/cmake/cloud_msgs__rosidl_typesupport_cppExport-noconfig.cmake
[14.000s] -- Installing: /home/iec/colcon_ws/src/LeGO-LOAM-SR/install/cloud_msgs/share/cloud_msgs/cmake/rosidl_cmake-extras.cmake
[14.000s] -- Installing: /home/iec/colcon_ws/src/LeGO-LOAM-SR/install/cloud_msgs/share/cloud_msgs/cmake/ament_cmake_export_dependencies-extras.cmake
[14.000s] -- Installing: /home/iec/colcon_ws/src/LeGO-LOAM-SR/install/cloud_msgs/share/cloud_msgs/cmake/ament_cmake_export_libraries-extras.cmake
[14.000s] -- Installing: /home/iec/colcon_ws/src/LeGO-LOAM-SR/install/cloud_msgs/share/cloud_msgs/cmake/ament_cmake_export_targets-extras.cmake
[14.000s] -- Installing: /home/iec/colcon_ws/src/LeGO-LOAM-SR/install/cloud_msgs/share/cloud_msgs/cmake/ament_cmake_export_include_directories-extras.cmake
[14.000s] -- Installing: /home/iec/colcon_ws/src/LeGO-LOAM-SR/install/cloud_msgs/share/cloud_msgs/cmake/rosidl_cmake_export_typesupport_libraries-extras.cmake
[14.000s] -- Installing: /home/iec/colcon_ws/src/LeGO-LOAM-SR/install/cloud_msgs/share/cloud_msgs/cmake/rosidl_cmake_export_typesupport_targets-extras.cmake
[14.000s] -- Installing: /home/iec/colcon_ws/src/LeGO-LOAM-SR/install/cloud_msgs/share/cloud_msgs/cmake/cloud_msgsConfig.cmake
[14.000s] -- Installing: /home/iec/colcon_ws/src/LeGO-LOAM-SR/install/cloud_msgs/share/cloud_msgs/cmake/cloud_msgsConfig-version.cmake
[14.000s] -- Installing: /home/iec/colcon_ws/src/LeGO-LOAM-SR/install/cloud_msgs/share/cloud_msgs/package.xml
[14.002s] Invoked command in '/home/iec/colcon_ws/src/LeGO-LOAM-SR/build/cloud_msgs' returned '0': CMAKE_PREFIX_PATH=/opt/ros/galactic /usr/bin/cmake --install /home/iec/colcon_ws/src/LeGO-LOAM-SR/build/cloud_msgs
