[5.375s] DEBUG:colcon:Command line arguments: ['/usr/bin/colcon', 'build']
[5.375s] DEBUG:colcon:Parsed command line arguments: Namespace(allow_overriding=[], ament_cmake_args=None, base_paths=['.'], build_base='build', catkin_cmake_args=None, catkin_skip_building_tests=False, cmake_args=None, cmake_clean_cache=False, cmake_clean_first=False, cmake_force_configure=False, cmake_target=None, cmake_target_skip_unavailable=False, continue_on_error=False, event_handlers=None, executor='parallel', ignore_user_meta=False, install_base='install', log_base=None, log_level=None, main=<bound method BuildVerb.main of <colcon_core.verb.build.BuildVerb object at 0x7f1dcf6f6dc0>>, merge_install=False, metas=['./colcon.meta'], packages_above=None, packages_above_and_dependencies=None, packages_above_depth=None, packages_end=None, packages_ignore=None, packages_ignore_regex=None, packages_select=None, packages_select_build_failed=False, packages_select_by_dep=None, packages_select_regex=None, packages_select_test_failures=False, packages_skip=None, packages_skip_build_finished=False, packages_skip_by_dep=None, packages_skip_regex=None, packages_skip_test_passed=False, packages_skip_up_to=None, packages_start=None, packages_up_to=None, packages_up_to_regex=None, parallel_workers=16, paths=None, symlink_install=False, test_result_base=None, verb_extension=<colcon_core.verb.build.BuildVerb object at 0x7f1dcf6f6dc0>, verb_name='build', verb_parser=<colcon_defaults.argument_parser.defaults.DefaultArgumentsDecorator object at 0x7f1dcf703370>)
[5.781s] Level 1:colcon.colcon_core.package_discovery:discover_packages(colcon_meta) check parameters
[5.782s] Level 1:colcon.colcon_core.package_discovery:discover_packages(recursive) check parameters
[5.782s] Level 1:colcon.colcon_core.package_discovery:discover_packages(ignore) check parameters
[5.782s] Level 1:colcon.colcon_core.package_discovery:discover_packages(path) check parameters
[5.782s] Level 1:colcon.colcon_core.package_discovery:discover_packages(colcon_meta) discover
[5.782s] Level 1:colcon.colcon_core.package_discovery:discover_packages(recursive) discover
[5.782s] INFO:colcon.colcon_core.package_discovery:Crawling recursively for packages in '/home/iec/colcon_ws/src/LeGO-LOAM-SR'
[5.782s] Level 1:colcon.colcon_core.package_identification:_identify(.) by extensions ['ignore', 'ignore_ament_install']
[5.782s] Level 1:colcon.colcon_core.package_identification:_identify(.) by extension 'ignore'
[5.782s] Level 1:colcon.colcon_core.package_identification:_identify(.) by extension 'ignore_ament_install'
[5.782s] Level 1:colcon.colcon_core.package_identification:_identify(.) by extensions ['colcon_pkg']
[5.782s] Level 1:colcon.colcon_core.package_identification:_identify(.) by extension 'colcon_pkg'
[5.782s] Level 1:colcon.colcon_core.package_identification:_identify(.) by extensions ['colcon_meta']
[5.782s] Level 1:colcon.colcon_core.package_identification:_identify(.) by extension 'colcon_meta'
[5.782s] Level 1:colcon.colcon_core.package_identification:_identify(.) by extensions ['ros']
[5.782s] Level 1:colcon.colcon_core.package_identification:_identify(.) by extension 'ros'
[5.899s] Level 1:colcon.colcon_core.package_identification:_identify(.) by extensions ['cmake', 'python']
[5.899s] Level 1:colcon.colcon_core.package_identification:_identify(.) by extension 'cmake'
[5.899s] Level 1:colcon.colcon_core.package_identification:_identify(.) by extension 'python'
[5.899s] Level 1:colcon.colcon_core.package_identification:_identify(.) by extensions ['python_setup_py']
[5.899s] Level 1:colcon.colcon_core.package_identification:_identify(.) by extension 'python_setup_py'
[5.899s] Level 1:colcon.colcon_core.package_identification:_identify(LeGO-LOAM) by extensions ['ignore', 'ignore_ament_install']
[5.899s] Level 1:colcon.colcon_core.package_identification:_identify(LeGO-LOAM) by extension 'ignore'
[5.899s] Level 1:colcon.colcon_core.package_identification:_identify(LeGO-LOAM) by extension 'ignore_ament_install'
[5.899s] Level 1:colcon.colcon_core.package_identification:_identify(LeGO-LOAM) by extensions ['colcon_pkg']
[5.899s] Level 1:colcon.colcon_core.package_identification:_identify(LeGO-LOAM) by extension 'colcon_pkg'
[5.899s] Level 1:colcon.colcon_core.package_identification:_identify(LeGO-LOAM) by extensions ['colcon_meta']
[5.899s] Level 1:colcon.colcon_core.package_identification:_identify(LeGO-LOAM) by extension 'colcon_meta'
[5.899s] Level 1:colcon.colcon_core.package_identification:_identify(LeGO-LOAM) by extensions ['ros']
[5.899s] Level 1:colcon.colcon_core.package_identification:_identify(LeGO-LOAM) by extension 'ros'
[5.901s] DEBUG:colcon.colcon_core.package_identification:Package 'LeGO-LOAM' with type 'ros.ament_cmake' and name 'lego_loam_sr'
[5.901s] Level 1:colcon.colcon_core.package_identification:_identify(Result) by extensions ['ignore', 'ignore_ament_install']
[5.901s] Level 1:colcon.colcon_core.package_identification:_identify(Result) by extension 'ignore'
[5.901s] Level 1:colcon.colcon_core.package_identification:_identify(Result) by extension 'ignore_ament_install'
[5.901s] Level 1:colcon.colcon_core.package_identification:_identify(Result) by extensions ['colcon_pkg']
[5.901s] Level 1:colcon.colcon_core.package_identification:_identify(Result) by extension 'colcon_pkg'
[5.902s] Level 1:colcon.colcon_core.package_identification:_identify(Result) by extensions ['colcon_meta']
[5.902s] Level 1:colcon.colcon_core.package_identification:_identify(Result) by extension 'colcon_meta'
[5.902s] Level 1:colcon.colcon_core.package_identification:_identify(Result) by extensions ['ros']
[5.902s] Level 1:colcon.colcon_core.package_identification:_identify(Result) by extension 'ros'
[5.902s] Level 1:colcon.colcon_core.package_identification:_identify(Result) by extensions ['cmake', 'python']
[5.902s] Level 1:colcon.colcon_core.package_identification:_identify(Result) by extension 'cmake'
[5.902s] Level 1:colcon.colcon_core.package_identification:_identify(Result) by extension 'python'
[5.902s] Level 1:colcon.colcon_core.package_identification:_identify(Result) by extensions ['python_setup_py']
[5.902s] Level 1:colcon.colcon_core.package_identification:_identify(Result) by extension 'python_setup_py'
[5.902s] Level 1:colcon.colcon_core.package_identification:_identify(Result/0121gt預補償) by extensions ['ignore', 'ignore_ament_install']
[5.902s] Level 1:colcon.colcon_core.package_identification:_identify(Result/0121gt預補償) by extension 'ignore'
[5.902s] Level 1:colcon.colcon_core.package_identification:_identify(Result/0121gt預補償) by extension 'ignore_ament_install'
[5.902s] Level 1:colcon.colcon_core.package_identification:_identify(Result/0121gt預補償) by extensions ['colcon_pkg']
[5.902s] Level 1:colcon.colcon_core.package_identification:_identify(Result/0121gt預補償) by extension 'colcon_pkg'
[5.902s] Level 1:colcon.colcon_core.package_identification:_identify(Result/0121gt預補償) by extensions ['colcon_meta']
[5.902s] Level 1:colcon.colcon_core.package_identification:_identify(Result/0121gt預補償) by extension 'colcon_meta'
[5.902s] Level 1:colcon.colcon_core.package_identification:_identify(Result/0121gt預補償) by extensions ['ros']
[5.902s] Level 1:colcon.colcon_core.package_identification:_identify(Result/0121gt預補償) by extension 'ros'
[5.902s] Level 1:colcon.colcon_core.package_identification:_identify(Result/0121gt預補償) by extensions ['cmake', 'python']
[5.902s] Level 1:colcon.colcon_core.package_identification:_identify(Result/0121gt預補償) by extension 'cmake'
[5.902s] Level 1:colcon.colcon_core.package_identification:_identify(Result/0121gt預補償) by extension 'python'
[5.902s] Level 1:colcon.colcon_core.package_identification:_identify(Result/0121gt預補償) by extensions ['python_setup_py']
[5.902s] Level 1:colcon.colcon_core.package_identification:_identify(Result/0121gt預補償) by extension 'python_setup_py'
[5.902s] Level 1:colcon.colcon_core.package_identification:_identify(Result/0318-edgethreshold0.005_planethreshold0.005_with_shadow) by extensions ['ignore', 'ignore_ament_install']
[5.902s] Level 1:colcon.colcon_core.package_identification:_identify(Result/0318-edgethreshold0.005_planethreshold0.005_with_shadow) by extension 'ignore'
[5.902s] Level 1:colcon.colcon_core.package_identification:_identify(Result/0318-edgethreshold0.005_planethreshold0.005_with_shadow) by extension 'ignore_ament_install'
[5.902s] Level 1:colcon.colcon_core.package_identification:_identify(Result/0318-edgethreshold0.005_planethreshold0.005_with_shadow) by extensions ['colcon_pkg']
[5.902s] Level 1:colcon.colcon_core.package_identification:_identify(Result/0318-edgethreshold0.005_planethreshold0.005_with_shadow) by extension 'colcon_pkg'
[5.902s] Level 1:colcon.colcon_core.package_identification:_identify(Result/0318-edgethreshold0.005_planethreshold0.005_with_shadow) by extensions ['colcon_meta']
[5.902s] Level 1:colcon.colcon_core.package_identification:_identify(Result/0318-edgethreshold0.005_planethreshold0.005_with_shadow) by extension 'colcon_meta'
[5.902s] Level 1:colcon.colcon_core.package_identification:_identify(Result/0318-edgethreshold0.005_planethreshold0.005_with_shadow) by extensions ['ros']
[5.903s] Level 1:colcon.colcon_core.package_identification:_identify(Result/0318-edgethreshold0.005_planethreshold0.005_with_shadow) by extension 'ros'
[5.903s] Level 1:colcon.colcon_core.package_identification:_identify(Result/0318-edgethreshold0.005_planethreshold0.005_with_shadow) by extensions ['cmake', 'python']
[5.903s] Level 1:colcon.colcon_core.package_identification:_identify(Result/0318-edgethreshold0.005_planethreshold0.005_with_shadow) by extension 'cmake'
[5.903s] Level 1:colcon.colcon_core.package_identification:_identify(Result/0318-edgethreshold0.005_planethreshold0.005_with_shadow) by extension 'python'
[5.903s] Level 1:colcon.colcon_core.package_identification:_identify(Result/0318-edgethreshold0.005_planethreshold0.005_with_shadow) by extensions ['python_setup_py']
[5.903s] Level 1:colcon.colcon_core.package_identification:_identify(Result/0318-edgethreshold0.005_planethreshold0.005_with_shadow) by extension 'python_setup_py'
[5.903s] Level 1:colcon.colcon_core.package_identification:_identify(Result/0318-edgethreshold0.005_planethreshold0.005_without_shadow) by extensions ['ignore', 'ignore_ament_install']
[5.903s] Level 1:colcon.colcon_core.package_identification:_identify(Result/0318-edgethreshold0.005_planethreshold0.005_without_shadow) by extension 'ignore'
[5.903s] Level 1:colcon.colcon_core.package_identification:_identify(Result/0318-edgethreshold0.005_planethreshold0.005_without_shadow) by extension 'ignore_ament_install'
[5.903s] Level 1:colcon.colcon_core.package_identification:_identify(Result/0318-edgethreshold0.005_planethreshold0.005_without_shadow) by extensions ['colcon_pkg']
[5.903s] Level 1:colcon.colcon_core.package_identification:_identify(Result/0318-edgethreshold0.005_planethreshold0.005_without_shadow) by extension 'colcon_pkg'
[5.903s] Level 1:colcon.colcon_core.package_identification:_identify(Result/0318-edgethreshold0.005_planethreshold0.005_without_shadow) by extensions ['colcon_meta']
[5.903s] Level 1:colcon.colcon_core.package_identification:_identify(Result/0318-edgethreshold0.005_planethreshold0.005_without_shadow) by extension 'colcon_meta'
[5.903s] Level 1:colcon.colcon_core.package_identification:_identify(Result/0318-edgethreshold0.005_planethreshold0.005_without_shadow) by extensions ['ros']
[5.903s] Level 1:colcon.colcon_core.package_identification:_identify(Result/0318-edgethreshold0.005_planethreshold0.005_without_shadow) by extension 'ros'
[5.903s] Level 1:colcon.colcon_core.package_identification:_identify(Result/0318-edgethreshold0.005_planethreshold0.005_without_shadow) by extensions ['cmake', 'python']
[5.903s] Level 1:colcon.colcon_core.package_identification:_identify(Result/0318-edgethreshold0.005_planethreshold0.005_without_shadow) by extension 'cmake'
[5.903s] Level 1:colcon.colcon_core.package_identification:_identify(Result/0318-edgethreshold0.005_planethreshold0.005_without_shadow) by extension 'python'
[5.903s] Level 1:colcon.colcon_core.package_identification:_identify(Result/0318-edgethreshold0.005_planethreshold0.005_without_shadow) by extensions ['python_setup_py']
[5.903s] Level 1:colcon.colcon_core.package_identification:_identify(Result/0318-edgethreshold0.005_planethreshold0.005_without_shadow) by extension 'python_setup_py'
[5.903s] Level 1:colcon.colcon_core.package_identification:_identify(Result/0318-edgethreshold0.005_planethreshold0.1_with_shadow) by extensions ['ignore', 'ignore_ament_install']
[5.903s] Level 1:colcon.colcon_core.package_identification:_identify(Result/0318-edgethreshold0.005_planethreshold0.1_with_shadow) by extension 'ignore'
[5.903s] Level 1:colcon.colcon_core.package_identification:_identify(Result/0318-edgethreshold0.005_planethreshold0.1_with_shadow) by extension 'ignore_ament_install'
[5.903s] Level 1:colcon.colcon_core.package_identification:_identify(Result/0318-edgethreshold0.005_planethreshold0.1_with_shadow) by extensions ['colcon_pkg']
[5.903s] Level 1:colcon.colcon_core.package_identification:_identify(Result/0318-edgethreshold0.005_planethreshold0.1_with_shadow) by extension 'colcon_pkg'
[5.903s] Level 1:colcon.colcon_core.package_identification:_identify(Result/0318-edgethreshold0.005_planethreshold0.1_with_shadow) by extensions ['colcon_meta']
[5.903s] Level 1:colcon.colcon_core.package_identification:_identify(Result/0318-edgethreshold0.005_planethreshold0.1_with_shadow) by extension 'colcon_meta'
[5.903s] Level 1:colcon.colcon_core.package_identification:_identify(Result/0318-edgethreshold0.005_planethreshold0.1_with_shadow) by extensions ['ros']
[5.903s] Level 1:colcon.colcon_core.package_identification:_identify(Result/0318-edgethreshold0.005_planethreshold0.1_with_shadow) by extension 'ros'
[5.903s] Level 1:colcon.colcon_core.package_identification:_identify(Result/0318-edgethreshold0.005_planethreshold0.1_with_shadow) by extensions ['cmake', 'python']
[5.903s] Level 1:colcon.colcon_core.package_identification:_identify(Result/0318-edgethreshold0.005_planethreshold0.1_with_shadow) by extension 'cmake'
[5.903s] Level 1:colcon.colcon_core.package_identification:_identify(Result/0318-edgethreshold0.005_planethreshold0.1_with_shadow) by extension 'python'
[5.903s] Level 1:colcon.colcon_core.package_identification:_identify(Result/0318-edgethreshold0.005_planethreshold0.1_with_shadow) by extensions ['python_setup_py']
[5.903s] Level 1:colcon.colcon_core.package_identification:_identify(Result/0318-edgethreshold0.005_planethreshold0.1_with_shadow) by extension 'python_setup_py'
[5.904s] Level 1:colcon.colcon_core.package_identification:_identify(Result/0318-edgethreshold0.005_planethreshold0.1_without_shadow) by extensions ['ignore', 'ignore_ament_install']
[5.904s] Level 1:colcon.colcon_core.package_identification:_identify(Result/0318-edgethreshold0.005_planethreshold0.1_without_shadow) by extension 'ignore'
[5.904s] Level 1:colcon.colcon_core.package_identification:_identify(Result/0318-edgethreshold0.005_planethreshold0.1_without_shadow) by extension 'ignore_ament_install'
[5.904s] Level 1:colcon.colcon_core.package_identification:_identify(Result/0318-edgethreshold0.005_planethreshold0.1_without_shadow) by extensions ['colcon_pkg']
[5.904s] Level 1:colcon.colcon_core.package_identification:_identify(Result/0318-edgethreshold0.005_planethreshold0.1_without_shadow) by extension 'colcon_pkg'
[5.904s] Level 1:colcon.colcon_core.package_identification:_identify(Result/0318-edgethreshold0.005_planethreshold0.1_without_shadow) by extensions ['colcon_meta']
[5.904s] Level 1:colcon.colcon_core.package_identification:_identify(Result/0318-edgethreshold0.005_planethreshold0.1_without_shadow) by extension 'colcon_meta'
[5.904s] Level 1:colcon.colcon_core.package_identification:_identify(Result/0318-edgethreshold0.005_planethreshold0.1_without_shadow) by extensions ['ros']
[5.904s] Level 1:colcon.colcon_core.package_identification:_identify(Result/0318-edgethreshold0.005_planethreshold0.1_without_shadow) by extension 'ros'
[5.904s] Level 1:colcon.colcon_core.package_identification:_identify(Result/0318-edgethreshold0.005_planethreshold0.1_without_shadow) by extensions ['cmake', 'python']
[5.904s] Level 1:colcon.colcon_core.package_identification:_identify(Result/0318-edgethreshold0.005_planethreshold0.1_without_shadow) by extension 'cmake'
[5.904s] Level 1:colcon.colcon_core.package_identification:_identify(Result/0318-edgethreshold0.005_planethreshold0.1_without_shadow) by extension 'python'
[5.904s] Level 1:colcon.colcon_core.package_identification:_identify(Result/0318-edgethreshold0.005_planethreshold0.1_without_shadow) by extensions ['python_setup_py']
[5.904s] Level 1:colcon.colcon_core.package_identification:_identify(Result/0318-edgethreshold0.005_planethreshold0.1_without_shadow) by extension 'python_setup_py'
[5.904s] Level 1:colcon.colcon_core.package_identification:_identify(Result/0318-edgethreshold0.03_planethreshold0.03_with_shadow) by extensions ['ignore', 'ignore_ament_install']
[5.904s] Level 1:colcon.colcon_core.package_identification:_identify(Result/0318-edgethreshold0.03_planethreshold0.03_with_shadow) by extension 'ignore'
[5.904s] Level 1:colcon.colcon_core.package_identification:_identify(Result/0318-edgethreshold0.03_planethreshold0.03_with_shadow) by extension 'ignore_ament_install'
[5.904s] Level 1:colcon.colcon_core.package_identification:_identify(Result/0318-edgethreshold0.03_planethreshold0.03_with_shadow) by extensions ['colcon_pkg']
[5.904s] Level 1:colcon.colcon_core.package_identification:_identify(Result/0318-edgethreshold0.03_planethreshold0.03_with_shadow) by extension 'colcon_pkg'
[5.904s] Level 1:colcon.colcon_core.package_identification:_identify(Result/0318-edgethreshold0.03_planethreshold0.03_with_shadow) by extensions ['colcon_meta']
[5.904s] Level 1:colcon.colcon_core.package_identification:_identify(Result/0318-edgethreshold0.03_planethreshold0.03_with_shadow) by extension 'colcon_meta'
[5.904s] Level 1:colcon.colcon_core.package_identification:_identify(Result/0318-edgethreshold0.03_planethreshold0.03_with_shadow) by extensions ['ros']
[5.904s] Level 1:colcon.colcon_core.package_identification:_identify(Result/0318-edgethreshold0.03_planethreshold0.03_with_shadow) by extension 'ros'
[5.904s] Level 1:colcon.colcon_core.package_identification:_identify(Result/0318-edgethreshold0.03_planethreshold0.03_with_shadow) by extensions ['cmake', 'python']
[5.904s] Level 1:colcon.colcon_core.package_identification:_identify(Result/0318-edgethreshold0.03_planethreshold0.03_with_shadow) by extension 'cmake'
[5.904s] Level 1:colcon.colcon_core.package_identification:_identify(Result/0318-edgethreshold0.03_planethreshold0.03_with_shadow) by extension 'python'
[5.904s] Level 1:colcon.colcon_core.package_identification:_identify(Result/0318-edgethreshold0.03_planethreshold0.03_with_shadow) by extensions ['python_setup_py']
[5.904s] Level 1:colcon.colcon_core.package_identification:_identify(Result/0318-edgethreshold0.03_planethreshold0.03_with_shadow) by extension 'python_setup_py'
[5.904s] Level 1:colcon.colcon_core.package_identification:_identify(Result/0318-edgethreshold0.03_planethreshold0.03_without_shadow) by extensions ['ignore', 'ignore_ament_install']
[5.904s] Level 1:colcon.colcon_core.package_identification:_identify(Result/0318-edgethreshold0.03_planethreshold0.03_without_shadow) by extension 'ignore'
[5.904s] Level 1:colcon.colcon_core.package_identification:_identify(Result/0318-edgethreshold0.03_planethreshold0.03_without_shadow) by extension 'ignore_ament_install'
[5.904s] Level 1:colcon.colcon_core.package_identification:_identify(Result/0318-edgethreshold0.03_planethreshold0.03_without_shadow) by extensions ['colcon_pkg']
[5.904s] Level 1:colcon.colcon_core.package_identification:_identify(Result/0318-edgethreshold0.03_planethreshold0.03_without_shadow) by extension 'colcon_pkg'
[5.904s] Level 1:colcon.colcon_core.package_identification:_identify(Result/0318-edgethreshold0.03_planethreshold0.03_without_shadow) by extensions ['colcon_meta']
[5.905s] Level 1:colcon.colcon_core.package_identification:_identify(Result/0318-edgethreshold0.03_planethreshold0.03_without_shadow) by extension 'colcon_meta'
[5.905s] Level 1:colcon.colcon_core.package_identification:_identify(Result/0318-edgethreshold0.03_planethreshold0.03_without_shadow) by extensions ['ros']
[5.905s] Level 1:colcon.colcon_core.package_identification:_identify(Result/0318-edgethreshold0.03_planethreshold0.03_without_shadow) by extension 'ros'
[5.905s] Level 1:colcon.colcon_core.package_identification:_identify(Result/0318-edgethreshold0.03_planethreshold0.03_without_shadow) by extensions ['cmake', 'python']
[5.905s] Level 1:colcon.colcon_core.package_identification:_identify(Result/0318-edgethreshold0.03_planethreshold0.03_without_shadow) by extension 'cmake'
[5.905s] Level 1:colcon.colcon_core.package_identification:_identify(Result/0318-edgethreshold0.03_planethreshold0.03_without_shadow) by extension 'python'
[5.905s] Level 1:colcon.colcon_core.package_identification:_identify(Result/0318-edgethreshold0.03_planethreshold0.03_without_shadow) by extensions ['python_setup_py']
[5.905s] Level 1:colcon.colcon_core.package_identification:_identify(Result/0318-edgethreshold0.03_planethreshold0.03_without_shadow) by extension 'python_setup_py'
[5.905s] Level 1:colcon.colcon_core.package_identification:_identify(Result/0318_test) by extensions ['ignore', 'ignore_ament_install']
[5.905s] Level 1:colcon.colcon_core.package_identification:_identify(Result/0318_test) by extension 'ignore'
[5.905s] Level 1:colcon.colcon_core.package_identification:_identify(Result/0318_test) by extension 'ignore_ament_install'
[5.905s] Level 1:colcon.colcon_core.package_identification:_identify(Result/0318_test) by extensions ['colcon_pkg']
[5.905s] Level 1:colcon.colcon_core.package_identification:_identify(Result/0318_test) by extension 'colcon_pkg'
[5.905s] Level 1:colcon.colcon_core.package_identification:_identify(Result/0318_test) by extensions ['colcon_meta']
[5.905s] Level 1:colcon.colcon_core.package_identification:_identify(Result/0318_test) by extension 'colcon_meta'
[5.905s] Level 1:colcon.colcon_core.package_identification:_identify(Result/0318_test) by extensions ['ros']
[5.905s] Level 1:colcon.colcon_core.package_identification:_identify(Result/0318_test) by extension 'ros'
[5.905s] Level 1:colcon.colcon_core.package_identification:_identify(Result/0318_test) by extensions ['cmake', 'python']
[5.905s] Level 1:colcon.colcon_core.package_identification:_identify(Result/0318_test) by extension 'cmake'
[5.905s] Level 1:colcon.colcon_core.package_identification:_identify(Result/0318_test) by extension 'python'
[5.905s] Level 1:colcon.colcon_core.package_identification:_identify(Result/0318_test) by extensions ['python_setup_py']
[5.905s] Level 1:colcon.colcon_core.package_identification:_identify(Result/0318_test) by extension 'python_setup_py'
[5.905s] Level 1:colcon.colcon_core.package_identification:_identify(Result/0329HighDenseMap) by extensions ['ignore', 'ignore_ament_install']
[5.905s] Level 1:colcon.colcon_core.package_identification:_identify(Result/0329HighDenseMap) by extension 'ignore'
[5.905s] Level 1:colcon.colcon_core.package_identification:_identify(Result/0329HighDenseMap) by extension 'ignore_ament_install'
[5.905s] Level 1:colcon.colcon_core.package_identification:_identify(Result/0329HighDenseMap) by extensions ['colcon_pkg']
[5.905s] Level 1:colcon.colcon_core.package_identification:_identify(Result/0329HighDenseMap) by extension 'colcon_pkg'
[5.905s] Level 1:colcon.colcon_core.package_identification:_identify(Result/0329HighDenseMap) by extensions ['colcon_meta']
[5.905s] Level 1:colcon.colcon_core.package_identification:_identify(Result/0329HighDenseMap) by extension 'colcon_meta'
[5.905s] Level 1:colcon.colcon_core.package_identification:_identify(Result/0329HighDenseMap) by extensions ['ros']
[5.905s] Level 1:colcon.colcon_core.package_identification:_identify(Result/0329HighDenseMap) by extension 'ros'
[5.905s] Level 1:colcon.colcon_core.package_identification:_identify(Result/0329HighDenseMap) by extensions ['cmake', 'python']
[5.905s] Level 1:colcon.colcon_core.package_identification:_identify(Result/0329HighDenseMap) by extension 'cmake'
[5.905s] Level 1:colcon.colcon_core.package_identification:_identify(Result/0329HighDenseMap) by extension 'python'
[5.905s] Level 1:colcon.colcon_core.package_identification:_identify(Result/0329HighDenseMap) by extensions ['python_setup_py']
[5.905s] Level 1:colcon.colcon_core.package_identification:_identify(Result/0329HighDenseMap) by extension 'python_setup_py'
[5.906s] Level 1:colcon.colcon_core.package_identification:_identify(Result/0329HighDenseWithOutDS) by extensions ['ignore', 'ignore_ament_install']
[5.906s] Level 1:colcon.colcon_core.package_identification:_identify(Result/0329HighDenseWithOutDS) by extension 'ignore'
[5.906s] Level 1:colcon.colcon_core.package_identification:_identify(Result/0329HighDenseWithOutDS) by extension 'ignore_ament_install'
[5.906s] Level 1:colcon.colcon_core.package_identification:_identify(Result/0329HighDenseWithOutDS) by extensions ['colcon_pkg']
[5.906s] Level 1:colcon.colcon_core.package_identification:_identify(Result/0329HighDenseWithOutDS) by extension 'colcon_pkg'
[5.906s] Level 1:colcon.colcon_core.package_identification:_identify(Result/0329HighDenseWithOutDS) by extensions ['colcon_meta']
[5.906s] Level 1:colcon.colcon_core.package_identification:_identify(Result/0329HighDenseWithOutDS) by extension 'colcon_meta'
[5.906s] Level 1:colcon.colcon_core.package_identification:_identify(Result/0329HighDenseWithOutDS) by extensions ['ros']
[5.906s] Level 1:colcon.colcon_core.package_identification:_identify(Result/0329HighDenseWithOutDS) by extension 'ros'
[5.906s] Level 1:colcon.colcon_core.package_identification:_identify(Result/0329HighDenseWithOutDS) by extensions ['cmake', 'python']
[5.906s] Level 1:colcon.colcon_core.package_identification:_identify(Result/0329HighDenseWithOutDS) by extension 'cmake'
[5.906s] Level 1:colcon.colcon_core.package_identification:_identify(Result/0329HighDenseWithOutDS) by extension 'python'
[5.906s] Level 1:colcon.colcon_core.package_identification:_identify(Result/0329HighDenseWithOutDS) by extensions ['python_setup_py']
[5.906s] Level 1:colcon.colcon_core.package_identification:_identify(Result/0329HighDenseWithOutDS) by extension 'python_setup_py'
[5.906s] Level 1:colcon.colcon_core.package_identification:_identify(build) by extensions ['ignore', 'ignore_ament_install']
[5.906s] Level 1:colcon.colcon_core.package_identification:_identify(build) by extension 'ignore'
[5.906s] Level 1:colcon.colcon_core.package_identification:_identify(build) ignored
[5.906s] Level 1:colcon.colcon_core.package_identification:_identify(cloud_msgs) by extensions ['ignore', 'ignore_ament_install']
[5.906s] Level 1:colcon.colcon_core.package_identification:_identify(cloud_msgs) by extension 'ignore'
[5.906s] Level 1:colcon.colcon_core.package_identification:_identify(cloud_msgs) by extension 'ignore_ament_install'
[5.906s] Level 1:colcon.colcon_core.package_identification:_identify(cloud_msgs) by extensions ['colcon_pkg']
[5.906s] Level 1:colcon.colcon_core.package_identification:_identify(cloud_msgs) by extension 'colcon_pkg'
[5.906s] Level 1:colcon.colcon_core.package_identification:_identify(cloud_msgs) by extensions ['colcon_meta']
[5.906s] Level 1:colcon.colcon_core.package_identification:_identify(cloud_msgs) by extension 'colcon_meta'
[5.906s] Level 1:colcon.colcon_core.package_identification:_identify(cloud_msgs) by extensions ['ros']
[5.906s] Level 1:colcon.colcon_core.package_identification:_identify(cloud_msgs) by extension 'ros'
[5.907s] DEBUG:colcon.colcon_core.package_identification:Package 'cloud_msgs' with type 'ros.ament_cmake' and name 'cloud_msgs'
[5.907s] Level 1:colcon.colcon_core.package_identification:_identify(install) by extensions ['ignore', 'ignore_ament_install']
[5.907s] Level 1:colcon.colcon_core.package_identification:_identify(install) by extension 'ignore'
[5.907s] Level 1:colcon.colcon_core.package_identification:_identify(install) ignored
[5.907s] Level 1:colcon.colcon_core.package_identification:_identify(log) by extensions ['ignore', 'ignore_ament_install']
[5.907s] Level 1:colcon.colcon_core.package_identification:_identify(log) by extension 'ignore'
[5.907s] Level 1:colcon.colcon_core.package_identification:_identify(log) ignored
[5.907s] Level 1:colcon.colcon_core.package_discovery:discover_packages(recursive) using defaults
[5.907s] Level 1:colcon.colcon_core.package_discovery:discover_packages(ignore) discover
[5.907s] Level 1:colcon.colcon_core.package_discovery:discover_packages(ignore) using defaults
[5.907s] Level 1:colcon.colcon_core.package_discovery:discover_packages(path) discover
[5.907s] Level 1:colcon.colcon_core.package_discovery:discover_packages(path) using defaults
[6.091s] Level 1:colcon.colcon_core.package_discovery:discover_packages(prefix_path) check parameters
[6.091s] Level 1:colcon.colcon_core.package_discovery:discover_packages(prefix_path) discover
[6.094s] DEBUG:colcon.colcon_installed_package_information.package_discovery:Found 268 installed packages in /opt/ros/galactic
[6.097s] Level 1:colcon.colcon_core.package_discovery:discover_packages(prefix_path) using defaults
[6.731s] Level 5:colcon.colcon_core.verb:set package 'cloud_msgs' build argument 'cmake_args' from command line to 'None'
[6.732s] Level 5:colcon.colcon_core.verb:set package 'cloud_msgs' build argument 'cmake_target' from command line to 'None'
[6.732s] Level 5:colcon.colcon_core.verb:set package 'cloud_msgs' build argument 'cmake_target_skip_unavailable' from command line to 'False'
[6.732s] Level 5:colcon.colcon_core.verb:set package 'cloud_msgs' build argument 'cmake_clean_cache' from command line to 'False'
[6.732s] Level 5:colcon.colcon_core.verb:set package 'cloud_msgs' build argument 'cmake_clean_first' from command line to 'False'
[6.732s] Level 5:colcon.colcon_core.verb:set package 'cloud_msgs' build argument 'cmake_force_configure' from command line to 'False'
[6.732s] Level 5:colcon.colcon_core.verb:set package 'cloud_msgs' build argument 'ament_cmake_args' from command line to 'None'
[6.732s] Level 5:colcon.colcon_core.verb:set package 'cloud_msgs' build argument 'catkin_cmake_args' from command line to 'None'
[6.732s] Level 5:colcon.colcon_core.verb:set package 'cloud_msgs' build argument 'catkin_skip_building_tests' from command line to 'False'
[6.732s] DEBUG:colcon.colcon_core.verb:Building package 'cloud_msgs' with the following arguments: {'ament_cmake_args': None, 'build_base': '/home/iec/colcon_ws/src/LeGO-LOAM-SR/build/cloud_msgs', 'catkin_cmake_args': None, 'catkin_skip_building_tests': False, 'cmake_args': None, 'cmake_clean_cache': False, 'cmake_clean_first': False, 'cmake_force_configure': False, 'cmake_target': None, 'cmake_target_skip_unavailable': False, 'install_base': '/home/iec/colcon_ws/src/LeGO-LOAM-SR/install/cloud_msgs', 'merge_install': False, 'path': '/home/iec/colcon_ws/src/LeGO-LOAM-SR/cloud_msgs', 'symlink_install': False, 'test_result_base': None}
[6.732s] Level 5:colcon.colcon_core.verb:set package 'lego_loam_sr' build argument 'cmake_args' from command line to 'None'
[6.732s] Level 5:colcon.colcon_core.verb:set package 'lego_loam_sr' build argument 'cmake_target' from command line to 'None'
[6.732s] Level 5:colcon.colcon_core.verb:set package 'lego_loam_sr' build argument 'cmake_target_skip_unavailable' from command line to 'False'
[6.732s] Level 5:colcon.colcon_core.verb:set package 'lego_loam_sr' build argument 'cmake_clean_cache' from command line to 'False'
[6.732s] Level 5:colcon.colcon_core.verb:set package 'lego_loam_sr' build argument 'cmake_clean_first' from command line to 'False'
[6.732s] Level 5:colcon.colcon_core.verb:set package 'lego_loam_sr' build argument 'cmake_force_configure' from command line to 'False'
[6.732s] Level 5:colcon.colcon_core.verb:set package 'lego_loam_sr' build argument 'ament_cmake_args' from command line to 'None'
[6.732s] Level 5:colcon.colcon_core.verb:set package 'lego_loam_sr' build argument 'catkin_cmake_args' from command line to 'None'
[6.732s] Level 5:colcon.colcon_core.verb:set package 'lego_loam_sr' build argument 'catkin_skip_building_tests' from command line to 'False'
[6.732s] DEBUG:colcon.colcon_core.verb:Building package 'lego_loam_sr' with the following arguments: {'ament_cmake_args': None, 'build_base': '/home/iec/colcon_ws/src/LeGO-LOAM-SR/build/lego_loam_sr', 'catkin_cmake_args': None, 'catkin_skip_building_tests': False, 'cmake_args': None, 'cmake_clean_cache': False, 'cmake_clean_first': False, 'cmake_force_configure': False, 'cmake_target': None, 'cmake_target_skip_unavailable': False, 'install_base': '/home/iec/colcon_ws/src/LeGO-LOAM-SR/install/lego_loam_sr', 'merge_install': False, 'path': '/home/iec/colcon_ws/src/LeGO-LOAM-SR/LeGO-LOAM', 'symlink_install': False, 'test_result_base': None}
[6.732s] INFO:colcon.colcon_core.executor:Executing jobs using 'parallel' executor
[6.733s] DEBUG:colcon.colcon_parallel_executor.executor.parallel:run_until_complete
[6.733s] INFO:colcon.colcon_ros.task.ament_cmake.build:Building ROS package in '/home/iec/colcon_ws/src/LeGO-LOAM-SR/cloud_msgs' with build type 'ament_cmake'
[6.733s] INFO:colcon.colcon_cmake.task.cmake.build:Building CMake package in '/home/iec/colcon_ws/src/LeGO-LOAM-SR/cloud_msgs'
[6.737s] INFO:colcon.colcon_core.plugin_system:Skipping extension 'colcon_core.shell.bat': Not used on non-Windows systems
[6.737s] INFO:colcon.colcon_core.shell:Skip shell extension 'powershell' for command environment: Not usable outside of PowerShell
[6.737s] DEBUG:colcon.colcon_core.shell:Skip shell extension 'dsv' for command environment
[6.755s] DEBUG:colcon.colcon_core.event_handler.log_command:Invoking command in '/home/iec/colcon_ws/src/LeGO-LOAM-SR/build/cloud_msgs': CMAKE_PREFIX_PATH=/opt/ros/galactic /usr/bin/cmake /home/iec/colcon_ws/src/LeGO-LOAM-SR/cloud_msgs -DCMAKE_INSTALL_PREFIX=/home/iec/colcon_ws/src/LeGO-LOAM-SR/install/cloud_msgs
[13.487s] DEBUG:colcon.colcon_core.event_handler.log_command:Invoked command in '/home/iec/colcon_ws/src/LeGO-LOAM-SR/build/cloud_msgs' returned '0': CMAKE_PREFIX_PATH=/opt/ros/galactic /usr/bin/cmake /home/iec/colcon_ws/src/LeGO-LOAM-SR/cloud_msgs -DCMAKE_INSTALL_PREFIX=/home/iec/colcon_ws/src/LeGO-LOAM-SR/install/cloud_msgs
[13.489s] DEBUG:colcon.colcon_core.event_handler.log_command:Invoking command in '/home/iec/colcon_ws/src/LeGO-LOAM-SR/build/cloud_msgs': CMAKE_PREFIX_PATH=/opt/ros/galactic /usr/bin/cmake --build /home/iec/colcon_ws/src/LeGO-LOAM-SR/build/cloud_msgs -- -j16 -l16
[20.639s] DEBUG:colcon.colcon_core.event_handler.log_command:Invoked command in '/home/iec/colcon_ws/src/LeGO-LOAM-SR/build/cloud_msgs' returned '0': CMAKE_PREFIX_PATH=/opt/ros/galactic /usr/bin/cmake --build /home/iec/colcon_ws/src/LeGO-LOAM-SR/build/cloud_msgs -- -j16 -l16
[20.674s] DEBUG:colcon.colcon_core.event_handler.log_command:Invoking command in '/home/iec/colcon_ws/src/LeGO-LOAM-SR/build/cloud_msgs': CMAKE_PREFIX_PATH=/opt/ros/galactic /usr/bin/cmake --install /home/iec/colcon_ws/src/LeGO-LOAM-SR/build/cloud_msgs
[20.735s] Level 1:colcon.colcon_core.environment:create_environment_scripts_only(cloud_msgs)
[20.735s] DEBUG:colcon.colcon_core.event_handler.log_command:Invoked command in '/home/iec/colcon_ws/src/LeGO-LOAM-SR/build/cloud_msgs' returned '0': CMAKE_PREFIX_PATH=/opt/ros/galactic /usr/bin/cmake --install /home/iec/colcon_ws/src/LeGO-LOAM-SR/build/cloud_msgs
[20.894s] Level 1:colcon.colcon_core.environment:checking '/home/iec/colcon_ws/src/LeGO-LOAM-SR/install/cloud_msgs' for CMake module files
[20.895s] Level 1:colcon.colcon_core.environment:checking '/home/iec/colcon_ws/src/LeGO-LOAM-SR/install/cloud_msgs' for CMake config files
[20.896s] Level 1:colcon.colcon_core.shell:create_environment_hook('cloud_msgs', 'cmake_prefix_path')
[20.896s] INFO:colcon.colcon_core.shell:Creating environment hook '/home/iec/colcon_ws/src/LeGO-LOAM-SR/install/cloud_msgs/share/cloud_msgs/hook/cmake_prefix_path.ps1'
[20.909s] INFO:colcon.colcon_core.shell:Creating environment descriptor '/home/iec/colcon_ws/src/LeGO-LOAM-SR/install/cloud_msgs/share/cloud_msgs/hook/cmake_prefix_path.dsv'
[20.932s] INFO:colcon.colcon_core.shell:Creating environment hook '/home/iec/colcon_ws/src/LeGO-LOAM-SR/install/cloud_msgs/share/cloud_msgs/hook/cmake_prefix_path.sh'
[20.949s] Level 1:colcon.colcon_core.environment:checking '/home/iec/colcon_ws/src/LeGO-LOAM-SR/install/cloud_msgs/lib'
[20.949s] Level 1:colcon.colcon_core.shell:create_environment_hook('cloud_msgs', 'ld_library_path_lib')
[20.950s] INFO:colcon.colcon_core.shell:Creating environment hook '/home/iec/colcon_ws/src/LeGO-LOAM-SR/install/cloud_msgs/share/cloud_msgs/hook/ld_library_path_lib.ps1'
[20.951s] INFO:colcon.colcon_core.shell:Creating environment descriptor '/home/iec/colcon_ws/src/LeGO-LOAM-SR/install/cloud_msgs/share/cloud_msgs/hook/ld_library_path_lib.dsv'
[20.951s] INFO:colcon.colcon_core.shell:Creating environment hook '/home/iec/colcon_ws/src/LeGO-LOAM-SR/install/cloud_msgs/share/cloud_msgs/hook/ld_library_path_lib.sh'
[20.952s] Level 1:colcon.colcon_core.environment:checking '/home/iec/colcon_ws/src/LeGO-LOAM-SR/install/cloud_msgs/bin'
[20.952s] Level 1:colcon.colcon_core.environment:checking '/home/iec/colcon_ws/src/LeGO-LOAM-SR/install/cloud_msgs/lib/pkgconfig/cloud_msgs.pc'
[20.952s] Level 1:colcon.colcon_core.environment:checking '/home/iec/colcon_ws/src/LeGO-LOAM-SR/install/cloud_msgs/lib/python3.8/site-packages'
[20.952s] Level 1:colcon.colcon_core.shell:create_environment_hook('cloud_msgs', 'pythonpath')
[20.953s] INFO:colcon.colcon_core.shell:Creating environment hook '/home/iec/colcon_ws/src/LeGO-LOAM-SR/install/cloud_msgs/share/cloud_msgs/hook/pythonpath.ps1'
[20.953s] INFO:colcon.colcon_core.shell:Creating environment descriptor '/home/iec/colcon_ws/src/LeGO-LOAM-SR/install/cloud_msgs/share/cloud_msgs/hook/pythonpath.dsv'
[20.954s] INFO:colcon.colcon_core.shell:Creating environment hook '/home/iec/colcon_ws/src/LeGO-LOAM-SR/install/cloud_msgs/share/cloud_msgs/hook/pythonpath.sh'
[20.954s] Level 1:colcon.colcon_core.environment:checking '/home/iec/colcon_ws/src/LeGO-LOAM-SR/install/cloud_msgs/bin'
[20.955s] INFO:colcon.colcon_core.shell:Creating package script '/home/iec/colcon_ws/src/LeGO-LOAM-SR/install/cloud_msgs/share/cloud_msgs/package.ps1'
[20.960s] INFO:colcon.colcon_core.shell:Creating package descriptor '/home/iec/colcon_ws/src/LeGO-LOAM-SR/install/cloud_msgs/share/cloud_msgs/package.dsv'
[20.961s] INFO:colcon.colcon_core.shell:Creating package script '/home/iec/colcon_ws/src/LeGO-LOAM-SR/install/cloud_msgs/share/cloud_msgs/package.sh'
[20.963s] INFO:colcon.colcon_core.shell:Creating package script '/home/iec/colcon_ws/src/LeGO-LOAM-SR/install/cloud_msgs/share/cloud_msgs/package.bash'
[21.003s] INFO:colcon.colcon_core.shell:Creating package script '/home/iec/colcon_ws/src/LeGO-LOAM-SR/install/cloud_msgs/share/cloud_msgs/package.zsh'
[21.026s] Level 1:colcon.colcon_core.environment:create_file_with_runtime_dependencies(/home/iec/colcon_ws/src/LeGO-LOAM-SR/install/cloud_msgs/share/colcon-core/packages/cloud_msgs)
[21.082s] Level 1:colcon.colcon_core.environment:create_environment_scripts_only(cloud_msgs)
[21.082s] Level 1:colcon.colcon_core.environment:checking '/home/iec/colcon_ws/src/LeGO-LOAM-SR/install/cloud_msgs' for CMake module files
[21.083s] Level 1:colcon.colcon_core.environment:checking '/home/iec/colcon_ws/src/LeGO-LOAM-SR/install/cloud_msgs' for CMake config files
[21.083s] Level 1:colcon.colcon_core.shell:create_environment_hook('cloud_msgs', 'cmake_prefix_path')
[21.083s] INFO:colcon.colcon_core.shell:Creating environment hook '/home/iec/colcon_ws/src/LeGO-LOAM-SR/install/cloud_msgs/share/cloud_msgs/hook/cmake_prefix_path.ps1'
[21.084s] INFO:colcon.colcon_core.shell:Creating environment descriptor '/home/iec/colcon_ws/src/LeGO-LOAM-SR/install/cloud_msgs/share/cloud_msgs/hook/cmake_prefix_path.dsv'
[21.084s] INFO:colcon.colcon_core.shell:Creating environment hook '/home/iec/colcon_ws/src/LeGO-LOAM-SR/install/cloud_msgs/share/cloud_msgs/hook/cmake_prefix_path.sh'
[21.084s] Level 1:colcon.colcon_core.environment:checking '/home/iec/colcon_ws/src/LeGO-LOAM-SR/install/cloud_msgs/lib'
[21.084s] Level 1:colcon.colcon_core.shell:create_environment_hook('cloud_msgs', 'ld_library_path_lib')
[21.084s] INFO:colcon.colcon_core.shell:Creating environment hook '/home/iec/colcon_ws/src/LeGO-LOAM-SR/install/cloud_msgs/share/cloud_msgs/hook/ld_library_path_lib.ps1'
[21.084s] INFO:colcon.colcon_core.shell:Creating environment descriptor '/home/iec/colcon_ws/src/LeGO-LOAM-SR/install/cloud_msgs/share/cloud_msgs/hook/ld_library_path_lib.dsv'
[21.085s] INFO:colcon.colcon_core.shell:Creating environment hook '/home/iec/colcon_ws/src/LeGO-LOAM-SR/install/cloud_msgs/share/cloud_msgs/hook/ld_library_path_lib.sh'
[21.085s] Level 1:colcon.colcon_core.environment:checking '/home/iec/colcon_ws/src/LeGO-LOAM-SR/install/cloud_msgs/bin'
[21.085s] Level 1:colcon.colcon_core.environment:checking '/home/iec/colcon_ws/src/LeGO-LOAM-SR/install/cloud_msgs/lib/pkgconfig/cloud_msgs.pc'
[21.085s] Level 1:colcon.colcon_core.environment:checking '/home/iec/colcon_ws/src/LeGO-LOAM-SR/install/cloud_msgs/lib/python3.8/site-packages'
[21.085s] Level 1:colcon.colcon_core.shell:create_environment_hook('cloud_msgs', 'pythonpath')
[21.085s] INFO:colcon.colcon_core.shell:Creating environment hook '/home/iec/colcon_ws/src/LeGO-LOAM-SR/install/cloud_msgs/share/cloud_msgs/hook/pythonpath.ps1'
[21.092s] INFO:colcon.colcon_core.shell:Creating environment descriptor '/home/iec/colcon_ws/src/LeGO-LOAM-SR/install/cloud_msgs/share/cloud_msgs/hook/pythonpath.dsv'
[21.092s] INFO:colcon.colcon_core.shell:Creating environment hook '/home/iec/colcon_ws/src/LeGO-LOAM-SR/install/cloud_msgs/share/cloud_msgs/hook/pythonpath.sh'
[21.093s] Level 1:colcon.colcon_core.environment:checking '/home/iec/colcon_ws/src/LeGO-LOAM-SR/install/cloud_msgs/bin'
[21.093s] INFO:colcon.colcon_core.shell:Creating package script '/home/iec/colcon_ws/src/LeGO-LOAM-SR/install/cloud_msgs/share/cloud_msgs/package.ps1'
[21.094s] INFO:colcon.colcon_core.shell:Creating package descriptor '/home/iec/colcon_ws/src/LeGO-LOAM-SR/install/cloud_msgs/share/cloud_msgs/package.dsv'
[21.095s] INFO:colcon.colcon_core.shell:Creating package script '/home/iec/colcon_ws/src/LeGO-LOAM-SR/install/cloud_msgs/share/cloud_msgs/package.sh'
[21.095s] INFO:colcon.colcon_core.shell:Creating package script '/home/iec/colcon_ws/src/LeGO-LOAM-SR/install/cloud_msgs/share/cloud_msgs/package.bash'
[21.096s] INFO:colcon.colcon_core.shell:Creating package script '/home/iec/colcon_ws/src/LeGO-LOAM-SR/install/cloud_msgs/share/cloud_msgs/package.zsh'
[21.108s] Level 1:colcon.colcon_core.environment:create_file_with_runtime_dependencies(/home/iec/colcon_ws/src/LeGO-LOAM-SR/install/cloud_msgs/share/colcon-core/packages/cloud_msgs)
[21.109s] INFO:colcon.colcon_ros.task.ament_cmake.build:Building ROS package in '/home/iec/colcon_ws/src/LeGO-LOAM-SR/LeGO-LOAM' with build type 'ament_cmake'
[21.110s] INFO:colcon.colcon_cmake.task.cmake.build:Building CMake package in '/home/iec/colcon_ws/src/LeGO-LOAM-SR/LeGO-LOAM'
[21.110s] INFO:colcon.colcon_core.shell:Skip shell extension 'powershell' for command environment: Not usable outside of PowerShell
[21.110s] DEBUG:colcon.colcon_core.shell:Skip shell extension 'dsv' for command environment
[21.127s] DEBUG:colcon.colcon_core.event_handler.log_command:Invoking command in '/home/iec/colcon_ws/src/LeGO-LOAM-SR/build/lego_loam_sr': AMENT_PREFIX_PATH=/home/iec/colcon_ws/src/LeGO-LOAM-SR/install/cloud_msgs:${AMENT_PREFIX_PATH} CMAKE_PREFIX_PATH=/home/iec/colcon_ws/src/LeGO-LOAM-SR/install/cloud_msgs:/opt/ros/galactic LD_LIBRARY_PATH=/home/iec/colcon_ws/src/LeGO-LOAM-SR/install/cloud_msgs/lib:/opt/ros/galactic/opt/yaml_cpp_vendor/lib:/opt/ros/galactic/opt/rviz_ogre_vendor/lib:/opt/ros/galactic/lib/x86_64-linux-gnu:/opt/ros/galactic/lib:/usr/local/cuda-12.1/lib64 PYTHONPATH=/home/iec/colcon_ws/src/LeGO-LOAM-SR/install/cloud_msgs/lib/python3.8/site-packages:${PYTHONPATH} /usr/bin/cmake /home/iec/colcon_ws/src/LeGO-LOAM-SR/LeGO-LOAM -DCMAKE_INSTALL_PREFIX=/home/iec/colcon_ws/src/LeGO-LOAM-SR/install/lego_loam_sr
[32.592s] DEBUG:colcon.colcon_core.event_handler.log_command:Invoked command in '/home/iec/colcon_ws/src/LeGO-LOAM-SR/build/lego_loam_sr' returned '0': AMENT_PREFIX_PATH=/home/iec/colcon_ws/src/LeGO-LOAM-SR/install/cloud_msgs:${AMENT_PREFIX_PATH} CMAKE_PREFIX_PATH=/home/iec/colcon_ws/src/LeGO-LOAM-SR/install/cloud_msgs:/opt/ros/galactic LD_LIBRARY_PATH=/home/iec/colcon_ws/src/LeGO-LOAM-SR/install/cloud_msgs/lib:/opt/ros/galactic/opt/yaml_cpp_vendor/lib:/opt/ros/galactic/opt/rviz_ogre_vendor/lib:/opt/ros/galactic/lib/x86_64-linux-gnu:/opt/ros/galactic/lib:/usr/local/cuda-12.1/lib64 PYTHONPATH=/home/iec/colcon_ws/src/LeGO-LOAM-SR/install/cloud_msgs/lib/python3.8/site-packages:${PYTHONPATH} /usr/bin/cmake /home/iec/colcon_ws/src/LeGO-LOAM-SR/LeGO-LOAM -DCMAKE_INSTALL_PREFIX=/home/iec/colcon_ws/src/LeGO-LOAM-SR/install/lego_loam_sr
[32.593s] DEBUG:colcon.colcon_core.event_handler.log_command:Invoking command in '/home/iec/colcon_ws/src/LeGO-LOAM-SR/build/lego_loam_sr': AMENT_PREFIX_PATH=/home/iec/colcon_ws/src/LeGO-LOAM-SR/install/cloud_msgs:${AMENT_PREFIX_PATH} CMAKE_PREFIX_PATH=/home/iec/colcon_ws/src/LeGO-LOAM-SR/install/cloud_msgs:/opt/ros/galactic LD_LIBRARY_PATH=/home/iec/colcon_ws/src/LeGO-LOAM-SR/install/cloud_msgs/lib:/opt/ros/galactic/opt/yaml_cpp_vendor/lib:/opt/ros/galactic/opt/rviz_ogre_vendor/lib:/opt/ros/galactic/lib/x86_64-linux-gnu:/opt/ros/galactic/lib:/usr/local/cuda-12.1/lib64 PYTHONPATH=/home/iec/colcon_ws/src/LeGO-LOAM-SR/install/cloud_msgs/lib/python3.8/site-packages:${PYTHONPATH} /usr/bin/cmake --build /home/iec/colcon_ws/src/LeGO-LOAM-SR/build/lego_loam_sr -- -j16 -l16
[96.914s] DEBUG:colcon.colcon_core.event_handler.log_command:Invoked command in '/home/iec/colcon_ws/src/LeGO-LOAM-SR/build/lego_loam_sr' returned '0': AMENT_PREFIX_PATH=/home/iec/colcon_ws/src/LeGO-LOAM-SR/install/cloud_msgs:${AMENT_PREFIX_PATH} CMAKE_PREFIX_PATH=/home/iec/colcon_ws/src/LeGO-LOAM-SR/install/cloud_msgs:/opt/ros/galactic LD_LIBRARY_PATH=/home/iec/colcon_ws/src/LeGO-LOAM-SR/install/cloud_msgs/lib:/opt/ros/galactic/opt/yaml_cpp_vendor/lib:/opt/ros/galactic/opt/rviz_ogre_vendor/lib:/opt/ros/galactic/lib/x86_64-linux-gnu:/opt/ros/galactic/lib:/usr/local/cuda-12.1/lib64 PYTHONPATH=/home/iec/colcon_ws/src/LeGO-LOAM-SR/install/cloud_msgs/lib/python3.8/site-packages:${PYTHONPATH} /usr/bin/cmake --build /home/iec/colcon_ws/src/LeGO-LOAM-SR/build/lego_loam_sr -- -j16 -l16
[96.945s] DEBUG:colcon.colcon_core.event_handler.log_command:Invoking command in '/home/iec/colcon_ws/src/LeGO-LOAM-SR/build/lego_loam_sr': AMENT_PREFIX_PATH=/home/iec/colcon_ws/src/LeGO-LOAM-SR/install/cloud_msgs:${AMENT_PREFIX_PATH} CMAKE_PREFIX_PATH=/home/iec/colcon_ws/src/LeGO-LOAM-SR/install/cloud_msgs:/opt/ros/galactic LD_LIBRARY_PATH=/home/iec/colcon_ws/src/LeGO-LOAM-SR/install/cloud_msgs/lib:/opt/ros/galactic/opt/yaml_cpp_vendor/lib:/opt/ros/galactic/opt/rviz_ogre_vendor/lib:/opt/ros/galactic/lib/x86_64-linux-gnu:/opt/ros/galactic/lib:/usr/local/cuda-12.1/lib64 PYTHONPATH=/home/iec/colcon_ws/src/LeGO-LOAM-SR/install/cloud_msgs/lib/python3.8/site-packages:${PYTHONPATH} /usr/bin/cmake --install /home/iec/colcon_ws/src/LeGO-LOAM-SR/build/lego_loam_sr
[96.971s] Level 1:colcon.colcon_core.environment:create_environment_scripts_only(lego_loam_sr)
[96.971s] Level 1:colcon.colcon_core.environment:checking '/home/iec/colcon_ws/src/LeGO-LOAM-SR/install/lego_loam_sr' for CMake module files
[96.971s] DEBUG:colcon.colcon_core.event_handler.log_command:Invoked command in '/home/iec/colcon_ws/src/LeGO-LOAM-SR/build/lego_loam_sr' returned '0': AMENT_PREFIX_PATH=/home/iec/colcon_ws/src/LeGO-LOAM-SR/install/cloud_msgs:${AMENT_PREFIX_PATH} CMAKE_PREFIX_PATH=/home/iec/colcon_ws/src/LeGO-LOAM-SR/install/cloud_msgs:/opt/ros/galactic LD_LIBRARY_PATH=/home/iec/colcon_ws/src/LeGO-LOAM-SR/install/cloud_msgs/lib:/opt/ros/galactic/opt/yaml_cpp_vendor/lib:/opt/ros/galactic/opt/rviz_ogre_vendor/lib:/opt/ros/galactic/lib/x86_64-linux-gnu:/opt/ros/galactic/lib:/usr/local/cuda-12.1/lib64 PYTHONPATH=/home/iec/colcon_ws/src/LeGO-LOAM-SR/install/cloud_msgs/lib/python3.8/site-packages:${PYTHONPATH} /usr/bin/cmake --install /home/iec/colcon_ws/src/LeGO-LOAM-SR/build/lego_loam_sr
[96.972s] Level 1:colcon.colcon_core.environment:checking '/home/iec/colcon_ws/src/LeGO-LOAM-SR/install/lego_loam_sr' for CMake config files
[96.972s] Level 1:colcon.colcon_core.shell:create_environment_hook('lego_loam_sr', 'cmake_prefix_path')
[96.972s] INFO:colcon.colcon_core.shell:Creating environment hook '/home/iec/colcon_ws/src/LeGO-LOAM-SR/install/lego_loam_sr/share/lego_loam_sr/hook/cmake_prefix_path.ps1'
[96.972s] INFO:colcon.colcon_core.shell:Creating environment descriptor '/home/iec/colcon_ws/src/LeGO-LOAM-SR/install/lego_loam_sr/share/lego_loam_sr/hook/cmake_prefix_path.dsv'
[96.972s] INFO:colcon.colcon_core.shell:Creating environment hook '/home/iec/colcon_ws/src/LeGO-LOAM-SR/install/lego_loam_sr/share/lego_loam_sr/hook/cmake_prefix_path.sh'
[96.973s] Level 1:colcon.colcon_core.environment:checking '/home/iec/colcon_ws/src/LeGO-LOAM-SR/install/lego_loam_sr/lib'
[96.973s] Level 1:colcon.colcon_core.environment:checking '/home/iec/colcon_ws/src/LeGO-LOAM-SR/install/lego_loam_sr/bin'
[96.973s] Level 1:colcon.colcon_core.environment:checking '/home/iec/colcon_ws/src/LeGO-LOAM-SR/install/lego_loam_sr/lib/pkgconfig/lego_loam_sr.pc'
[96.973s] Level 1:colcon.colcon_core.environment:checking '/home/iec/colcon_ws/src/LeGO-LOAM-SR/install/lego_loam_sr/lib/python3.8/site-packages'
[96.973s] Level 1:colcon.colcon_core.environment:checking '/home/iec/colcon_ws/src/LeGO-LOAM-SR/install/lego_loam_sr/bin'
[96.973s] INFO:colcon.colcon_core.shell:Creating package script '/home/iec/colcon_ws/src/LeGO-LOAM-SR/install/lego_loam_sr/share/lego_loam_sr/package.ps1'
[96.974s] INFO:colcon.colcon_core.shell:Creating package descriptor '/home/iec/colcon_ws/src/LeGO-LOAM-SR/install/lego_loam_sr/share/lego_loam_sr/package.dsv'
[96.974s] INFO:colcon.colcon_core.shell:Creating package script '/home/iec/colcon_ws/src/LeGO-LOAM-SR/install/lego_loam_sr/share/lego_loam_sr/package.sh'
[96.974s] INFO:colcon.colcon_core.shell:Creating package script '/home/iec/colcon_ws/src/LeGO-LOAM-SR/install/lego_loam_sr/share/lego_loam_sr/package.bash'
[96.974s] INFO:colcon.colcon_core.shell:Creating package script '/home/iec/colcon_ws/src/LeGO-LOAM-SR/install/lego_loam_sr/share/lego_loam_sr/package.zsh'
[96.974s] Level 1:colcon.colcon_core.environment:create_file_with_runtime_dependencies(/home/iec/colcon_ws/src/LeGO-LOAM-SR/install/lego_loam_sr/share/colcon-core/packages/lego_loam_sr)
[96.994s] Level 1:colcon.colcon_core.environment:create_environment_scripts_only(lego_loam_sr)
[96.995s] Level 1:colcon.colcon_core.environment:checking '/home/iec/colcon_ws/src/LeGO-LOAM-SR/install/lego_loam_sr' for CMake module files
[96.995s] Level 1:colcon.colcon_core.environment:checking '/home/iec/colcon_ws/src/LeGO-LOAM-SR/install/lego_loam_sr' for CMake config files
[96.995s] Level 1:colcon.colcon_core.shell:create_environment_hook('lego_loam_sr', 'cmake_prefix_path')
[96.995s] INFO:colcon.colcon_core.shell:Creating environment hook '/home/iec/colcon_ws/src/LeGO-LOAM-SR/install/lego_loam_sr/share/lego_loam_sr/hook/cmake_prefix_path.ps1'
[96.996s] INFO:colcon.colcon_core.shell:Creating environment descriptor '/home/iec/colcon_ws/src/LeGO-LOAM-SR/install/lego_loam_sr/share/lego_loam_sr/hook/cmake_prefix_path.dsv'
[96.996s] INFO:colcon.colcon_core.shell:Creating environment hook '/home/iec/colcon_ws/src/LeGO-LOAM-SR/install/lego_loam_sr/share/lego_loam_sr/hook/cmake_prefix_path.sh'
[96.996s] Level 1:colcon.colcon_core.environment:checking '/home/iec/colcon_ws/src/LeGO-LOAM-SR/install/lego_loam_sr/lib'
[96.996s] Level 1:colcon.colcon_core.environment:checking '/home/iec/colcon_ws/src/LeGO-LOAM-SR/install/lego_loam_sr/bin'
[96.996s] Level 1:colcon.colcon_core.environment:checking '/home/iec/colcon_ws/src/LeGO-LOAM-SR/install/lego_loam_sr/lib/pkgconfig/lego_loam_sr.pc'
[96.996s] Level 1:colcon.colcon_core.environment:checking '/home/iec/colcon_ws/src/LeGO-LOAM-SR/install/lego_loam_sr/lib/python3.8/site-packages'
[96.996s] Level 1:colcon.colcon_core.environment:checking '/home/iec/colcon_ws/src/LeGO-LOAM-SR/install/lego_loam_sr/bin'
[96.997s] INFO:colcon.colcon_core.shell:Creating package script '/home/iec/colcon_ws/src/LeGO-LOAM-SR/install/lego_loam_sr/share/lego_loam_sr/package.ps1'
[96.997s] INFO:colcon.colcon_core.shell:Creating package descriptor '/home/iec/colcon_ws/src/LeGO-LOAM-SR/install/lego_loam_sr/share/lego_loam_sr/package.dsv'
[96.997s] INFO:colcon.colcon_core.shell:Creating package script '/home/iec/colcon_ws/src/LeGO-LOAM-SR/install/lego_loam_sr/share/lego_loam_sr/package.sh'
[96.997s] INFO:colcon.colcon_core.shell:Creating package script '/home/iec/colcon_ws/src/LeGO-LOAM-SR/install/lego_loam_sr/share/lego_loam_sr/package.bash'
[96.998s] INFO:colcon.colcon_core.shell:Creating package script '/home/iec/colcon_ws/src/LeGO-LOAM-SR/install/lego_loam_sr/share/lego_loam_sr/package.zsh'
[96.998s] Level 1:colcon.colcon_core.environment:create_file_with_runtime_dependencies(/home/iec/colcon_ws/src/LeGO-LOAM-SR/install/lego_loam_sr/share/colcon-core/packages/lego_loam_sr)
[96.998s] DEBUG:colcon.colcon_parallel_executor.executor.parallel:closing loop
[96.998s] DEBUG:colcon.colcon_parallel_executor.executor.parallel:loop closed
[96.999s] DEBUG:colcon.colcon_parallel_executor.executor.parallel:run_until_complete finished with '0'
[96.999s] DEBUG:colcon.colcon_core.event_reactor:joining thread
[97.024s] INFO:colcon.colcon_core.plugin_system:Skipping extension 'colcon_notification.desktop_notification.terminal_notifier': Not used on non-Darwin systems
[97.024s] INFO:colcon.colcon_core.plugin_system:Skipping extension 'colcon_notification.desktop_notification.win32': Not used on non-Windows systems
[97.024s] INFO:colcon.colcon_notification.desktop_notification:Sending desktop notification using 'notify2'
[97.039s] DEBUG:colcon.colcon_core.event_reactor:joined thread
[97.039s] INFO:colcon.colcon_core.shell:Creating prefix script '/home/iec/colcon_ws/src/LeGO-LOAM-SR/install/local_setup.ps1'
[97.065s] INFO:colcon.colcon_core.shell:Creating prefix util module '/home/iec/colcon_ws/src/LeGO-LOAM-SR/install/_local_setup_util_ps1.py'
[97.091s] INFO:colcon.colcon_core.shell:Creating prefix chain script '/home/iec/colcon_ws/src/LeGO-LOAM-SR/install/setup.ps1'
[97.108s] INFO:colcon.colcon_core.shell:Creating prefix script '/home/iec/colcon_ws/src/LeGO-LOAM-SR/install/local_setup.sh'
[97.134s] INFO:colcon.colcon_core.shell:Creating prefix util module '/home/iec/colcon_ws/src/LeGO-LOAM-SR/install/_local_setup_util_sh.py'
[97.135s] INFO:colcon.colcon_core.shell:Creating prefix chain script '/home/iec/colcon_ws/src/LeGO-LOAM-SR/install/setup.sh'
[97.137s] INFO:colcon.colcon_core.shell:Creating prefix script '/home/iec/colcon_ws/src/LeGO-LOAM-SR/install/local_setup.bash'
[97.159s] INFO:colcon.colcon_core.shell:Creating prefix chain script '/home/iec/colcon_ws/src/LeGO-LOAM-SR/install/setup.bash'
[97.161s] INFO:colcon.colcon_core.shell:Creating prefix script '/home/iec/colcon_ws/src/LeGO-LOAM-SR/install/local_setup.zsh'
[97.172s] INFO:colcon.colcon_core.shell:Creating prefix chain script '/home/iec/colcon_ws/src/LeGO-LOAM-SR/install/setup.zsh'
