[0.651s] Invoking command in '/home/iec/colcon_ws/src/LeGO-LOAM-SR/build/cloud_msgs': CMAKE_PREFIX_PATH=${CMAKE_PREFIX_PATH}:/opt/ros/galactic /usr/bin/cmake --build /home/iec/colcon_ws/src/LeGO-LOAM-SR/build/cloud_msgs -- -j16 -l16
[14.658s] [  9%] Built target cloud_msgs__rosidl_generator_c
[14.664s] [ 12%] Built target cloud_msgs__cpp
[15.025s] [ 22%] Built target cloud_msgs__rosidl_typesupport_introspection_cpp
[15.082s] [ 41%] Built target cloud_msgs__rosidl_typesupport_c
[15.082s] [ 41%] Built target cloud_msgs__rosidl_typesupport_cpp
[15.132s] [ 51%] Built target cloud_msgs__rosidl_typesupport_introspection_c
[18.018s] [ 61%] Built target cloud_msgs__rosidl_typesupport_fastrtps_cpp
[18.906s] [ 70%] Built target cloud_msgs__rosidl_typesupport_fastrtps_c
[18.933s] [ 70%] Built target cloud_msgs
[19.028s] [ 74%] Built target cloud_msgs__py
[19.131s] [ 80%] Built target cloud_msgs__python
[19.283s] [ 87%] Built target cloud_msgs__rosidl_typesupport_c__pyext
[19.283s] [100%] Built target cloud_msgs__rosidl_typesupport_introspection_c__pyext
[19.284s] [100%] Built target cloud_msgs__rosidl_typesupport_fastrtps_c__pyext
[19.292s] Invoked command in '/home/iec/colcon_ws/src/LeGO-LOAM-SR/build/cloud_msgs' returned '0': CMAKE_PREFIX_PATH=${CMAKE_PREFIX_PATH}:/opt/ros/galactic /usr/bin/cmake --build /home/iec/colcon_ws/src/LeGO-LOAM-SR/build/cloud_msgs -- -j16 -l16
[19.333s] Invoking command in '/home/iec/colcon_ws/src/LeGO-LOAM-SR/build/cloud_msgs': CMAKE_PREFIX_PATH=${CMAKE_PREFIX_PATH}:/opt/ros/galactic /usr/bin/cmake --install /home/iec/colcon_ws/src/LeGO-LOAM-SR/build/cloud_msgs
[19.539s] -- Install configuration: ""
[19.539s] -- Up-to-date: /home/iec/colcon_ws/src/LeGO-LOAM-SR/install/cloud_msgs/share/ament_index/resource_index/rosidl_interfaces/cloud_msgs
[19.539s] -- Up-to-date: /home/iec/colcon_ws/src/LeGO-LOAM-SR/install/cloud_msgs/include/cloud_msgs
[19.539s] -- Up-to-date: /home/iec/colcon_ws/src/LeGO-LOAM-SR/install/cloud_msgs/include/cloud_msgs/msg
[19.539s] -- Up-to-date: /home/iec/colcon_ws/src/LeGO-LOAM-SR/install/cloud_msgs/include/cloud_msgs/msg/rosidl_generator_c__visibility_control.h
[19.539s] -- Up-to-date: /home/iec/colcon_ws/src/LeGO-LOAM-SR/install/cloud_msgs/include/cloud_msgs/msg/detail
[19.539s] -- Up-to-date: /home/iec/colcon_ws/src/LeGO-LOAM-SR/install/cloud_msgs/include/cloud_msgs/msg/detail/cloud_info__type_support.h
[19.539s] -- Up-to-date: /home/iec/colcon_ws/src/LeGO-LOAM-SR/install/cloud_msgs/include/cloud_msgs/msg/detail/cloud_info__functions.h
[19.539s] -- Up-to-date: /home/iec/colcon_ws/src/LeGO-LOAM-SR/install/cloud_msgs/include/cloud_msgs/msg/detail/cloud_info__functions.c
[19.539s] -- Up-to-date: /home/iec/colcon_ws/src/LeGO-LOAM-SR/install/cloud_msgs/include/cloud_msgs/msg/detail/cloud_info__struct.h
[19.539s] -- Up-to-date: /home/iec/colcon_ws/src/LeGO-LOAM-SR/install/cloud_msgs/include/cloud_msgs/msg/cloud_info.h
[19.539s] -- Up-to-date: /home/iec/colcon_ws/src/LeGO-LOAM-SR/install/cloud_msgs/share/cloud_msgs/environment/library_path.sh
[19.539s] -- Up-to-date: /home/iec/colcon_ws/src/LeGO-LOAM-SR/install/cloud_msgs/share/cloud_msgs/environment/library_path.dsv
[19.582s] -- Up-to-date: /home/iec/colcon_ws/src/LeGO-LOAM-SR/install/cloud_msgs/lib/libcloud_msgs__rosidl_generator_c.so
[19.668s] -- Up-to-date: /home/iec/colcon_ws/src/LeGO-LOAM-SR/install/cloud_msgs/include/cloud_msgs
[19.668s] -- Up-to-date: /home/iec/colcon_ws/src/LeGO-LOAM-SR/install/cloud_msgs/include/cloud_msgs/msg
[19.668s] -- Up-to-date: /home/iec/colcon_ws/src/LeGO-LOAM-SR/install/cloud_msgs/include/cloud_msgs/msg/rosidl_typesupport_fastrtps_c__visibility_control.h
[19.668s] -- Up-to-date: /home/iec/colcon_ws/src/LeGO-LOAM-SR/install/cloud_msgs/include/cloud_msgs/msg/detail
[19.668s] -- Up-to-date: /home/iec/colcon_ws/src/LeGO-LOAM-SR/install/cloud_msgs/include/cloud_msgs/msg/detail/cloud_info__rosidl_typesupport_fastrtps_c.h
[19.668s] -- Up-to-date: /home/iec/colcon_ws/src/LeGO-LOAM-SR/install/cloud_msgs/lib/libcloud_msgs__rosidl_typesupport_fastrtps_c.so
[19.668s] -- Up-to-date: /home/iec/colcon_ws/src/LeGO-LOAM-SR/install/cloud_msgs/include/cloud_msgs
[19.668s] -- Up-to-date: /home/iec/colcon_ws/src/LeGO-LOAM-SR/install/cloud_msgs/include/cloud_msgs/msg
[19.668s] -- Up-to-date: /home/iec/colcon_ws/src/LeGO-LOAM-SR/install/cloud_msgs/include/cloud_msgs/msg/rosidl_typesupport_fastrtps_cpp__visibility_control.h
[19.668s] -- Up-to-date: /home/iec/colcon_ws/src/LeGO-LOAM-SR/install/cloud_msgs/include/cloud_msgs/msg/detail
[19.668s] -- Up-to-date: /home/iec/colcon_ws/src/LeGO-LOAM-SR/install/cloud_msgs/include/cloud_msgs/msg/detail/dds_fastrtps
[19.668s] -- Up-to-date: /home/iec/colcon_ws/src/LeGO-LOAM-SR/install/cloud_msgs/include/cloud_msgs/msg/detail/cloud_info__rosidl_typesupport_fastrtps_cpp.hpp
[19.668s] -- Up-to-date: /home/iec/colcon_ws/src/LeGO-LOAM-SR/install/cloud_msgs/lib/libcloud_msgs__rosidl_typesupport_fastrtps_cpp.so
[19.668s] -- Up-to-date: /home/iec/colcon_ws/src/LeGO-LOAM-SR/install/cloud_msgs/include/cloud_msgs
[19.668s] -- Up-to-date: /home/iec/colcon_ws/src/LeGO-LOAM-SR/install/cloud_msgs/include/cloud_msgs/msg
[19.668s] -- Up-to-date: /home/iec/colcon_ws/src/LeGO-LOAM-SR/install/cloud_msgs/include/cloud_msgs/msg/rosidl_typesupport_introspection_c__visibility_control.h
[19.668s] -- Up-to-date: /home/iec/colcon_ws/src/LeGO-LOAM-SR/install/cloud_msgs/include/cloud_msgs/msg/detail
[19.669s] -- Up-to-date: /home/iec/colcon_ws/src/LeGO-LOAM-SR/install/cloud_msgs/include/cloud_msgs/msg/detail/cloud_info__rosidl_typesupport_introspection_c.h
[19.669s] -- Up-to-date: /home/iec/colcon_ws/src/LeGO-LOAM-SR/install/cloud_msgs/include/cloud_msgs/msg/detail/cloud_info__type_support.c
[19.669s] -- Up-to-date: /home/iec/colcon_ws/src/LeGO-LOAM-SR/install/cloud_msgs/lib/libcloud_msgs__rosidl_typesupport_introspection_c.so
[19.669s] -- Up-to-date: /home/iec/colcon_ws/src/LeGO-LOAM-SR/install/cloud_msgs/lib/libcloud_msgs__rosidl_typesupport_c.so
[19.669s] -- Up-to-date: /home/iec/colcon_ws/src/LeGO-LOAM-SR/install/cloud_msgs/include/cloud_msgs
[19.669s] -- Up-to-date: /home/iec/colcon_ws/src/LeGO-LOAM-SR/install/cloud_msgs/include/cloud_msgs/msg
[19.669s] -- Up-to-date: /home/iec/colcon_ws/src/LeGO-LOAM-SR/install/cloud_msgs/include/cloud_msgs/msg/cloud_info.hpp
[19.669s] -- Up-to-date: /home/iec/colcon_ws/src/LeGO-LOAM-SR/install/cloud_msgs/include/cloud_msgs/msg/detail
[19.669s] -- Up-to-date: /home/iec/colcon_ws/src/LeGO-LOAM-SR/install/cloud_msgs/include/cloud_msgs/msg/detail/cloud_info__traits.hpp
[19.669s] -- Up-to-date: /home/iec/colcon_ws/src/LeGO-LOAM-SR/install/cloud_msgs/include/cloud_msgs/msg/detail/cloud_info__builder.hpp
[19.669s] -- Up-to-date: /home/iec/colcon_ws/src/LeGO-LOAM-SR/install/cloud_msgs/include/cloud_msgs/msg/detail/cloud_info__struct.hpp
[19.669s] -- Up-to-date: /home/iec/colcon_ws/src/LeGO-LOAM-SR/install/cloud_msgs/include/cloud_msgs
[19.669s] -- Up-to-date: /home/iec/colcon_ws/src/LeGO-LOAM-SR/install/cloud_msgs/include/cloud_msgs/msg
[19.669s] -- Up-to-date: /home/iec/colcon_ws/src/LeGO-LOAM-SR/install/cloud_msgs/include/cloud_msgs/msg/detail
[19.669s] -- Up-to-date: /home/iec/colcon_ws/src/LeGO-LOAM-SR/install/cloud_msgs/include/cloud_msgs/msg/detail/cloud_info__rosidl_typesupport_introspection_cpp.hpp
[19.669s] -- Up-to-date: /home/iec/colcon_ws/src/LeGO-LOAM-SR/install/cloud_msgs/include/cloud_msgs/msg/detail/cloud_info__type_support.cpp
[19.669s] -- Up-to-date: /home/iec/colcon_ws/src/LeGO-LOAM-SR/install/cloud_msgs/lib/libcloud_msgs__rosidl_typesupport_introspection_cpp.so
[19.669s] -- Up-to-date: /home/iec/colcon_ws/src/LeGO-LOAM-SR/install/cloud_msgs/lib/libcloud_msgs__rosidl_typesupport_cpp.so
[19.669s] -- Up-to-date: /home/iec/colcon_ws/src/LeGO-LOAM-SR/install/cloud_msgs/share/cloud_msgs/environment/pythonpath.sh
[19.669s] -- Up-to-date: /home/iec/colcon_ws/src/LeGO-LOAM-SR/install/cloud_msgs/share/cloud_msgs/environment/pythonpath.dsv
[19.669s] -- Up-to-date: /home/iec/colcon_ws/src/LeGO-LOAM-SR/install/cloud_msgs/lib/python3.8/site-packages/cloud_msgs/__init__.py
[19.828s] -- Up-to-date: /home/iec/colcon_ws/src/LeGO-LOAM-SR/install/cloud_msgs/lib/python3.8/site-packages/cloud_msgs/msg
[19.828s] -- Up-to-date: /home/iec/colcon_ws/src/LeGO-LOAM-SR/install/cloud_msgs/lib/python3.8/site-packages/cloud_msgs/msg/_cloud_info.py
[19.828s] -- Up-to-date: /home/iec/colcon_ws/src/LeGO-LOAM-SR/install/cloud_msgs/lib/python3.8/site-packages/cloud_msgs/msg/_cloud_info_s.c
[19.828s] -- Up-to-date: /home/iec/colcon_ws/src/LeGO-LOAM-SR/install/cloud_msgs/lib/python3.8/site-packages/cloud_msgs/msg/__init__.py
[19.828s] -- Up-to-date: /home/iec/colcon_ws/src/LeGO-LOAM-SR/install/cloud_msgs/lib/python3.8/site-packages/cloud_msgs/cloud_msgs_s__rosidl_typesupport_fastrtps_c.cpython-38-x86_64-linux-gnu.so
[19.828s] -- Up-to-date: /home/iec/colcon_ws/src/LeGO-LOAM-SR/install/cloud_msgs/lib/python3.8/site-packages/cloud_msgs/cloud_msgs_s__rosidl_typesupport_introspection_c.cpython-38-x86_64-linux-gnu.so
[19.828s] -- Up-to-date: /home/iec/colcon_ws/src/LeGO-LOAM-SR/install/cloud_msgs/lib/python3.8/site-packages/cloud_msgs/cloud_msgs_s__rosidl_typesupport_c.cpython-38-x86_64-linux-gnu.so
[19.829s] -- Up-to-date: /home/iec/colcon_ws/src/LeGO-LOAM-SR/install/cloud_msgs/lib/libcloud_msgs__python.so
[19.829s] -- Up-to-date: /home/iec/colcon_ws/src/LeGO-LOAM-SR/install/cloud_msgs/share/cloud_msgs/msg/CloudInfo.idl
[19.829s] -- Up-to-date: /home/iec/colcon_ws/src/LeGO-LOAM-SR/install/cloud_msgs/share/cloud_msgs/msg/CloudInfo.msg
[19.829s] -- Up-to-date: /home/iec/colcon_ws/src/LeGO-LOAM-SR/install/cloud_msgs/share/ament_index/resource_index/package_run_dependencies/cloud_msgs
[19.829s] -- Up-to-date: /home/iec/colcon_ws/src/LeGO-LOAM-SR/install/cloud_msgs/share/ament_index/resource_index/parent_prefix_path/cloud_msgs
[19.829s] -- Up-to-date: /home/iec/colcon_ws/src/LeGO-LOAM-SR/install/cloud_msgs/share/cloud_msgs/environment/ament_prefix_path.sh
[19.829s] -- Up-to-date: /home/iec/colcon_ws/src/LeGO-LOAM-SR/install/cloud_msgs/share/cloud_msgs/environment/ament_prefix_path.dsv
[19.829s] -- Up-to-date: /home/iec/colcon_ws/src/LeGO-LOAM-SR/install/cloud_msgs/share/cloud_msgs/environment/path.sh
[19.829s] -- Up-to-date: /home/iec/colcon_ws/src/LeGO-LOAM-SR/install/cloud_msgs/share/cloud_msgs/environment/path.dsv
[19.829s] -- Up-to-date: /home/iec/colcon_ws/src/LeGO-LOAM-SR/install/cloud_msgs/share/cloud_msgs/local_setup.bash
[19.829s] -- Up-to-date: /home/iec/colcon_ws/src/LeGO-LOAM-SR/install/cloud_msgs/share/cloud_msgs/local_setup.sh
[19.829s] -- Up-to-date: /home/iec/colcon_ws/src/LeGO-LOAM-SR/install/cloud_msgs/share/cloud_msgs/local_setup.zsh
[19.829s] -- Up-to-date: /home/iec/colcon_ws/src/LeGO-LOAM-SR/install/cloud_msgs/share/cloud_msgs/local_setup.dsv
[19.829s] -- Installing: /home/iec/colcon_ws/src/LeGO-LOAM-SR/install/cloud_msgs/share/cloud_msgs/package.dsv
[19.870s] -- Up-to-date: /home/iec/colcon_ws/src/LeGO-LOAM-SR/install/cloud_msgs/share/ament_index/resource_index/packages/cloud_msgs
[19.919s] -- Up-to-date: /home/iec/colcon_ws/src/LeGO-LOAM-SR/install/cloud_msgs/share/cloud_msgs/cmake/cloud_msgs__rosidl_generator_cExport.cmake
[19.919s] -- Up-to-date: /home/iec/colcon_ws/src/LeGO-LOAM-SR/install/cloud_msgs/share/cloud_msgs/cmake/cloud_msgs__rosidl_generator_cExport-noconfig.cmake
[19.942s] -- Up-to-date: /home/iec/colcon_ws/src/LeGO-LOAM-SR/install/cloud_msgs/share/cloud_msgs/cmake/cloud_msgs__rosidl_typesupport_introspection_cExport.cmake
[19.942s] -- Up-to-date: /home/iec/colcon_ws/src/LeGO-LOAM-SR/install/cloud_msgs/share/cloud_msgs/cmake/cloud_msgs__rosidl_typesupport_introspection_cExport-noconfig.cmake
[19.950s] -- Up-to-date: /home/iec/colcon_ws/src/LeGO-LOAM-SR/install/cloud_msgs/share/cloud_msgs/cmake/cloud_msgs__rosidl_typesupport_cExport.cmake
[19.950s] -- Up-to-date: /home/iec/colcon_ws/src/LeGO-LOAM-SR/install/cloud_msgs/share/cloud_msgs/cmake/cloud_msgs__rosidl_typesupport_cExport-noconfig.cmake
[19.960s] -- Up-to-date: /home/iec/colcon_ws/src/LeGO-LOAM-SR/install/cloud_msgs/share/cloud_msgs/cmake/cloud_msgs__rosidl_generator_cppExport.cmake
[19.963s] -- Up-to-date: /home/iec/colcon_ws/src/LeGO-LOAM-SR/install/cloud_msgs/share/cloud_msgs/cmake/cloud_msgs__rosidl_typesupport_introspection_cppExport.cmake
[19.963s] -- Up-to-date: /home/iec/colcon_ws/src/LeGO-LOAM-SR/install/cloud_msgs/share/cloud_msgs/cmake/cloud_msgs__rosidl_typesupport_introspection_cppExport-noconfig.cmake
[19.972s] -- Up-to-date: /home/iec/colcon_ws/src/LeGO-LOAM-SR/install/cloud_msgs/share/cloud_msgs/cmake/cloud_msgs__rosidl_typesupport_cppExport.cmake
[19.973s] -- Up-to-date: /home/iec/colcon_ws/src/LeGO-LOAM-SR/install/cloud_msgs/share/cloud_msgs/cmake/cloud_msgs__rosidl_typesupport_cppExport-noconfig.cmake
[19.973s] -- Up-to-date: /home/iec/colcon_ws/src/LeGO-LOAM-SR/install/cloud_msgs/share/cloud_msgs/cmake/rosidl_cmake-extras.cmake
[19.973s] -- Up-to-date: /home/iec/colcon_ws/src/LeGO-LOAM-SR/install/cloud_msgs/share/cloud_msgs/cmake/ament_cmake_export_dependencies-extras.cmake
[19.973s] -- Up-to-date: /home/iec/colcon_ws/src/LeGO-LOAM-SR/install/cloud_msgs/share/cloud_msgs/cmake/ament_cmake_export_libraries-extras.cmake
[19.973s] -- Up-to-date: /home/iec/colcon_ws/src/LeGO-LOAM-SR/install/cloud_msgs/share/cloud_msgs/cmake/ament_cmake_export_targets-extras.cmake
[19.973s] -- Up-to-date: /home/iec/colcon_ws/src/LeGO-LOAM-SR/install/cloud_msgs/share/cloud_msgs/cmake/ament_cmake_export_include_directories-extras.cmake
[19.973s] -- Up-to-date: /home/iec/colcon_ws/src/LeGO-LOAM-SR/install/cloud_msgs/share/cloud_msgs/cmake/rosidl_cmake_export_typesupport_libraries-extras.cmake
[19.973s] -- Up-to-date: /home/iec/colcon_ws/src/LeGO-LOAM-SR/install/cloud_msgs/share/cloud_msgs/cmake/rosidl_cmake_export_typesupport_targets-extras.cmake
[19.973s] -- Up-to-date: /home/iec/colcon_ws/src/LeGO-LOAM-SR/install/cloud_msgs/share/cloud_msgs/cmake/cloud_msgsConfig.cmake
[19.973s] -- Up-to-date: /home/iec/colcon_ws/src/LeGO-LOAM-SR/install/cloud_msgs/share/cloud_msgs/cmake/cloud_msgsConfig-version.cmake
[19.973s] -- Up-to-date: /home/iec/colcon_ws/src/LeGO-LOAM-SR/install/cloud_msgs/share/cloud_msgs/package.xml
[20.017s] Invoked command in '/home/iec/colcon_ws/src/LeGO-LOAM-SR/build/cloud_msgs' returned '0': CMAKE_PREFIX_PATH=${CMAKE_PREFIX_PATH}:/opt/ros/galactic /usr/bin/cmake --install /home/iec/colcon_ws/src/LeGO-LOAM-SR/build/cloud_msgs
