[0.094s] Invoking command in '/home/iec/colcon_ws/src/LeGO-LOAM-SR/build/lego_loam_sr': CMAKE_PREFIX_PATH=/home/iec/colcon_ws/src/LeGO-LOAM-SR/install/cloud_msgs:/home/iec/colcon_ws/src/LeGO-LOAM-SR/install/lego_loam_sr:/opt/ros/galactic /usr/bin/cmake --build /home/iec/colcon_ws/src/LeGO-LOAM-SR/build/lego_loam_sr -- -j16 -l16
[0.134s] [35m[1mScanning dependencies of target lego_loam_sr[0m
[0.185s] [ 16%] [32mBuilding CXX object CMakeFiles/lego_loam_sr.dir/src/featureAssociation.cpp.o[0m
[4.591s] In file included from [01m[K/usr/include/boost/preprocessor/tuple/elem.hpp:23[m[K,
[4.591s]                  from [01m[K/usr/include/boost/preprocessor/arithmetic/add.hpp:21[m[K,
[4.591s]                  from [01m[K/usr/include/boost/mpl/aux_/preprocessor/def_params_tail.hpp:66[m[K,
[4.591s]                  from [01m[K/usr/include/boost/mpl/aux_/na_spec.hpp:28[m[K,
[4.591s]                  from [01m[K/usr/include/boost/mpl/not.hpp:20[m[K,
[4.591s]                  from [01m[K/usr/include/boost/mpl/assert.hpp:17[m[K,
[4.591s]                  from [01m[K/usr/include/pcl-1.10/pcl/point_traits.h:48[m[K,
[4.591s]                  from [01m[K/usr/include/pcl-1.10/pcl/point_cloud.h:50[m[K,
[4.592s]                  from [01m[K/home/iec/colcon_ws/src/LeGO-LOAM-SR/LeGO-LOAM/include/lego_loam/utility.h:12[m[K,
[4.592s]                  from [01m[K/home/iec/colcon_ws/src/LeGO-LOAM-SR/LeGO-LOAM/src/featureAssociation.h:4[m[K,
[4.592s]                  from [01m[K/home/iec/colcon_ws/src/LeGO-LOAM-SR/LeGO-LOAM/src/featureAssociation.cpp:37[m[K:
[4.592s] [01m[K/home/iec/colcon_ws/src/LeGO-LOAM-SR/LeGO-LOAM/include/lego_loam/utility.h:151:36:[m[K [01;35m[Kwarning: [m[K‘[01m[Kusing uint16_t = uint16_t[m[K’ is deprecated: use std::uint16_t instead of pcl::uint16_t [[01;35m[K-Wdeprecated-declarations[m[K]
[4.592s]   151 |                                   ([01;35m[Kuint16_t[m[K, label, label)
[4.592s]       |                                    [01;35m[K^~~~~~~~[m[K
[4.592s] In file included from [01m[K/usr/include/pcl-1.10/pcl/PCLHeader.h:10[m[K,
[4.592s]                  from [01m[K/usr/include/pcl-1.10/pcl/point_cloud.h:47[m[K,
[4.592s]                  from [01m[K/home/iec/colcon_ws/src/LeGO-LOAM-SR/LeGO-LOAM/include/lego_loam/utility.h:12[m[K,
[4.592s]                  from [01m[K/home/iec/colcon_ws/src/LeGO-LOAM-SR/LeGO-LOAM/src/featureAssociation.h:4[m[K,
[4.592s]                  from [01m[K/home/iec/colcon_ws/src/LeGO-LOAM-SR/LeGO-LOAM/src/featureAssociation.cpp:37[m[K:
[4.592s] [01m[K/usr/include/pcl-1.10/pcl/pcl_macros.h:94:9:[m[K [01;36m[Knote: [m[Kdeclared here
[4.592s]    94 |   using [01;36m[Kuint16_t[m[K [[deprecated("use std::uint16_t instead of pcl::uint16_t")]] = std::uint16_t;
[4.592s]       |         [01;36m[K^~~~~~~~[m[K
[4.592s] In file included from [01m[K/usr/include/boost/preprocessor/tuple/elem.hpp:23[m[K,
[4.592s]                  from [01m[K/usr/include/boost/preprocessor/arithmetic/add.hpp:21[m[K,
[4.592s]                  from [01m[K/usr/include/boost/mpl/aux_/preprocessor/def_params_tail.hpp:66[m[K,
[4.592s]                  from [01m[K/usr/include/boost/mpl/aux_/na_spec.hpp:28[m[K,
[4.593s]                  from [01m[K/usr/include/boost/mpl/not.hpp:20[m[K,
[4.593s]                  from [01m[K/usr/include/boost/mpl/assert.hpp:17[m[K,
[4.593s]                  from [01m[K/usr/include/pcl-1.10/pcl/point_traits.h:48[m[K,
[4.593s]                  from [01m[K/usr/include/pcl-1.10/pcl/point_cloud.h:50[m[K,
[4.593s]                  from [01m[K/home/iec/colcon_ws/src/LeGO-LOAM-SR/LeGO-LOAM/include/lego_loam/utility.h:12[m[K,
[4.593s]                  from [01m[K/home/iec/colcon_ws/src/LeGO-LOAM-SR/LeGO-LOAM/src/featureAssociation.h:4[m[K,
[4.593s]                  from [01m[K/home/iec/colcon_ws/src/LeGO-LOAM-SR/LeGO-LOAM/src/featureAssociation.cpp:37[m[K:
[4.593s] [01m[K/home/iec/colcon_ws/src/LeGO-LOAM-SR/LeGO-LOAM/include/lego_loam/utility.h:152:36:[m[K [01;35m[Kwarning: [m[K‘[01m[Kusing uint16_t = uint16_t[m[K’ is deprecated: use std::uint16_t instead of pcl::uint16_t [[01;35m[K-Wdeprecated-declarations[m[K]
[4.593s]   152 |                                   ([01;35m[Kuint16_t[m[K, id, id))
[4.593s]       |                                    [01;35m[K^~~~~~~~[m[K
[4.593s] In file included from [01m[K/usr/include/pcl-1.10/pcl/PCLHeader.h:10[m[K,
[4.593s]                  from [01m[K/usr/include/pcl-1.10/pcl/point_cloud.h:47[m[K,
[4.593s]                  from [01m[K/home/iec/colcon_ws/src/LeGO-LOAM-SR/LeGO-LOAM/include/lego_loam/utility.h:12[m[K,
[4.593s]                  from [01m[K/home/iec/colcon_ws/src/LeGO-LOAM-SR/LeGO-LOAM/src/featureAssociation.h:4[m[K,
[4.593s]                  from [01m[K/home/iec/colcon_ws/src/LeGO-LOAM-SR/LeGO-LOAM/src/featureAssociation.cpp:37[m[K:
[4.593s] [01m[K/usr/include/pcl-1.10/pcl/pcl_macros.h:94:9:[m[K [01;36m[Knote: [m[Kdeclared here
[4.593s]    94 |   using [01;36m[Kuint16_t[m[K [[deprecated("use std::uint16_t instead of pcl::uint16_t")]] = std::uint16_t;
[4.593s]       |         [01;36m[K^~~~~~~~[m[K
[4.763s] [01m[K/home/iec/colcon_ws/src/LeGO-LOAM-SR/LeGO-LOAM/src/featureAssociation.cpp:[m[K In constructor ‘[01m[KFeatureAssociation::FeatureAssociation(const string&, Channel<ProjectionOut>&, Channel<AssociationOut>&)[m[K’:
[4.763s] [01m[K/home/iec/colcon_ws/src/LeGO-LOAM-SR/LeGO-LOAM/src/featureAssociation.cpp:94:47:[m[K [01;35m[Kwarning: [m[K‘[01m[Kconst rclcpp::ParameterValue& rclcpp::Node::declare_parameter(const string&)[m[K’ is deprecated: declare_parameter() with only a name is deprecated and will be deleted in the future.\nIf you want to declare a parameter that won't change type without a default value use:\n`node->declare_parameter<ParameterT>(name)`, where e.g. ParameterT=int64_t.\n\nIf you want to declare a parameter that can dynamically change type use:\n```\nrcl_interfaces::msg::ParameterDescriptor descriptor;\ndescriptor.dynamic_typing = true;\nnode->declare_parameter(name, rclcpp::ParameterValue{}, descriptor);\n``` [[01;35m[K-Wdeprecated-declarations[m[K]
[4.763s]    94 |   this->declare_parameter(PARAM_VERTICAL_SCANS[01;35m[K)[m[K;
[4.763s]       |                                               [01;35m[K^[m[K
[4.763s] In file included from [01m[K/opt/ros/galactic/include/rclcpp/executors/single_threaded_executor.hpp:28[m[K,
[4.763s]                  from [01m[K/opt/ros/galactic/include/rclcpp/executors.hpp:22[m[K,
[4.763s]                  from [01m[K/opt/ros/galactic/include/rclcpp/rclcpp.hpp:156[m[K,
[4.763s]                  from [01m[K/home/iec/colcon_ws/src/LeGO-LOAM-SR/LeGO-LOAM/include/lego_loam/utility.h:5[m[K,
[4.763s]                  from [01m[K/home/iec/colcon_ws/src/LeGO-LOAM-SR/LeGO-LOAM/src/featureAssociation.h:4[m[K,
[4.763s]                  from [01m[K/home/iec/colcon_ws/src/LeGO-LOAM-SR/LeGO-LOAM/src/featureAssociation.cpp:37[m[K:
[4.763s] [01m[K/opt/ros/galactic/include/rclcpp/node.hpp:422:3:[m[K [01;36m[Knote: [m[Kdeclared here
[4.764s]   422 |   [01;36m[Kdeclare_parameter[m[K(const std::string & name);
[4.764s]       |   [01;36m[K^~~~~~~~~~~~~~~~~[m[K
[4.764s] [01m[K/home/iec/colcon_ws/src/LeGO-LOAM-SR/LeGO-LOAM/src/featureAssociation.cpp:95:49:[m[K [01;35m[Kwarning: [m[K‘[01m[Kconst rclcpp::ParameterValue& rclcpp::Node::declare_parameter(const string&)[m[K’ is deprecated: declare_parameter() with only a name is deprecated and will be deleted in the future.\nIf you want to declare a parameter that won't change type without a default value use:\n`node->declare_parameter<ParameterT>(name)`, where e.g. ParameterT=int64_t.\n\nIf you want to declare a parameter that can dynamically change type use:\n```\nrcl_interfaces::msg::ParameterDescriptor descriptor;\ndescriptor.dynamic_typing = true;\nnode->declare_parameter(name, rclcpp::ParameterValue{}, descriptor);\n``` [[01;35m[K-Wdeprecated-declarations[m[K]
[4.764s]    95 |   this->declare_parameter(PARAM_HORIZONTAL_SCANS[01;35m[K)[m[K;
[4.764s]       |                                                 [01;35m[K^[m[K
[4.764s] In file included from [01m[K/opt/ros/galactic/include/rclcpp/executors/single_threaded_executor.hpp:28[m[K,
[4.764s]                  from [01m[K/opt/ros/galactic/include/rclcpp/executors.hpp:22[m[K,
[4.764s]                  from [01m[K/opt/ros/galactic/include/rclcpp/rclcpp.hpp:156[m[K,
[4.764s]                  from [01m[K/home/iec/colcon_ws/src/LeGO-LOAM-SR/LeGO-LOAM/include/lego_loam/utility.h:5[m[K,
[4.764s]                  from [01m[K/home/iec/colcon_ws/src/LeGO-LOAM-SR/LeGO-LOAM/src/featureAssociation.h:4[m[K,
[4.764s]                  from [01m[K/home/iec/colcon_ws/src/LeGO-LOAM-SR/LeGO-LOAM/src/featureAssociation.cpp:37[m[K:
[4.764s] [01m[K/opt/ros/galactic/include/rclcpp/node.hpp:422:3:[m[K [01;36m[Knote: [m[Kdeclared here
[4.764s]   422 |   [01;36m[Kdeclare_parameter[m[K(const std::string & name);
[4.764s]       |   [01;36m[K^~~~~~~~~~~~~~~~~[m[K
[4.764s] [01m[K/home/iec/colcon_ws/src/LeGO-LOAM-SR/LeGO-LOAM/src/featureAssociation.cpp:96:44:[m[K [01;35m[Kwarning: [m[K‘[01m[Kconst rclcpp::ParameterValue& rclcpp::Node::declare_parameter(const string&)[m[K’ is deprecated: declare_parameter() with only a name is deprecated and will be deleted in the future.\nIf you want to declare a parameter that won't change type without a default value use:\n`node->declare_parameter<ParameterT>(name)`, where e.g. ParameterT=int64_t.\n\nIf you want to declare a parameter that can dynamically change type use:\n```\nrcl_interfaces::msg::ParameterDescriptor descriptor;\ndescriptor.dynamic_typing = true;\nnode->declare_parameter(name, rclcpp::ParameterValue{}, descriptor);\n``` [[01;35m[K-Wdeprecated-declarations[m[K]
[4.764s]    96 |   this->declare_parameter(PARAM_SCAN_PERIOD[01;35m[K)[m[K;
[4.764s]       |                                            [01;35m[K^[m[K
[4.764s] In file included from [01m[K/opt/ros/galactic/include/rclcpp/executors/single_threaded_executor.hpp:28[m[K,
[4.765s]                  from [01m[K/opt/ros/galactic/include/rclcpp/executors.hpp:22[m[K,
[4.765s]                  from [01m[K/opt/ros/galactic/include/rclcpp/rclcpp.hpp:156[m[K,
[4.765s]                  from [01m[K/home/iec/colcon_ws/src/LeGO-LOAM-SR/LeGO-LOAM/include/lego_loam/utility.h:5[m[K,
[4.765s]                  from [01m[K/home/iec/colcon_ws/src/LeGO-LOAM-SR/LeGO-LOAM/src/featureAssociation.h:4[m[K,
[4.765s]                  from [01m[K/home/iec/colcon_ws/src/LeGO-LOAM-SR/LeGO-LOAM/src/featureAssociation.cpp:37[m[K:
[4.765s] [01m[K/opt/ros/galactic/include/rclcpp/node.hpp:422:3:[m[K [01;36m[Knote: [m[Kdeclared here
[4.765s]   422 |   [01;36m[Kdeclare_parameter[m[K(const std::string & name);
[4.765s]       |   [01;36m[K^~~~~~~~~~~~~~~~~[m[K
[4.765s] [01m[K/home/iec/colcon_ws/src/LeGO-LOAM-SR/LeGO-LOAM/src/featureAssociation.cpp:97:53:[m[K [01;35m[Kwarning: [m[K‘[01m[Kconst rclcpp::ParameterValue& rclcpp::Node::declare_parameter(const string&)[m[K’ is deprecated: declare_parameter() with only a name is deprecated and will be deleted in the future.\nIf you want to declare a parameter that won't change type without a default value use:\n`node->declare_parameter<ParameterT>(name)`, where e.g. ParameterT=int64_t.\n\nIf you want to declare a parameter that can dynamically change type use:\n```\nrcl_interfaces::msg::ParameterDescriptor descriptor;\ndescriptor.dynamic_typing = true;\nnode->declare_parameter(name, rclcpp::ParameterValue{}, descriptor);\n``` [[01;35m[K-Wdeprecated-declarations[m[K]
[4.765s]    97 |   this->declare_parameter(PARAM_USE_IMU_UNDISTORTION[01;35m[K)[m[K;
[4.765s]       |                                                     [01;35m[K^[m[K
[4.765s] In file included from [01m[K/opt/ros/galactic/include/rclcpp/executors/single_threaded_executor.hpp:28[m[K,
[4.765s]                  from [01m[K/opt/ros/galactic/include/rclcpp/executors.hpp:22[m[K,
[4.765s]                  from [01m[K/opt/ros/galactic/include/rclcpp/rclcpp.hpp:156[m[K,
[4.765s]                  from [01m[K/home/iec/colcon_ws/src/LeGO-LOAM-SR/LeGO-LOAM/include/lego_loam/utility.h:5[m[K,
[4.765s]                  from [01m[K/home/iec/colcon_ws/src/LeGO-LOAM-SR/LeGO-LOAM/src/featureAssociation.h:4[m[K,
[4.765s]                  from [01m[K/home/iec/colcon_ws/src/LeGO-LOAM-SR/LeGO-LOAM/src/featureAssociation.cpp:37[m[K:
[4.765s] [01m[K/opt/ros/galactic/include/rclcpp/node.hpp:422:3:[m[K [01;36m[Knote: [m[Kdeclared here
[4.766s]   422 |   [01;36m[Kdeclare_parameter[m[K(const std::string & name);
[4.766s]       |   [01;36m[K^~~~~~~~~~~~~~~~~[m[K
[4.766s] [01m[K/home/iec/colcon_ws/src/LeGO-LOAM-SR/LeGO-LOAM/src/featureAssociation.cpp:98:45:[m[K [01;35m[Kwarning: [m[K‘[01m[Kconst rclcpp::ParameterValue& rclcpp::Node::declare_parameter(const string&)[m[K’ is deprecated: declare_parameter() with only a name is deprecated and will be deleted in the future.\nIf you want to declare a parameter that won't change type without a default value use:\n`node->declare_parameter<ParameterT>(name)`, where e.g. ParameterT=int64_t.\n\nIf you want to declare a parameter that can dynamically change type use:\n```\nrcl_interfaces::msg::ParameterDescriptor descriptor;\ndescriptor.dynamic_typing = true;\nnode->declare_parameter(name, rclcpp::ParameterValue{}, descriptor);\n``` [[01;35m[K-Wdeprecated-declarations[m[K]
[4.766s]    98 |   this->declare_parameter(PARAM_FREQ_DIVIDER[01;35m[K)[m[K;
[4.766s]       |                                             [01;35m[K^[m[K
[4.766s] In file included from [01m[K/opt/ros/galactic/include/rclcpp/executors/single_threaded_executor.hpp:28[m[K,
[4.766s]                  from [01m[K/opt/ros/galactic/include/rclcpp/executors.hpp:22[m[K,
[4.766s]                  from [01m[K/opt/ros/galactic/include/rclcpp/rclcpp.hpp:156[m[K,
[4.766s]                  from [01m[K/home/iec/colcon_ws/src/LeGO-LOAM-SR/LeGO-LOAM/include/lego_loam/utility.h:5[m[K,
[4.766s]                  from [01m[K/home/iec/colcon_ws/src/LeGO-LOAM-SR/LeGO-LOAM/src/featureAssociation.h:4[m[K,
[4.766s]                  from [01m[K/home/iec/colcon_ws/src/LeGO-LOAM-SR/LeGO-LOAM/src/featureAssociation.cpp:37[m[K:
[4.766s] [01m[K/opt/ros/galactic/include/rclcpp/node.hpp:422:3:[m[K [01;36m[Knote: [m[Kdeclared here
[4.766s]   422 |   [01;36m[Kdeclare_parameter[m[K(const std::string & name);
[4.766s]       |   [01;36m[K^~~~~~~~~~~~~~~~~[m[K
[4.766s] [01m[K/home/iec/colcon_ws/src/LeGO-LOAM-SR/LeGO-LOAM/src/featureAssociation.cpp:99:47:[m[K [01;35m[Kwarning: [m[K‘[01m[Kconst rclcpp::ParameterValue& rclcpp::Node::declare_parameter(const string&)[m[K’ is deprecated: declare_parameter() with only a name is deprecated and will be deleted in the future.\nIf you want to declare a parameter that won't change type without a default value use:\n`node->declare_parameter<ParameterT>(name)`, where e.g. ParameterT=int64_t.\n\nIf you want to declare a parameter that can dynamically change type use:\n```\nrcl_interfaces::msg::ParameterDescriptor descriptor;\ndescriptor.dynamic_typing = true;\nnode->declare_parameter(name, rclcpp::ParameterValue{}, descriptor);\n``` [[01;35m[K-Wdeprecated-declarations[m[K]
[4.766s]    99 |   this->declare_parameter(PARAM_EDGE_THRESHOLD[01;35m[K)[m[K;
[4.766s]       |                                               [01;35m[K^[m[K
[4.767s] In file included from [01m[K/opt/ros/galactic/include/rclcpp/executors/single_threaded_executor.hpp:28[m[K,
[4.767s]                  from [01m[K/opt/ros/galactic/include/rclcpp/executors.hpp:22[m[K,
[4.767s]                  from [01m[K/opt/ros/galactic/include/rclcpp/rclcpp.hpp:156[m[K,
[4.767s]                  from [01m[K/home/iec/colcon_ws/src/LeGO-LOAM-SR/LeGO-LOAM/include/lego_loam/utility.h:5[m[K,
[4.767s]                  from [01m[K/home/iec/colcon_ws/src/LeGO-LOAM-SR/LeGO-LOAM/src/featureAssociation.h:4[m[K,
[4.767s]                  from [01m[K/home/iec/colcon_ws/src/LeGO-LOAM-SR/LeGO-LOAM/src/featureAssociation.cpp:37[m[K:
[4.767s] [01m[K/opt/ros/galactic/include/rclcpp/node.hpp:422:3:[m[K [01;36m[Knote: [m[Kdeclared here
[4.767s]   422 |   [01;36m[Kdeclare_parameter[m[K(const std::string & name);
[4.767s]       |   [01;36m[K^~~~~~~~~~~~~~~~~[m[K
[4.767s] [01m[K/home/iec/colcon_ws/src/LeGO-LOAM-SR/LeGO-LOAM/src/featureAssociation.cpp:100:47:[m[K [01;35m[Kwarning: [m[K‘[01m[Kconst rclcpp::ParameterValue& rclcpp::Node::declare_parameter(const string&)[m[K’ is deprecated: declare_parameter() with only a name is deprecated and will be deleted in the future.\nIf you want to declare a parameter that won't change type without a default value use:\n`node->declare_parameter<ParameterT>(name)`, where e.g. ParameterT=int64_t.\n\nIf you want to declare a parameter that can dynamically change type use:\n```\nrcl_interfaces::msg::ParameterDescriptor descriptor;\ndescriptor.dynamic_typing = true;\nnode->declare_parameter(name, rclcpp::ParameterValue{}, descriptor);\n``` [[01;35m[K-Wdeprecated-declarations[m[K]
[4.767s]   100 |   this->declare_parameter(PARAM_SURF_THRESHOLD[01;35m[K)[m[K;
[4.767s]       |                                               [01;35m[K^[m[K
[4.767s] In file included from [01m[K/opt/ros/galactic/include/rclcpp/executors/single_threaded_executor.hpp:28[m[K,
[4.767s]                  from [01m[K/opt/ros/galactic/include/rclcpp/executors.hpp:22[m[K,
[4.767s]                  from [01m[K/opt/ros/galactic/include/rclcpp/rclcpp.hpp:156[m[K,
[4.767s]                  from [01m[K/home/iec/colcon_ws/src/LeGO-LOAM-SR/LeGO-LOAM/include/lego_loam/utility.h:5[m[K,
[4.767s]                  from [01m[K/home/iec/colcon_ws/src/LeGO-LOAM-SR/LeGO-LOAM/src/featureAssociation.h:4[m[K,
[4.768s]                  from [01m[K/home/iec/colcon_ws/src/LeGO-LOAM-SR/LeGO-LOAM/src/featureAssociation.cpp:37[m[K:
[4.768s] [01m[K/opt/ros/galactic/include/rclcpp/node.hpp:422:3:[m[K [01;36m[Knote: [m[Kdeclared here
[4.768s]   422 |   [01;36m[Kdeclare_parameter[m[K(const std::string & name);
[4.768s]       |   [01;36m[K^~~~~~~~~~~~~~~~~[m[K
[4.768s] [01m[K/home/iec/colcon_ws/src/LeGO-LOAM-SR/LeGO-LOAM/src/featureAssociation.cpp:101:41:[m[K [01;35m[Kwarning: [m[K‘[01m[Kconst rclcpp::ParameterValue& rclcpp::Node::declare_parameter(const string&)[m[K’ is deprecated: declare_parameter() with only a name is deprecated and will be deleted in the future.\nIf you want to declare a parameter that won't change type without a default value use:\n`node->declare_parameter<ParameterT>(name)`, where e.g. ParameterT=int64_t.\n\nIf you want to declare a parameter that can dynamically change type use:\n```\nrcl_interfaces::msg::ParameterDescriptor descriptor;\ndescriptor.dynamic_typing = true;\nnode->declare_parameter(name, rclcpp::ParameterValue{}, descriptor);\n``` [[01;35m[K-Wdeprecated-declarations[m[K]
[4.768s]   101 |   this->declare_parameter(PARAM_DISTANCE[01;35m[K)[m[K;
[4.768s]       |                                         [01;35m[K^[m[K
[4.768s] In file included from [01m[K/opt/ros/galactic/include/rclcpp/executors/single_threaded_executor.hpp:28[m[K,
[4.768s]                  from [01m[K/opt/ros/galactic/include/rclcpp/executors.hpp:22[m[K,
[4.768s]                  from [01m[K/opt/ros/galactic/include/rclcpp/rclcpp.hpp:156[m[K,
[4.768s]                  from [01m[K/home/iec/colcon_ws/src/LeGO-LOAM-SR/LeGO-LOAM/include/lego_loam/utility.h:5[m[K,
[4.768s]                  from [01m[K/home/iec/colcon_ws/src/LeGO-LOAM-SR/LeGO-LOAM/src/featureAssociation.h:4[m[K,
[4.768s]                  from [01m[K/home/iec/colcon_ws/src/LeGO-LOAM-SR/LeGO-LOAM/src/featureAssociation.cpp:37[m[K:
[4.768s] [01m[K/opt/ros/galactic/include/rclcpp/node.hpp:422:3:[m[K [01;36m[Knote: [m[Kdeclared here
[4.768s]   422 |   [01;36m[Kdeclare_parameter[m[K(const std::string & name);
[4.768s]       |   [01;36m[K^~~~~~~~~~~~~~~~~[m[K
[4.768s] [01m[K/home/iec/colcon_ws/src/LeGO-LOAM-SR/LeGO-LOAM/src/featureAssociation.cpp:102:45:[m[K [01;35m[Kwarning: [m[K‘[01m[Kconst rclcpp::ParameterValue& rclcpp::Node::declare_parameter(const string&)[m[K’ is deprecated: declare_parameter() with only a name is deprecated and will be deleted in the future.\nIf you want to declare a parameter that won't change type without a default value use:\n`node->declare_parameter<ParameterT>(name)`, where e.g. ParameterT=int64_t.\n\nIf you want to declare a parameter that can dynamically change type use:\n```\nrcl_interfaces::msg::ParameterDescriptor descriptor;\ndescriptor.dynamic_typing = true;\nnode->declare_parameter(name, rclcpp::ParameterValue{}, descriptor);\n``` [[01;35m[K-Wdeprecated-declarations[m[K]
[4.769s]   102 |   this->declare_parameter(PARAM_ANGLE_BOTTOM[01;35m[K)[m[K;
[4.769s]       |                                             [01;35m[K^[m[K
[4.769s] In file included from [01m[K/opt/ros/galactic/include/rclcpp/executors/single_threaded_executor.hpp:28[m[K,
[4.769s]                  from [01m[K/opt/ros/galactic/include/rclcpp/executors.hpp:22[m[K,
[4.769s]                  from [01m[K/opt/ros/galactic/include/rclcpp/rclcpp.hpp:156[m[K,
[4.769s]                  from [01m[K/home/iec/colcon_ws/src/LeGO-LOAM-SR/LeGO-LOAM/include/lego_loam/utility.h:5[m[K,
[4.769s]                  from [01m[K/home/iec/colcon_ws/src/LeGO-LOAM-SR/LeGO-LOAM/src/featureAssociation.h:4[m[K,
[4.769s]                  from [01m[K/home/iec/colcon_ws/src/LeGO-LOAM-SR/LeGO-LOAM/src/featureAssociation.cpp:37[m[K:
[4.769s] [01m[K/opt/ros/galactic/include/rclcpp/node.hpp:422:3:[m[K [01;36m[Knote: [m[Kdeclared here
[4.769s]   422 |   [01;36m[Kdeclare_parameter[m[K(const std::string & name);
[4.769s]       |   [01;36m[K^~~~~~~~~~~~~~~~~[m[K
[4.769s] [01m[K/home/iec/colcon_ws/src/LeGO-LOAM-SR/LeGO-LOAM/src/featureAssociation.cpp:103:42:[m[K [01;35m[Kwarning: [m[K‘[01m[Kconst rclcpp::ParameterValue& rclcpp::Node::declare_parameter(const string&)[m[K’ is deprecated: declare_parameter() with only a name is deprecated and will be deleted in the future.\nIf you want to declare a parameter that won't change type without a default value use:\n`node->declare_parameter<ParameterT>(name)`, where e.g. ParameterT=int64_t.\n\nIf you want to declare a parameter that can dynamically change type use:\n```\nrcl_interfaces::msg::ParameterDescriptor descriptor;\ndescriptor.dynamic_typing = true;\nnode->declare_parameter(name, rclcpp::ParameterValue{}, descriptor);\n``` [[01;35m[K-Wdeprecated-declarations[m[K]
[4.769s]   103 |   this->declare_parameter(PARAM_ANGLE_TOP[01;35m[K)[m[K;
[4.769s]       |                                          [01;35m[K^[m[K
[4.769s] In file included from [01m[K/opt/ros/galactic/include/rclcpp/executors/single_threaded_executor.hpp:28[m[K,
[4.769s]                  from [01m[K/opt/ros/galactic/include/rclcpp/executors.hpp:22[m[K,
[4.770s]                  from [01m[K/opt/ros/galactic/include/rclcpp/rclcpp.hpp:156[m[K,
[4.770s]                  from [01m[K/home/iec/colcon_ws/src/LeGO-LOAM-SR/LeGO-LOAM/include/lego_loam/utility.h:5[m[K,
[4.770s]                  from [01m[K/home/iec/colcon_ws/src/LeGO-LOAM-SR/LeGO-LOAM/src/featureAssociation.h:4[m[K,
[4.770s]                  from [01m[K/home/iec/colcon_ws/src/LeGO-LOAM-SR/LeGO-LOAM/src/featureAssociation.cpp:37[m[K:
[4.770s] [01m[K/opt/ros/galactic/include/rclcpp/node.hpp:422:3:[m[K [01;36m[Knote: [m[Kdeclared here
[4.770s]   422 |   [01;36m[Kdeclare_parameter[m[K(const std::string & name);
[4.770s]       |   [01;36m[K^~~~~~~~~~~~~~~~~[m[K
[4.770s] [01m[K/home/iec/colcon_ws/src/LeGO-LOAM-SR/LeGO-LOAM/src/featureAssociation.cpp:104:37:[m[K [01;35m[Kwarning: [m[K‘[01m[Kconst rclcpp::ParameterValue& rclcpp::Node::declare_parameter(const string&)[m[K’ is deprecated: declare_parameter() with only a name is deprecated and will be deleted in the future.\nIf you want to declare a parameter that won't change type without a default value use:\n`node->declare_parameter<ParameterT>(name)`, where e.g. ParameterT=int64_t.\n\nIf you want to declare a parameter that can dynamically change type use:\n```\nrcl_interfaces::msg::ParameterDescriptor descriptor;\ndescriptor.dynamic_typing = true;\nnode->declare_parameter(name, rclcpp::ParameterValue{}, descriptor);\n``` [[01;35m[K-Wdeprecated-declarations[m[K]
[4.770s]   104 |   this->declare_parameter(PARAM_DBFr[01;35m[K)[m[K;
[4.770s]       |                                     [01;35m[K^[m[K
[4.770s] In file included from [01m[K/opt/ros/galactic/include/rclcpp/executors/single_threaded_executor.hpp:28[m[K,
[4.770s]                  from [01m[K/opt/ros/galactic/include/rclcpp/executors.hpp:22[m[K,
[4.770s]                  from [01m[K/opt/ros/galactic/include/rclcpp/rclcpp.hpp:156[m[K,
[4.770s]                  from [01m[K/home/iec/colcon_ws/src/LeGO-LOAM-SR/LeGO-LOAM/include/lego_loam/utility.h:5[m[K,
[4.770s]                  from [01m[K/home/iec/colcon_ws/src/LeGO-LOAM-SR/LeGO-LOAM/src/featureAssociation.h:4[m[K,
[4.770s]                  from [01m[K/home/iec/colcon_ws/src/LeGO-LOAM-SR/LeGO-LOAM/src/featureAssociation.cpp:37[m[K:
[4.770s] [01m[K/opt/ros/galactic/include/rclcpp/node.hpp:422:3:[m[K [01;36m[Knote: [m[Kdeclared here
[4.770s]   422 |   [01;36m[Kdeclare_parameter[m[K(const std::string & name);
[4.771s]       |   [01;36m[K^~~~~~~~~~~~~~~~~[m[K
[4.771s] [01m[K/home/iec/colcon_ws/src/LeGO-LOAM-SR/LeGO-LOAM/src/featureAssociation.cpp:105:40:[m[K [01;35m[Kwarning: [m[K‘[01m[Kconst rclcpp::ParameterValue& rclcpp::Node::declare_parameter(const string&)[m[K’ is deprecated: declare_parameter() with only a name is deprecated and will be deleted in the future.\nIf you want to declare a parameter that won't change type without a default value use:\n`node->declare_parameter<ParameterT>(name)`, where e.g. ParameterT=int64_t.\n\nIf you want to declare a parameter that can dynamically change type use:\n```\nrcl_interfaces::msg::ParameterDescriptor descriptor;\ndescriptor.dynamic_typing = true;\nnode->declare_parameter(name, rclcpp::ParameterValue{}, descriptor);\n``` [[01;35m[K-Wdeprecated-declarations[m[K]
[4.771s]   105 |   this->declare_parameter(PARAM_RatioXY[01;35m[K)[m[K;
[4.771s]       |                                        [01;35m[K^[m[K
[4.771s] In file included from [01m[K/opt/ros/galactic/include/rclcpp/executors/single_threaded_executor.hpp:28[m[K,
[4.771s]                  from [01m[K/opt/ros/galactic/include/rclcpp/executors.hpp:22[m[K,
[4.771s]                  from [01m[K/opt/ros/galactic/include/rclcpp/rclcpp.hpp:156[m[K,
[4.771s]                  from [01m[K/home/iec/colcon_ws/src/LeGO-LOAM-SR/LeGO-LOAM/include/lego_loam/utility.h:5[m[K,
[4.771s]                  from [01m[K/home/iec/colcon_ws/src/LeGO-LOAM-SR/LeGO-LOAM/src/featureAssociation.h:4[m[K,
[4.771s]                  from [01m[K/home/iec/colcon_ws/src/LeGO-LOAM-SR/LeGO-LOAM/src/featureAssociation.cpp:37[m[K:
[4.771s] [01m[K/opt/ros/galactic/include/rclcpp/node.hpp:422:3:[m[K [01;36m[Knote: [m[Kdeclared here
[4.771s]   422 |   [01;36m[Kdeclare_parameter[m[K(const std::string & name);
[4.771s]       |   [01;36m[K^~~~~~~~~~~~~~~~~[m[K
[4.771s] [01m[K/home/iec/colcon_ws/src/LeGO-LOAM-SR/LeGO-LOAM/src/featureAssociation.cpp:106:39:[m[K [01;35m[Kwarning: [m[K‘[01m[Kconst rclcpp::ParameterValue& rclcpp::Node::declare_parameter(const string&)[m[K’ is deprecated: declare_parameter() with only a name is deprecated and will be deleted in the future.\nIf you want to declare a parameter that won't change type without a default value use:\n`node->declare_parameter<ParameterT>(name)`, where e.g. ParameterT=int64_t.\n\nIf you want to declare a parameter that can dynamically change type use:\n```\nrcl_interfaces::msg::ParameterDescriptor descriptor;\ndescriptor.dynamic_typing = true;\nnode->declare_parameter(name, rclcpp::ParameterValue{}, descriptor);\n``` [[01;35m[K-Wdeprecated-declarations[m[K]
[4.771s]   106 |   this->declare_parameter(PARAM_RatioZ[01;35m[K)[m[K;
[4.771s]       |                                       [01;35m[K^[m[K
[4.771s] In file included from [01m[K/opt/ros/galactic/include/rclcpp/executors/single_threaded_executor.hpp:28[m[K,
[4.771s]                  from [01m[K/opt/ros/galactic/include/rclcpp/executors.hpp:22[m[K,
[4.772s]                  from [01m[K/opt/ros/galactic/include/rclcpp/rclcpp.hpp:156[m[K,
[4.772s]                  from [01m[K/home/iec/colcon_ws/src/LeGO-LOAM-SR/LeGO-LOAM/include/lego_loam/utility.h:5[m[K,
[4.772s]                  from [01m[K/home/iec/colcon_ws/src/LeGO-LOAM-SR/LeGO-LOAM/src/featureAssociation.h:4[m[K,
[4.772s]                  from [01m[K/home/iec/colcon_ws/src/LeGO-LOAM-SR/LeGO-LOAM/src/featureAssociation.cpp:37[m[K:
[4.772s] [01m[K/opt/ros/galactic/include/rclcpp/node.hpp:422:3:[m[K [01;36m[Knote: [m[Kdeclared here
[4.772s]   422 |   [01;36m[Kdeclare_parameter[m[K(const std::string & name);
[4.772s]       |   [01;36m[K^~~~~~~~~~~~~~~~~[m[K
[4.772s] [01m[K/home/iec/colcon_ws/src/LeGO-LOAM-SR/LeGO-LOAM/src/featureAssociation.cpp:[m[K In destructor ‘[01m[Kvirtual FeatureAssociation::~FeatureAssociation()[m[K’:
[4.772s] [01m[K/home/iec/colcon_ws/src/LeGO-LOAM-SR/LeGO-LOAM/src/featureAssociation.cpp:162:25:[m[K [01;35m[Kwarning: [m[Kconverting to ‘[01m[Kcloud_msgs::msg::CloudInfo[m[K’ {aka ‘[01m[Kcloud_msgs::msg::CloudInfo_<std::allocator<void> >[m[K’} from initializer list would use explicit constructor ‘[01m[Kcloud_msgs::msg::CloudInfo_<ContainerAllocator>::CloudInfo_(rosidl_runtime_cpp::MessageInitialization) [with ContainerAllocator = std::allocator<void>][m[K’
[4.772s]   162 |   _input_channel.send({}[01;35m[K)[m[K;
[4.772s]       |                         [01;35m[K^[m[K
[4.772s] [01m[K/home/iec/colcon_ws/src/LeGO-LOAM-SR/LeGO-LOAM/src/featureAssociation.cpp:162:25:[m[K [01;36m[Knote: [m[Kin C++11 and above a default constructor can be explicit
[4.779s] [01m[K/home/iec/colcon_ws/src/LeGO-LOAM-SR/LeGO-LOAM/src/featureAssociation.cpp:[m[K In member function ‘[01m[Kvoid FeatureAssociation::jointStateCallback(sensor_msgs::msg::JointState_<std::allocator<void> >::SharedPtr)[m[K’:
[4.779s] [01m[K/home/iec/colcon_ws/src/LeGO-LOAM-SR/LeGO-LOAM/src/featureAssociation.cpp:379:20:[m[K [01;35m[Kwarning: [m[Kunused variable ‘[01m[Kvalue[m[K’ [[01;35m[K-Wunused-variable[m[K]
[4.779s]   379 |             double [01;35m[Kvalue[m[K = msg->position[i];
[4.779s]       |                    [01;35m[K^~~~~[m[K
[5.031s] [01m[K/home/iec/colcon_ws/src/LeGO-LOAM-SR/LeGO-LOAM/src/featureAssociation.cpp:[m[K In member function ‘[01m[Kvoid FeatureAssociation::updateInitialGuess()[m[K’:
[5.031s] [01m[K/home/iec/colcon_ws/src/LeGO-LOAM-SR/LeGO-LOAM/src/featureAssociation.cpp:2111:32:[m[K [01;31m[Kerror: [m[Kinvalid types ‘[01m[KEigen::DenseCoeffsBase<Eigen::Matrix<double, 3, 3>, 1>::Scalar {aka double}[int][m[K’ for array subscript
[5.031s]  2111 |             std::cout << a[i][j[01;31m[K][m[K << " ";
[5.031s]       |                                [01;31m[K^[m[K
[5.048s] [01m[K/home/iec/colcon_ws/src/LeGO-LOAM-SR/LeGO-LOAM/src/featureAssociation.cpp:[m[K In member function ‘[01m[Kvoid FeatureAssociation::runFeatureAssociation()[m[K’:
[5.048s] [01m[K/home/iec/colcon_ws/src/LeGO-LOAM-SR/LeGO-LOAM/src/featureAssociation.cpp:2465:11:[m[K [01;35m[Kwarning: [m[Kunused variable ‘[01m[Kgseg_Hz2[m[K’ [[01;35m[K-Wunused-variable[m[K]
[5.048s]  2465 |     float [01;35m[Kgseg_Hz2[m[K = (gseg_runtime_all2/gseg_runtime_list2.size())*1000;
[5.048s]       |           [01;35m[K^~~~~~~~[m[K
[5.048s] [01m[K/home/iec/colcon_ws/src/LeGO-LOAM-SR/LeGO-LOAM/src/featureAssociation.cpp:2473:11:[m[K [01;35m[Kwarning: [m[Kunused variable ‘[01m[Kodometry_itertimes[m[K’ [[01;35m[K-Wunused-variable[m[K]
[5.048s]  2473 |     float [01;35m[Kodometry_itertimes[m[K = (odometry_itertimes_all/odometry_itertimes_list.size());
[5.048s]       |           [01;35m[K^~~~~~~~~~~~~~~~~~[m[K
[5.593s] In file included from [01m[K/usr/include/eigen3/Eigen/Core:366[m[K,
[5.593s]                  from [01m[K/usr/include/eigen3/Eigen/StdVector:14[m[K,
[5.593s]                  from [01m[K/usr/include/pcl-1.10/pcl/point_cloud.h:45[m[K,
[5.593s]                  from [01m[K/home/iec/colcon_ws/src/LeGO-LOAM-SR/LeGO-LOAM/include/lego_loam/utility.h:12[m[K,
[5.593s]                  from [01m[K/home/iec/colcon_ws/src/LeGO-LOAM-SR/LeGO-LOAM/src/featureAssociation.h:4[m[K,
[5.593s]                  from [01m[K/home/iec/colcon_ws/src/LeGO-LOAM-SR/LeGO-LOAM/src/featureAssociation.cpp:37[m[K:
[5.594s] /usr/include/eigen3/Eigen/src/Core/DenseCoeffsBase.h: In instantiation of ‘[01m[KEigen::DenseCoeffsBase<Derived, 1>::Scalar& Eigen::DenseCoeffsBase<Derived, 1>::operator[](Eigen::Index) [with Derived = Eigen::Matrix<double, 3, 3>; Eigen::DenseCoeffsBase<Derived, 1>::Scalar = double; Eigen::Index = long int][m[K’:
[5.594s] [01m[K/home/iec/colcon_ws/src/LeGO-LOAM-SR/LeGO-LOAM/src/featureAssociation.cpp:2111:29:[m[K   required from here
[5.594s] [01m[K/usr/include/eigen3/Eigen/src/Core/DenseCoeffsBase.h:406:7:[m[K [01;31m[Kerror: [m[Kstatic assertion failed: THE_BRACKET_OPERATOR_IS_ONLY_FOR_VECTORS__USE_THE_PARENTHESIS_OPERATOR_INSTEAD
[5.594s]   406 |       [01;31m[KEIGEN_STATIC_ASSERT[m[K(Derived::IsVectorAtCompileTime,
[5.594s]       |       [01;31m[K^~~~~~~~~~~~~~~~~~~[m[K
[17.486s] make[2]: *** [CMakeFiles/lego_loam_sr.dir/build.make:76: CMakeFiles/lego_loam_sr.dir/src/featureAssociation.cpp.o] Error 1
[17.486s] make[1]: *** [CMakeFiles/Makefile2:78: CMakeFiles/lego_loam_sr.dir/all] Error 2
[17.487s] make: *** [Makefile:141: all] Error 2
[17.489s] Invoked command in '/home/iec/colcon_ws/src/LeGO-LOAM-SR/build/lego_loam_sr' returned '2': CMAKE_PREFIX_PATH=/home/iec/colcon_ws/src/LeGO-LOAM-SR/install/cloud_msgs:/home/iec/colcon_ws/src/LeGO-LOAM-SR/install/lego_loam_sr:/opt/ros/galactic /usr/bin/cmake --build /home/iec/colcon_ws/src/LeGO-LOAM-SR/build/lego_loam_sr -- -j16 -l16
